#
# A fatal error has been detected by the Java Runtime Environment:
#
#  EXCEPTION_ILLEGAL_INSTRUCTION (0xc000001d) at pc=0x000007fef39f5c01, pid=4704, tid=0x000000000000040c
#
# JRE version: Java(TM) SE Runtime Environment (8.0_111-b14) (build 1.8.0_111-b14)
# Java VM: Java HotSpot(TM) 64-Bit Server VM (25.111-b14 mixed mode windows-amd64 compressed oops)
# Problematic frame:
# C  [msvcr120.dll+0x95c01]
#
# Failed to write core dump. Minidumps are not enabled by default on client versions of Windows
#
# If you would like to submit a bug report, please visit:
#   http://bugreport.java.com/bugreport/crash.jsp
# The crash happened outside the Java Virtual Machine in native code.
# See problematic frame for where to report the bug.
#

---------------  T H R E A D  ---------------

Current thread (0x0000000058b97000):  JavaThread "QuantumRenderer-0" daemon [_thread_in_native, id=1036, stack(0x0000000059550000,0x0000000059650000)]

siginfo: ExceptionCode=0xc000001d

Registers:
RAX=0x4070000000000000, RBX=0x0000000000000004, RCX=0x40737c2d01baa60a, RDX=0x7ff0000000000000
RSP=0x000000005964c980, RBP=0x000000005964d1b0, RSI=0x000000005964d1b0, RDI=0x0000000000000004
R8 =0x8000000000000000, R9 =0x00000000694cd1f0, R10=0x000000000000000c, R11=0x0000000000000111
R12=0x00000000694cd1f0, R13=0x00000000694cd050, R14=0x00000000ec8ef634, R15=0x0000000000000004
RIP=0x000007fef39f5c01, EFLAGS=0x0000000000010202

Top of Stack: (sp=0x000000005964c980)
0x000000005964c980:   000000005e57b628 0000000000427d80
0x000000005964c990:   0000000000427d80 0000000000512d00
0x000000005964c9a0:   00000000004e7922 0000000000000010
0x000000005964c9b0:   0000000000000029 0000000000420158
0x000000005964c9c0:   00000000778d7288 0000000000427d80
0x000000005964c9d0:   0000000000000060 0000000000420230
0x000000005964c9e0:   0000000000000001 0000000000420000
0x000000005964c9f0:   000000005964cc01 0000000000427d80
0x000000005964ca00:   4031a821142545b4 0000000000000000
0x000000005964ca10:   3f5208eb5f8c6000 0000000000000000
0x000000005964ca20:   00000000004b6f70 0000000000420230
0x000000005964ca30:   0000000058b85200 0000000000000029
0x000000005964ca40:   00000000694cc3f0 00000000694c3318
0x000000005964ca50:   40737c2d01baa60a 40737c2d01baa60a
0x000000005964ca60:   4031a821142545b4 0000000000420158
0x000000005964ca70:   0000000000000000 00000000000002aa 

Instructions: (pc=0x000007fef39f5c01)
0x000007fef39f5be1:   0f 10 d0 f2 0f 10 44 24 10 f2 0f 10 4c 24 20 44
0x000007fef39f5bf1:   8b 0d 15 26 02 00 e8 34 c7 00 00 e9 72 f8 ff ff
0x000007fef39f5c01:   c5 fb 11 44 24 10 c5 fb 11 4c 24 20 48 8b 54 24
0x000007fef39f5c11:   10 4c 8b 44 24 20 4c 8b 15 4a 26 02 00 4d 23 d0 


Register to memory mapping:

RAX=0x4070000000000000 is an unknown value
RBX=0x0000000000000004 is an unknown value
RCX=0x40737c2d01baa60a is an unknown value
RDX=0x7ff0000000000000 is an unknown value
RSP=0x000000005964c980 is pointing into the stack for thread: 0x0000000058b97000
RBP=0x000000005964d1b0 is pointing into the stack for thread: 0x0000000058b97000
RSI=0x000000005964d1b0 is pointing into the stack for thread: 0x0000000058b97000
RDI=0x0000000000000004 is an unknown value
R8 =0x8000000000000000 is an unknown value
R9 =0x00000000694cd1f0 is an unknown value
R10=0x000000000000000c is an unknown value
R11=0x0000000000000111 is an unknown value
R12=0x00000000694cd1f0 is an unknown value
R13=0x00000000694cd050 is an unknown value
R14=0x00000000ec8ef634 is an unknown value
R15=0x0000000000000004 is an unknown value


Stack: [0x0000000059550000,0x0000000059650000],  sp=0x000000005964c980,  free space=1010k
Native frames: (J=compiled Java code, j=interpreted, Vv=VM code, C=native code)
C  [msvcr120.dll+0x95c01]
C  [prism_common.dll+0x3318]
C  [prism_common.dll+0x1abc]
C  [prism_common.dll+0x1128]
C  [prism_common.dll+0x8b7e]
C  [prism_common.dll+0x669e]
C  [prism_common.dll+0x49af]
C  [prism_common.dll+0x4649]
C  0x0000000002bb7994

Java frames: (J=compiled Java code, j=interpreted, Vv=VM code)
j  com.sun.prism.impl.shape.NativePiscesRasterizer.produceStrokeAlphas([F[BIFIIF[FFDDDDDD[I[B)V+0
j  com.sun.prism.impl.shape.NativePiscesRasterizer.getMaskData(Lcom/sun/javafx/geom/Shape;Lcom/sun/prism/BasicStroke;Lcom/sun/javafx/geom/RectBounds;Lcom/sun/javafx/geom/transform/BaseTransform;ZZ)Lcom/sun/prism/impl/shape/MaskData;+487
j  com.sun.prism.impl.shape.ShapeUtil.rasterizeShape(Lcom/sun/javafx/geom/Shape;Lcom/sun/prism/BasicStroke;Lcom/sun/javafx/geom/RectBounds;Lcom/sun/javafx/geom/transform/BaseTransform;ZZ)Lcom/sun/prism/impl/shape/MaskData;+11
j  com.sun.prism.impl.ps.BaseShaderGraphics.renderShape(Lcom/sun/javafx/geom/Shape;Lcom/sun/prism/BasicStroke;FFFF)V+40
j  com.sun.prism.impl.BaseGraphics.draw(Lcom/sun/javafx/geom/Shape;)V+136
j  com.sun.prism.impl.ps.CachingShapeRepState.drawNoCache(Lcom/sun/prism/Graphics;Lcom/sun/javafx/geom/Shape;)V+2
j  com.sun.prism.impl.ps.CachingShapeRepState.render(Lcom/sun/prism/Graphics;Lcom/sun/javafx/geom/Shape;Lcom/sun/javafx/geom/RectBounds;Lcom/sun/prism/BasicStroke;)V+241
j  com.sun.prism.impl.ps.CachingShapeRep.draw(Lcom/sun/prism/Graphics;Lcom/sun/javafx/geom/Shape;Lcom/sun/javafx/geom/BaseBounds;)V+31
j  com.sun.javafx.sg.prism.NGShape.renderContent2D(Lcom/sun/prism/Graphics;Z)V+144
j  com.sun.javafx.sg.prism.NGShape.renderContent(Lcom/sun/prism/Graphics;)V+454
j  com.sun.javafx.sg.prism.NGNode.doRender(Lcom/sun/prism/Graphics;)V+330
j  com.sun.javafx.sg.prism.NGNode.render(Lcom/sun/prism/Graphics;)V+34
j  com.sun.javafx.sg.prism.NGGroup.renderContent(Lcom/sun/prism/Graphics;)V+160
j  com.sun.javafx.sg.prism.NGRegion.renderContent(Lcom/sun/prism/Graphics;)V+111
j  com.sun.javafx.sg.prism.NGNode.doRender(Lcom/sun/prism/Graphics;)V+330
j  com.sun.javafx.sg.prism.NGNode.render(Lcom/sun/prism/Graphics;)V+34
j  com.sun.javafx.sg.prism.NGGroup.renderContent(Lcom/sun/prism/Graphics;)V+160
j  com.sun.javafx.sg.prism.NGRegion.renderContent(Lcom/sun/prism/Graphics;)V+111
j  com.sun.javafx.sg.prism.NodeEffectInput.getImageDataForBoundedNode(Lcom/sun/scenario/effect/FilterContext;Lcom/sun/javafx/sg/prism/NGNode;Lcom/sun/javafx/sg/prism/NodeEffectInput$RenderType;Lcom/sun/javafx/geom/transform/BaseTransform;Lcom/sun/javafx/geom/Rectangle;)Lcom/sun/scenario/effect/ImageData;+103
j  com.sun.javafx.sg.prism.NodeEffectInput.filter(Lcom/sun/scenario/effect/FilterContext;Lcom/sun/javafx/geom/transform/BaseTransform;Lcom/sun/javafx/geom/Rectangle;Ljava/lang/Object;Lcom/sun/scenario/effect/Effect;)Lcom/sun/scenario/effect/ImageData;+163
j  com.sun.scenario.effect.FilterEffect.filter(Lcom/sun/scenario/effect/FilterContext;Lcom/sun/javafx/geom/transform/BaseTransform;Lcom/sun/javafx/geom/Rectangle;Ljava/lang/Object;Lcom/sun/scenario/effect/Effect;)Lcom/sun/scenario/effect/ImageData;+111
j  com.sun.scenario.effect.Offset.filter(Lcom/sun/scenario/effect/FilterContext;Lcom/sun/javafx/geom/transform/BaseTransform;Lcom/sun/javafx/geom/Rectangle;Ljava/lang/Object;Lcom/sun/scenario/effect/Effect;)Lcom/sun/scenario/effect/ImageData;+35
j  com.sun.scenario.effect.Merge.filter(Lcom/sun/scenario/effect/FilterContext;Lcom/sun/javafx/geom/transform/BaseTransform;Lcom/sun/javafx/geom/Rectangle;Ljava/lang/Object;Lcom/sun/scenario/effect/Effect;)Lcom/sun/scenario/effect/ImageData;+27
j  com.sun.scenario.effect.DelegateEffect.filter(Lcom/sun/scenario/effect/FilterContext;Lcom/sun/javafx/geom/transform/BaseTransform;Lcom/sun/javafx/geom/Rectangle;Ljava/lang/Object;Lcom/sun/scenario/effect/Effect;)Lcom/sun/scenario/effect/ImageData;+11
j  com.sun.scenario.effect.impl.prism.PrEffectHelper.render(Lcom/sun/scenario/effect/Effect;Lcom/sun/prism/Graphics;FFLcom/sun/scenario/effect/Effect;)V+511
j  com.sun.javafx.sg.prism.EffectFilter.render(Lcom/sun/prism/Graphics;)V+13
j  com.sun.javafx.sg.prism.NGNode.renderEffect(Lcom/sun/prism/Graphics;)V+5
j  com.sun.javafx.sg.prism.NGNode.doRender(Lcom/sun/prism/Graphics;)V+319
j  com.sun.javafx.sg.prism.NGNode.render(Lcom/sun/prism/Graphics;)V+34
j  com.sun.javafx.sg.prism.NGGroup.renderContent(Lcom/sun/prism/Graphics;)V+160
j  com.sun.javafx.sg.prism.NGRegion.renderContent(Lcom/sun/prism/Graphics;)V+111
j  com.sun.javafx.sg.prism.NGNode.doRender(Lcom/sun/prism/Graphics;)V+330
j  com.sun.javafx.sg.prism.NGNode.render(Lcom/sun/prism/Graphics;)V+34
j  com.sun.javafx.tk.quantum.ViewPainter.doPaint(Lcom/sun/prism/Graphics;Lcom/sun/javafx/sg/prism/NodePath;)V+201
j  com.sun.javafx.tk.quantum.ViewPainter.paintImpl(Lcom/sun/prism/Graphics;)V+982
j  com.sun.javafx.tk.quantum.PresentingPainter.run()V+326
j  java.util.concurrent.Executors$RunnableAdapter.call()Ljava/lang/Object;+4
j  java.util.concurrent.FutureTask.runAndReset()Z+47
j  com.sun.javafx.tk.RenderJob.run()V+1
j  java.util.concurrent.ThreadPoolExecutor.runWorker(Ljava/util/concurrent/ThreadPoolExecutor$Worker;)V+95
j  java.util.concurrent.ThreadPoolExecutor$Worker.run()V+5
j  com.sun.javafx.tk.quantum.QuantumRenderer$PipelineRunnable.run()V+8
j  java.lang.Thread.run()V+11
v  ~StubRoutines::call_stub

---------------  P R O C E S S  ---------------

Java Threads: ( => current thread )
  0x0000000058df1800 JavaThread "Prism Font Disposer" daemon [_thread_blocked, id=4064, stack(0x000000005e8a0000,0x000000005e9a0000)]
  0x0000000058be9000 JavaThread "Thread-3" daemon [_thread_in_native, id=2568, stack(0x000000005b8d0000,0x000000005b9d0000)]
  0x0000000058bb9800 JavaThread "JavaFX Application Thread" [_thread_blocked, id=5304, stack(0x0000000059d20000,0x0000000059e20000)]
  0x0000000058bb7000 JavaThread "Thread-2" daemon [_thread_blocked, id=3128, stack(0x0000000059b70000,0x0000000059c70000)]
=>0x0000000058b97000 JavaThread "QuantumRenderer-0" daemon [_thread_in_native, id=1036, stack(0x0000000059550000,0x0000000059650000)]
  0x0000000058b57000 JavaThread "JavaFX-Launcher" [_thread_blocked, id=5520, stack(0x0000000059300000,0x0000000059400000)]
  0x0000000058084800 JavaThread "Monitor Ctrl-Break" daemon [_thread_in_native, id=5076, stack(0x00000000586a0000,0x00000000587a0000)]
  0x0000000057df2000 JavaThread "Service Thread" daemon [_thread_blocked, id=2300, stack(0x00000000587a0000,0x00000000588a0000)]
  0x0000000057d98000 JavaThread "C1 CompilerThread2" daemon [_thread_blocked, id=3940, stack(0x0000000058560000,0x0000000058660000)]
  0x0000000057d97000 JavaThread "C2 CompilerThread1" daemon [_thread_blocked, id=5832, stack(0x00000000573d0000,0x00000000574d0000)]
  0x0000000057d94800 JavaThread "C2 CompilerThread0" daemon [_thread_blocked, id=5204, stack(0x0000000058450000,0x0000000058550000)]
  0x0000000057d90800 JavaThread "Attach Listener" daemon [_thread_blocked, id=3632, stack(0x0000000058310000,0x0000000058410000)]
  0x00000000550f4000 JavaThread "Signal Dispatcher" daemon [_thread_blocked, id=5720, stack(0x00000000561c0000,0x00000000562c0000)]
  0x00000000550d5800 JavaThread "Finalizer" daemon [_thread_blocked, id=3584, stack(0x00000000564f0000,0x00000000565f0000)]
  0x0000000055094000 JavaThread "Reference Handler" daemon [_thread_blocked, id=4364, stack(0x0000000056330000,0x0000000056430000)]
  0x00000000023e8000 JavaThread "main" [_thread_blocked, id=1868, stack(0x00000000027d0000,0x00000000028d0000)]

Other Threads:
  0x000000005508c800 VMThread [stack: 0x0000000056060000,0x0000000056160000] [id=2800]
  0x0000000057df8000 WatcherThread [stack: 0x00000000588c0000,0x00000000589c0000] [id=1688]

VM state:not at safepoint (normal execution)

VM Mutex/Monitor currently owned by a thread: None

Heap:
 PSYoungGen      total 17920K, used 8682K [0x00000000ec300000, 0x00000000ee600000, 0x0000000100000000)
  eden space 15360K, 40% used [0x00000000ec300000,0x00000000ec9028f8,0x00000000ed200000)
  from space 2560K, 98% used [0x00000000ed480000,0x00000000ed6f8040,0x00000000ed700000)
  to   space 2560K, 0% used [0x00000000ed200000,0x00000000ed200000,0x00000000ed480000)
 ParOldGen       total 40960K, used 1579K [0x00000000c4800000, 0x00000000c7000000, 0x00000000ec300000)
  object space 40960K, 3% used [0x00000000c4800000,0x00000000c498af48,0x00000000c7000000)
 Metaspace       used 16623K, capacity 17370K, committed 17536K, reserved 1064960K
  class space    used 2473K, capacity 2655K, committed 2688K, reserved 1048576K

Card table byte_map: [0x0000000011f60000,0x0000000012140000] byte_map_base: 0x000000001193c000

Marking Bits: (ParMarkBitMap*) 0x0000000057d0a6c0
 Begin Bits: [0x0000000012760000, 0x0000000013640000)
 End Bits:   [0x0000000013640000, 0x0000000014520000)

Polling page: 0x00000000022d0000

CodeCache: size=245760Kb used=4264Kb max_used=4264Kb free=241495Kb
 bounds [0x0000000002ba0000, 0x0000000002fd0000, 0x0000000011ba0000]
 total_blobs=1816 nmethods=1185 adapters=544
 compilation: enabled

Compilation events (10 events):
Event: 9.985 Thread 0x0000000057d98000 1179       1       java.lang.invoke.MethodHandleImpl$IntrinsicMethodHandle::getTarget (5 bytes)
Event: 9.986 Thread 0x0000000057d98000 nmethod 1179 0x0000000002fc9f90 code [0x0000000002fca0e0, 0x0000000002fca1f0]
Event: 10.002 Thread 0x0000000057d98000 1180       3       java.nio.DirectFloatBufferU::ix (10 bytes)
Event: 10.002 Thread 0x0000000057d98000 nmethod 1180 0x0000000002fca250 code [0x0000000002fca3a0, 0x0000000002fca510]
Event: 10.006 Thread 0x0000000057d98000 1182       3       sun.misc.Unsafe::getAndAddInt (27 bytes)
Event: 10.007 Thread 0x0000000057d98000 nmethod 1182 0x0000000002fcaf10 code [0x0000000002fcb080, 0x0000000002fcb290]
Event: 10.007 Thread 0x0000000057d98000 1184       3       java.lang.invoke.TypeConvertingMethodAdapter::descriptorToName (36 bytes)
Event: 10.008 Thread 0x0000000057d98000 nmethod 1184 0x0000000002fcb350 code [0x0000000002fcb500, 0x0000000002fcbc28]
Event: 10.008 Thread 0x0000000057d98000 1185       1       java.lang.invoke.MethodHandle::internalForm (5 bytes)
Event: 10.008 Thread 0x0000000057d98000 nmethod 1185 0x0000000002fcbed0 code [0x0000000002fcc020, 0x0000000002fcc130]

GC Heap History (4 events):
Event: 6.819 GC heap before
{Heap before GC invocations=1 (full 0):
 PSYoungGen      total 17920K, used 15360K [0x00000000ec300000, 0x00000000ed700000, 0x0000000100000000)
  eden space 15360K, 100% used [0x00000000ec300000,0x00000000ed200000,0x00000000ed200000)
  from space 2560K, 0% used [0x00000000ed480000,0x00000000ed480000,0x00000000ed700000)
  to   space 2560K, 0% used [0x00000000ed200000,0x00000000ed200000,0x00000000ed480000)
 ParOldGen       total 40960K, used 0K [0x00000000c4800000, 0x00000000c7000000, 0x00000000ec300000)
  object space 40960K, 0% used [0x00000000c4800000,0x00000000c4800000,0x00000000c7000000)
 Metaspace       used 9400K, capacity 9720K, committed 9856K, reserved 1058816K
  class space    used 1216K, capacity 1332K, committed 1408K, reserved 1048576K
Event: 6.832 GC heap after
Heap after GC invocations=1 (full 0):
 PSYoungGen      total 17920K, used 2098K [0x00000000ec300000, 0x00000000ed700000, 0x0000000100000000)
  eden space 15360K, 0% used [0x00000000ec300000,0x00000000ec300000,0x00000000ed200000)
  from space 2560K, 81% used [0x00000000ed200000,0x00000000ed40c8d0,0x00000000ed480000)
  to   space 2560K, 0% used [0x00000000ed480000,0x00000000ed480000,0x00000000ed700000)
 ParOldGen       total 40960K, used 0K [0x00000000c4800000, 0x00000000c7000000, 0x00000000ec300000)
  object space 40960K, 0% used [0x00000000c4800000,0x00000000c4800000,0x00000000c7000000)
 Metaspace       used 9400K, capacity 9720K, committed 9856K, reserved 1058816K
  class space    used 1216K, capacity 1332K, committed 1408K, reserved 1048576K
}
Event: 9.050 GC heap before
{Heap before GC invocations=2 (full 0):
 PSYoungGen      total 17920K, used 17458K [0x00000000ec300000, 0x00000000ed700000, 0x0000000100000000)
  eden space 15360K, 100% used [0x00000000ec300000,0x00000000ed200000,0x00000000ed200000)
  from space 2560K, 81% used [0x00000000ed200000,0x00000000ed40c8d0,0x00000000ed480000)
  to   space 2560K, 0% used [0x00000000ed480000,0x00000000ed480000,0x00000000ed700000)
 ParOldGen       total 40960K, used 0K [0x00000000c4800000, 0x00000000c7000000, 0x00000000ec300000)
  object space 40960K, 0% used [0x00000000c4800000,0x00000000c4800000,0x00000000c7000000)
 Metaspace       used 14811K, capacity 15402K, committed 15488K, reserved 1062912K
  class space    used 2188K, capacity 2359K, committed 2432K, reserved 1048576K
Event: 9.097 GC heap after
Heap after GC invocations=2 (full 0):
 PSYoungGen      total 17920K, used 2528K [0x00000000ec300000, 0x00000000ee600000, 0x0000000100000000)
  eden space 15360K, 0% used [0x00000000ec300000,0x00000000ec300000,0x00000000ed200000)
  from space 2560K, 98% used [0x00000000ed480000,0x00000000ed6f8040,0x00000000ed700000)
  to   space 2560K, 0% used [0x00000000ed200000,0x00000000ed200000,0x00000000ed480000)
 ParOldGen       total 40960K, used 1579K [0x00000000c4800000, 0x00000000c7000000, 0x00000000ec300000)
  object space 40960K, 3% used [0x00000000c4800000,0x00000000c498af48,0x00000000c7000000)
 Metaspace       used 14811K, capacity 15402K, committed 15488K, reserved 1062912K
  class space    used 2188K, capacity 2359K, committed 2432K, reserved 1048576K
}

Deoptimization events (10 events):
Event: 8.365 Thread 0x0000000058bb9800 Uncommon trap: reason=class_check action=maybe_recompile pc=0x0000000002eb0bd0 method=java.io.DataInputStream.readShort()S @ 4
Event: 8.365 Thread 0x0000000058bb9800 Uncommon trap: reason=class_check action=maybe_recompile pc=0x0000000002eb0bd0 method=java.io.DataInputStream.readShort()S @ 4
Event: 8.365 Thread 0x0000000058bb9800 Uncommon trap: reason=class_check action=maybe_recompile pc=0x0000000002eb0bd0 method=java.io.DataInputStream.readShort()S @ 4
Event: 8.371 Thread 0x0000000058bb9800 Uncommon trap: reason=class_check action=maybe_recompile pc=0x0000000002d60118 method=java.lang.String.equals(Ljava/lang/Object;)Z @ 8
Event: 8.371 Thread 0x0000000058bb9800 Uncommon trap: reason=class_check action=maybe_recompile pc=0x0000000002d60118 method=java.lang.String.equals(Ljava/lang/Object;)Z @ 8
Event: 8.371 Thread 0x0000000058bb9800 Uncommon trap: reason=class_check action=maybe_recompile pc=0x0000000002d60118 method=java.lang.String.equals(Ljava/lang/Object;)Z @ 8
Event: 8.385 Thread 0x0000000058bb9800 Uncommon trap: reason=class_check action=maybe_recompile pc=0x0000000002d60118 method=java.lang.String.equals(Ljava/lang/Object;)Z @ 8
Event: 8.922 Thread 0x0000000058bb9800 Uncommon trap: reason=unstable_if action=reinterpret pc=0x0000000002edeb98 method=java.lang.String.regionMatches(ZILjava/lang/String;II)Z @ 123
Event: 9.448 Thread 0x0000000058bb9800 Uncommon trap: reason=unstable_if action=reinterpret pc=0x0000000002cc2840 method=java.lang.CharacterData.of(I)Ljava/lang/CharacterData; @ 4
Event: 9.573 Thread 0x0000000058bb9800 Uncommon trap: reason=unstable_if action=reinterpret pc=0x0000000002e4fc64 method=jdk.internal.org.objectweb.asm.Type.getArgumentsAndReturnSizes(Ljava/lang/String;)I @ 47

Internal exceptions (10 events):
Event: 1.561 Thread 0x0000000058b57000 Exception <a 'java/security/PrivilegedActionException'> (0x00000000ec775b98) thrown at [C:\re\workspace\8-2-build-windows-amd64-cygwin\jdk8u111\7883\hotspot\src\share\vm\prims\jvm.cpp, line 1386]
Event: 1.562 Thread 0x0000000058b57000 Exception <a 'java/lang/NullPointerException'> (0x00000000ec776170) thrown at [C:\re\workspace\8-2-build-windows-amd64-cygwin\jdk8u111\7883\hotspot\src\share\vm\interpreter\linkResolver.cpp, line 1178]
Event: 1.761 Thread 0x0000000058b57000 Implicit null exception at 0x0000000002cd3301 to 0x0000000002cd34d9
Event: 6.087 Thread 0x0000000058bb9800 Exception <a 'java/lang/NullPointerException'> (0x00000000ece17c40) thrown at [C:\re\workspace\8-2-build-windows-amd64-cygwin\jdk8u111\7883\hotspot\src\share\vm\interpreter\linkResolver.cpp, line 1178]
Event: 6.087 Thread 0x0000000058bb9800 Exception <a 'java/lang/NullPointerException'> (0x00000000ece17c40) thrown at [C:\re\workspace\8-2-build-windows-amd64-cygwin\jdk8u111\7883\hotspot\src\share\vm\prims\jvm.cpp, line 1390]
Event: 7.971 Thread 0x0000000058bb9800 Exception <a 'java/lang/ArrayIndexOutOfBoundsException'> (0x00000000ecba8000) thrown at [C:\re\workspace\8-2-build-windows-amd64-cygwin\jdk8u111\7883\hotspot\src\share\vm\runtime\sharedRuntime.cpp, line 605]
Event: 7.972 Thread 0x0000000058bb9800 Exception <a 'java/lang/ArrayIndexOutOfBoundsException'> (0x00000000ecba8d00) thrown at [C:\re\workspace\8-2-build-windows-amd64-cygwin\jdk8u111\7883\hotspot\src\share\vm\runtime\sharedRuntime.cpp, line 605]
Event: 7.972 Thread 0x0000000058bb9800 Exception <a 'java/lang/ArrayIndexOutOfBoundsException'> (0x00000000ecbaa0a8) thrown at [C:\re\workspace\8-2-build-windows-amd64-cygwin\jdk8u111\7883\hotspot\src\share\vm\runtime\sharedRuntime.cpp, line 605]
Event: 8.209 Thread 0x0000000058bb9800 Exception <a 'java/lang/ArrayIndexOutOfBoundsException'> (0x00000000ecdf76c8) thrown at [C:\re\workspace\8-2-build-windows-amd64-cygwin\jdk8u111\7883\hotspot\src\share\vm\runtime\sharedRuntime.cpp, line 605]
Event: 8.219 Thread 0x0000000058bb9800 Implicit null exception at 0x0000000002ecd765 to 0x0000000002ecd975

Events (10 events):
Event: 10.006 loading class com/sun/prism/impl/ps/CachingShapeRepState$CacheEntry
Event: 10.006 loading class com/sun/prism/impl/ps/CachingShapeRepState$CacheEntry done
Event: 10.006 loading class com/sun/prism/impl/ps/CachingShapeRepState$CacheEntry
Event: 10.006 loading class com/sun/prism/impl/ps/CachingShapeRepState$CacheEntry done
Event: 10.006 loading class com/sun/prism/impl/ps/CachingShapeRepState$CacheEntry
Event: 10.006 loading class com/sun/prism/impl/ps/CachingShapeRepState$CacheEntry done
Event: 10.007 loading class com/sun/prism/impl/ps/CachingShapeRepState$MaskTexData
Event: 10.007 loading class com/sun/prism/impl/ps/CachingShapeRepState$MaskTexData done
Event: 10.009 loading class com/sun/prism/impl/ps/CachingShapeRepState$CSRDisposerRecord
Event: 10.009 loading class com/sun/prism/impl/ps/CachingShapeRepState$CSRDisposerRecord done


Dynamic libraries:
0x000000013fa20000 - 0x000000013fa57000 	C:\Program Files\Java\jdk1.8.0_111\bin\java.exe
0x00000000777c0000 - 0x000000007796b000 	C:\Windows\SYSTEM32\ntdll.dll
0x00000000775a0000 - 0x00000000776bf000 	C:\Windows\system32\kernel32.dll
0x000007fefd7d0000 - 0x000007fefd83b000 	C:\Windows\system32\KERNELBASE.dll
0x000007feff800000 - 0x000007feff8db000 	C:\Windows\system32\ADVAPI32.dll
0x000007fefe7d0000 - 0x000007fefe86f000 	C:\Windows\system32\msvcrt.dll
0x000007fefe3e0000 - 0x000007fefe3ff000 	C:\Windows\SYSTEM32\sechost.dll
0x000007feff980000 - 0x000007feffaae000 	C:\Windows\system32\RPCRT4.dll
0x00000000776c0000 - 0x00000000777ba000 	C:\Windows\system32\USER32.dll
0x000007fefe870000 - 0x000007fefe8d7000 	C:\Windows\system32\GDI32.dll
0x000007fefe3d0000 - 0x000007fefe3de000 	C:\Windows\system32\LPK.dll
0x000007fefe5f0000 - 0x000007fefe6ba000 	C:\Windows\system32\USP10.dll
0x000007fefbb10000 - 0x000007fefbd04000 	C:\Windows\WinSxS\amd64_microsoft.windows.common-controls_6595b64144ccf1df_6.0.7600.16385_none_fa645303170382f6\COMCTL32.dll
0x000007fefe4f0000 - 0x000007fefe561000 	C:\Windows\system32\SHLWAPI.dll
0x000007fefe6c0000 - 0x000007fefe6ee000 	C:\Windows\system32\IMM32.DLL
0x000007fefdf30000 - 0x000007fefe039000 	C:\Windows\system32\MSCTF.dll
0x000007fefd6d0000 - 0x000007fefd701000 	C:\Windows\system32\nvinitx.dll
0x000007fefd6c0000 - 0x000007fefd6cc000 	C:\Windows\system32\VERSION.dll
0x0000000073890000 - 0x0000000073896000 	C:\Program Files\NVIDIA Corporation\CoProcManager\detoured.dll
0x000007fefa290000 - 0x000007fefa2c2000 	C:\Program Files\NVIDIA Corporation\CoProcManager\nvd3d9wrapx.dll
0x000007fefdaf0000 - 0x000007fefdcc7000 	C:\Windows\system32\SETUPAPI.dll
0x000007fefda90000 - 0x000007fefdac6000 	C:\Windows\system32\CFGMGR32.dll
0x000007fefe6f0000 - 0x000007fefe7c7000 	C:\Windows\system32\OLEAUT32.dll
0x000007fefe1c0000 - 0x000007fefe3c1000 	C:\Windows\system32\ole32.dll
0x000007fefdad0000 - 0x000007fefdaea000 	C:\Windows\system32\DEVOBJ.dll
0x000007fefa260000 - 0x000007fefa282000 	C:\Program Files\NVIDIA Corporation\CoProcManager\nvdxgiwrapx.dll
0x000007fefd4b0000 - 0x000007fefd546000 	C:\Windows\system32\guard64.dll
0x0000000077980000 - 0x0000000077987000 	C:\Windows\system32\PSAPI.DLL
0x000007fefd480000 - 0x000007fefd489000 	C:\Windows\system32\fltlib.dll
0x000000006c740000 - 0x000000006c812000 	C:\Program Files\Java\jdk1.8.0_111\jre\bin\msvcr100.dll
0x00000000574f0000 - 0x0000000057d8a000 	C:\Program Files\Java\jdk1.8.0_111\jre\bin\server\jvm.dll
0x000007fef6800000 - 0x000007fef6809000 	C:\Windows\system32\WSOCK32.dll
0x0000000002280000 - 0x00000000022cd000 	C:\Windows\system32\WS2_32.dll
0x000007fefe8e0000 - 0x000007fefe8e8000 	C:\Windows\system32\NSI.dll
0x000007fefc5c0000 - 0x000007fefc5fb000 	C:\Windows\system32\WINMM.dll
0x0000000072870000 - 0x000000007287f000 	C:\Program Files\Java\jdk1.8.0_111\jre\bin\verify.dll
0x0000000072120000 - 0x0000000072149000 	C:\Program Files\Java\jdk1.8.0_111\jre\bin\java.dll
0x0000000072160000 - 0x0000000072176000 	C:\Program Files\Java\jdk1.8.0_111\jre\bin\zip.dll
0x00000000565f0000 - 0x0000000057376000 	C:\Windows\system32\SHELL32.dll
0x000007fefd710000 - 0x000007fefd71f000 	C:\Windows\system32\profapi.dll
0x000007fefa670000 - 0x000007fefa680000 	C:\Program Files (x86)\JetBrains\IntelliJ IDEA Community Edition 2016.2.5\bin\breakgen64.dll
0x00000000721e0000 - 0x00000000721fa000 	C:\Program Files\Java\jdk1.8.0_111\jre\bin\net.dll
0x000007fefce80000 - 0x000007fefced4000 	C:\Windows\system32\mswsock.dll
0x000007fefce70000 - 0x000007fefce77000 	C:\Windows\System32\wship6.dll
0x000007fef3960000 - 0x000007fef3a4f000 	C:\Program Files\Java\jdk1.8.0_111\jre\bin\msvcr120.dll
0x000007fef2f10000 - 0x000007fef2fb6000 	C:\Program Files\Java\jdk1.8.0_111\jre\bin\msvcp120.dll
0x0000000069550000 - 0x0000000069572000 	C:\Program Files\Java\jdk1.8.0_111\jre\bin\prism_d3d.dll
0x000007fedf290000 - 0x000007fedf48f000 	C:\Windows\system32\d3d9.dll
0x000007fefa520000 - 0x000007fefa527000 	C:\Windows\system32\d3d8thk.dll
0x000007fefb360000 - 0x000007fefb378000 	C:\Windows\system32\dwmapi.dll
0x000007fefda50000 - 0x000007fefda89000 	C:\Windows\system32\WINTRUST.dll
0x000007fefd8e0000 - 0x000007fefda46000 	C:\Windows\system32\CRYPT32.dll
0x00000000025e0000 - 0x00000000025ef000 	C:\Windows\system32\MSASN1.dll
0x000007fefb790000 - 0x000007fefb7e6000 	C:\Windows\system32\uxtheme.dll
0x000007fef90c0000 - 0x000007fef913e000 	C:\Windows\system32\nvumdshimx.dll
0x000007fedea40000 - 0x000007fedf28c000 	C:\Windows\system32\igdumdim64.dll
0x000007fef7650000 - 0x000007fef7a83000 	C:\Windows\system32\igdusc64.dll
0x0000000069500000 - 0x0000000069543000 	C:\Program Files\Java\jdk1.8.0_111\jre\bin\glass.dll
0x000007feff8e0000 - 0x000007feff978000 	C:\Windows\system32\COMDLG32.dll
0x000007fefd5f0000 - 0x000007fefd5ff000 	C:\Windows\system32\CRYPTBASE.dll
0x00000000694e0000 - 0x00000000694f4000 	C:\Program Files\Java\jdk1.8.0_111\jre\bin\javafx_font.dll
0x000007fede710000 - 0x000007fede88b000 	C:\Windows\system32\dwrite.dll
0x000007fefe450000 - 0x000007fefe4e9000 	C:\Windows\system32\CLBCatQ.DLL
0x000007fefb1c0000 - 0x000007fefb2ea000 	C:\Windows\system32\WindowsCodecs.dll
0x000007fefd590000 - 0x000007fefd5e7000 	C:\Windows\system32\apphelp.dll
0x000007fef6ec0000 - 0x000007fef6ef5000 	C:\Windows\system32\EhStorShell.dll
0x000007fefb990000 - 0x000007fefbabc000 	C:\Windows\system32\PROPSYS.dll
0x000007fef6e40000 - 0x000007fef6ebe000 	C:\Windows\System32\cscui.dll
0x000007fef6e30000 - 0x000007fef6e3c000 	C:\Windows\System32\CSCDLL.dll
0x000007fef6e20000 - 0x000007fef6e2f000 	C:\Windows\system32\CSCAPI.dll
0x000007fef6da0000 - 0x000007fef6e20000 	C:\Windows\system32\ntshrui.dll
0x000007fefd0e0000 - 0x000007fefd103000 	C:\Windows\system32\srvcli.dll
0x000007fefa8d0000 - 0x000007fefa8db000 	C:\Windows\system32\slc.dll
0x000007fef3900000 - 0x000007fef392d000 	C:\Program Files\Common Files\Microsoft Shared\Ink\rtscom.dll
0x00000000694c0000 - 0x00000000694d1000 	C:\Program Files\Java\jdk1.8.0_111\jre\bin\prism_common.dll
0x000007fefc600000 - 0x000007fefc725000 	C:\Windows\system32\dbghelp.dll

VM Arguments:
jvm_args: -Didea.launcher.port=7532 -Didea.launcher.bin.path=C:\Program Files (x86)\JetBrains\IntelliJ IDEA Community Edition 2016.2.5\bin -Dfile.encoding=UTF-8 
java_command: com.intellij.rt.execution.application.AppMain main.Main
java_class_path (initial): C:\Program Files\Java\jdk1.8.0_111\jre\lib\charsets.jar;C:\Program Files\Java\jdk1.8.0_111\jre\lib\deploy.jar;C:\Program Files\Java\jdk1.8.0_111\jre\lib\ext\access-bridge-64.jar;C:\Program Files\Java\jdk1.8.0_111\jre\lib\ext\cldrdata.jar;C:\Program Files\Java\jdk1.8.0_111\jre\lib\ext\dnsns.jar;C:\Program Files\Java\jdk1.8.0_111\jre\lib\ext\jaccess.jar;C:\Program Files\Java\jdk1.8.0_111\jre\lib\ext\jfxrt.jar;C:\Program Files\Java\jdk1.8.0_111\jre\lib\ext\localedata.jar;C:\Program Files\Java\jdk1.8.0_111\jre\lib\ext\nashorn.jar;C:\Program Files\Java\jdk1.8.0_111\jre\lib\ext\sunec.jar;C:\Program Files\Java\jdk1.8.0_111\jre\lib\ext\sunjce_provider.jar;C:\Program Files\Java\jdk1.8.0_111\jre\lib\ext\sunmscapi.jar;C:\Program Files\Java\jdk1.8.0_111\jre\lib\ext\sunpkcs11.jar;C:\Program Files\Java\jdk1.8.0_111\jre\lib\ext\zipfs.jar;C:\Program Files\Java\jdk1.8.0_111\jre\lib\javaws.jar;C:\Program Files\Java\jdk1.8.0_111\jre\lib\jce.jar;C:\Program Files\Java\jdk1.8.0_111\jre\lib\jfr.jar;C:\Program Files\Java\jdk1.8.0_111\jre\lib\jfxswt.jar;C:\Program Files\Java\jdk1.8.0_111\jre\lib\jsse.jar;C:\Program Files\Java\jdk1.8.0_111\jre\lib\management-agent.jar;C:\Program Files\Java\jdk1.8.0_111\jre\lib\plugin.jar;C:\Program Files\Java\jdk1.8.0_111\jre\lib\resources.jar;C:\Program Files\Java\jdk1.8.0_111\jre\lib\rt.jar;D:\Semester_5\DB\Hospital\target\classes;C:\Users\Aleksey\Downloads\jfoenix.jar;C:\Users\Aleksey\.m2\repository\org\postgresql\postgresql\9.4.1212\postgresql-9.4.1212.jar;C:\Users\Aleksey\.m2\repository\org\hibernate\hibernate-core\5.2.4.Final\hibernate-core-5.2.4.Final.jar;C:\Users\Aleksey\.m2\repository\org\jboss\logging\jboss-logging\3.3.0.Final\jboss-logging-3.3.0.Final.jar;C:\Users\Aleksey\.m2\repository\org\hibernate\javax\persistence\hibernate-jpa-2.1-api\1.0.0.Final\hibernate-jpa-2.1-api-1.0.0.Final.jar;C:\Users\Aleksey\.m2\repository\org\javassist\javassist\3.20.0-GA\javassist-3.20.0-GA.jar;C:\Users\Aleksey\.m2\repository\antlr\antl
Launcher Type: SUN_STANDARD

Environment Variables:
CLASSPATH=.;
PATH=C:\ProgramData\Oracle\Java\javapath;C:\Program Files (x86)\Intel\iCLS Client\;C:\Program Files\Intel\iCLS Client\;C:\Windows\system32;C:\Windows;C:\Windows\System32\Wbem;C:\Windows\System32\WindowsPowerShell\v1.0\;C:\Program Files\Intel\Intel(R) Management Engine Components\DAL;C:\Program Files\Intel\Intel(R) Management Engine Components\IPT;C:\Program Files (x86)\Intel\Intel(R) Management Engine Components\DAL;C:\Program Files (x86)\Intel\Intel(R) Management Engine Components\IPT;C:\Program Files (x86)\Intel\OpenCL SDK\3.0\bin\x86;C:\Program Files (x86)\Intel\OpenCL SDK\3.0\bin\x64;C:\Program Files (x86)\Microsoft SQL Server\100\Tools\Binn\;C:\Program Files\Microsoft SQL Server\100\Tools\Binn\;C:\Program Files\Microsoft SQL Server\100\DTS\Binn\;C:\Program Files (x86)\NVIDIA Corporation\PhysX\Common;C:\ANDROID STUDIO SDK\platform-tools;C:\Program Files (x86)\Skype\Phone\;C:\Program Files\Java\jdk1.8.0_60\bin;C:\Program Files (x86)\Rational\common
USERNAME=Aleksey
OS=Windows_NT
PROCESSOR_IDENTIFIER=Intel64 Family 6 Model 69 Stepping 1, GenuineIntel



---------------  S Y S T E M  ---------------

OS: Windows 7 , 64 bit Build 7600 (6.1.7600.16385)

CPU:total 4 (2 cores per cpu, 2 threads per core) family 6 model 69 stepping 1, cmov, cx8, fxsr, mmx, sse, sse2, sse3, ssse3, sse4.1, sse4.2, popcnt, aes, clmul, erms, lzcnt, ht, tsc, tscinvbit, bmi1, bmi2

Memory: 4k page, physical 3896424k(487588k free), swap 20702464k(15869948k free)

vm_info: Java HotSpot(TM) 64-Bit Server VM (25.111-b14) for windows-amd64 JRE (1.8.0_111-b14), built on Sep 22 2016 19:24:05 by "java_re" with MS VC++ 10.0 (VS2010)

time: Thu Dec 29 22:00:36 2016
elapsed time: 10 seconds (0d 0h 0m 10s)

