#
# A fatal error has been detected by the Java Runtime Environment:
#
#  EXCEPTION_ILLEGAL_INSTRUCTION (0xc000001d) at pc=0x000007fef2b65c01, pid=5684, tid=3692
#
# JRE version: Java(TM) SE Runtime Environment (8.0_60-b27) (build 1.8.0_60-b27)
# Java VM: Java HotSpot(TM) 64-Bit Server VM (25.60-b23 mixed mode windows-amd64 compressed oops)
# Problematic frame:
# C  [msvcr120.dll+0x95c01]
#
# Failed to write core dump. Minidumps are not enabled by default on client versions of Windows
#
# If you would like to submit a bug report, please visit:
#   http://bugreport.java.com/bugreport/crash.jsp
# The crash happened outside the Java Virtual Machine in native code.
# See problematic frame for where to report the bug.
#

---------------  T H R E A D  ---------------

Current thread (0x0000000058799000):  JavaThread "QuantumRenderer-0" daemon [_thread_in_native, id=3692, stack(0x0000000059050000,0x0000000059150000)]

siginfo: ExceptionCode=0xc000001d

Registers:
RAX=0x3f60000000000000, RBX=0x0000000000000004, RCX=0x3f686520b18feafa, RDX=0x7ff0000000000000
RSP=0x000000005914c530, RBP=0x000000005914cd60, RSI=0x000000005914cd60, RDI=0x0000000000000004
R8 =0x8000000000000000, R9 =0x000000006b76d1f0, R10=0x000000000000000c, R11=0x0000000000000016
R12=0x000000006b76d1f0, R13=0x000000006b76d050, R14=0x00000000ecbfded4, R15=0x0000000000000004
RIP=0x000007fef2b65c01, EFLAGS=0x0000000000010202

Top of Stack: (sp=0x000000005914c530)
0x000000005914c530:   000000005ec32f08 00000000000d0230
0x000000005914c540:   00000000000d0230 00000000001c7750
0x000000005914c550:   0000000058799000 0000000000000010
0x000000005914c560:   0000000000000000 00000000000d0158
0x000000005914c570:   000007fee0105990 00000000000d0230
0x000000005914c580:   000000005914c6a0 000007fe5ec32ee8
0x000000005914c590:   000000005ec32ea8 00000000000d0000
0x000000005914c5a0:   000000000246cbc8 00000000000d0230
0x000000005914c5b0:   3fabf0a0bf848910 0000000000000000
0x000000005914c5c0:   3e7b04ec78e00000 0000000000000000
0x000000005914c5d0:   00000000000000cd 00000000000d0230
0x000000005914c5e0:   00000000587733c0 0000000000000009
0x000000005914c5f0:   0000000058799000 000000006b763318
0x000000005914c600:   3f686520b18feafa 3f686520b18feafa
0x000000005914c610:   3fabf0a0bf848910 00000000001c0780
0x000000005914c620:   0000000057ad3f18 0000000000000032 

Instructions: (pc=0x000007fef2b65c01)
0x000007fef2b65be1:   0f 10 d0 f2 0f 10 44 24 10 f2 0f 10 4c 24 20 44
0x000007fef2b65bf1:   8b 0d 15 26 02 00 e8 34 c7 00 00 e9 72 f8 ff ff
0x000007fef2b65c01:   c5 fb 11 44 24 10 c5 fb 11 4c 24 20 48 8b 54 24
0x000007fef2b65c11:   10 4c 8b 44 24 20 4c 8b 15 4a 26 02 00 4d 23 d0 


Register to memory mapping:

RAX=0x3f60000000000000 is an unknown value
RBX=0x0000000000000004 is an unknown value
RCX=0x3f686520b18feafa is an unknown value
RDX=0x7ff0000000000000 is an unknown value
RSP=0x000000005914c530 is pointing into the stack for thread: 0x0000000058799000
RBP=0x000000005914cd60 is pointing into the stack for thread: 0x0000000058799000
RSI=0x000000005914cd60 is pointing into the stack for thread: 0x0000000058799000
RDI=0x0000000000000004 is an unknown value
R8 =0x8000000000000000 is an unknown value
R9 =0x000000006b76d1f0 is an unknown value
R10=0x000000000000000c is an unknown value
R11=0x0000000000000016 is an unknown value
R12=0x000000006b76d1f0 is an unknown value
R13=0x000000006b76d050 is an unknown value
R14=0x00000000ecbfded4 is an unknown value
R15=0x0000000000000004 is an unknown value


Stack: [0x0000000059050000,0x0000000059150000],  sp=0x000000005914c530,  free space=1009k
Native frames: (J=compiled Java code, j=interpreted, Vv=VM code, C=native code)
C  [msvcr120.dll+0x95c01]
C  [prism_common.dll+0x3318]
C  [prism_common.dll+0x1abc]
C  [prism_common.dll+0x1128]
C  [prism_common.dll+0x8b7e]
C  [prism_common.dll+0x669e]
C  [prism_common.dll+0x49af]
C  [prism_common.dll+0x4649]
C  0x0000000002b45854

Java frames: (J=compiled Java code, j=interpreted, Vv=VM code)
j  com.sun.prism.impl.shape.NativePiscesRasterizer.produceStrokeAlphas([F[BIFIIF[FFDDDDDD[I[B)V+0
j  com.sun.prism.impl.shape.NativePiscesRasterizer.getMaskData(Lcom/sun/javafx/geom/Shape;Lcom/sun/prism/BasicStroke;Lcom/sun/javafx/geom/RectBounds;Lcom/sun/javafx/geom/transform/BaseTransform;ZZ)Lcom/sun/prism/impl/shape/MaskData;+487
j  com.sun.prism.impl.shape.ShapeUtil.rasterizeShape(Lcom/sun/javafx/geom/Shape;Lcom/sun/prism/BasicStroke;Lcom/sun/javafx/geom/RectBounds;Lcom/sun/javafx/geom/transform/BaseTransform;ZZ)Lcom/sun/prism/impl/shape/MaskData;+11
j  com.sun.prism.impl.ps.BaseShaderGraphics.renderShape(Lcom/sun/javafx/geom/Shape;Lcom/sun/prism/BasicStroke;FFFF)V+40
j  com.sun.prism.impl.BaseGraphics.draw(Lcom/sun/javafx/geom/Shape;)V+136
j  com.sun.prism.impl.ps.CachingShapeRepState.drawNoCache(Lcom/sun/prism/Graphics;Lcom/sun/javafx/geom/Shape;)V+2
j  com.sun.prism.impl.ps.CachingShapeRepState.render(Lcom/sun/prism/Graphics;Lcom/sun/javafx/geom/Shape;Lcom/sun/javafx/geom/RectBounds;Lcom/sun/prism/BasicStroke;)V+241
j  com.sun.prism.impl.ps.CachingShapeRep.draw(Lcom/sun/prism/Graphics;Lcom/sun/javafx/geom/Shape;Lcom/sun/javafx/geom/BaseBounds;)V+31
j  com.sun.javafx.sg.prism.NGShape.renderContent2D(Lcom/sun/prism/Graphics;Z)V+144
J 1870 C1 com.sun.javafx.sg.prism.NGShape.renderContent(Lcom/sun/prism/Graphics;)V (458 bytes) @ 0x00000000030d216c [0x00000000030cffe0+0x218c]
J 1706 C1 com.sun.javafx.sg.prism.NGNode.doRender(Lcom/sun/prism/Graphics;)V (473 bytes) @ 0x0000000003061b34 [0x000000000305fd00+0x1e34]
J 1647 C1 com.sun.javafx.sg.prism.NGNode.render(Lcom/sun/prism/Graphics;)V (38 bytes) @ 0x000000000303b574 [0x000000000303b300+0x274]
J 1735 C1 com.sun.javafx.sg.prism.NGGroup.renderContent(Lcom/sun/prism/Graphics;)V (436 bytes) @ 0x000000000307040c [0x000000000306f080+0x138c]
J 1863 C1 com.sun.javafx.sg.prism.NGRegion.renderContent(Lcom/sun/prism/Graphics;)V (115 bytes) @ 0x00000000030ccd5c [0x00000000030cb900+0x145c]
J 1706 C1 com.sun.javafx.sg.prism.NGNode.doRender(Lcom/sun/prism/Graphics;)V (473 bytes) @ 0x0000000003061b34 [0x000000000305fd00+0x1e34]
J 1647 C1 com.sun.javafx.sg.prism.NGNode.render(Lcom/sun/prism/Graphics;)V (38 bytes) @ 0x000000000303b574 [0x000000000303b300+0x274]
J 1735 C1 com.sun.javafx.sg.prism.NGGroup.renderContent(Lcom/sun/prism/Graphics;)V (436 bytes) @ 0x000000000307040c [0x000000000306f080+0x138c]
J 1863 C1 com.sun.javafx.sg.prism.NGRegion.renderContent(Lcom/sun/prism/Graphics;)V (115 bytes) @ 0x00000000030ccd5c [0x00000000030cb900+0x145c]
j  com.sun.javafx.sg.prism.NodeEffectInput.getImageDataForBoundedNode(Lcom/sun/scenario/effect/FilterContext;Lcom/sun/javafx/sg/prism/NGNode;Lcom/sun/javafx/sg/prism/NodeEffectInput$RenderType;Lcom/sun/javafx/geom/transform/BaseTransform;Lcom/sun/javafx/geom/Rectangle;)Lcom/sun/scenario/effect/ImageData;+103
j  com.sun.javafx.sg.prism.NodeEffectInput.filter(Lcom/sun/scenario/effect/FilterContext;Lcom/sun/javafx/geom/transform/BaseTransform;Lcom/sun/javafx/geom/Rectangle;Ljava/lang/Object;Lcom/sun/scenario/effect/Effect;)Lcom/sun/scenario/effect/ImageData;+163
j  com.sun.scenario.effect.FilterEffect.filter(Lcom/sun/scenario/effect/FilterContext;Lcom/sun/javafx/geom/transform/BaseTransform;Lcom/sun/javafx/geom/Rectangle;Ljava/lang/Object;Lcom/sun/scenario/effect/Effect;)Lcom/sun/scenario/effect/ImageData;+111
j  com.sun.scenario.effect.Offset.filter(Lcom/sun/scenario/effect/FilterContext;Lcom/sun/javafx/geom/transform/BaseTransform;Lcom/sun/javafx/geom/Rectangle;Ljava/lang/Object;Lcom/sun/scenario/effect/Effect;)Lcom/sun/scenario/effect/ImageData;+35
j  com.sun.scenario.effect.Merge.filter(Lcom/sun/scenario/effect/FilterContext;Lcom/sun/javafx/geom/transform/BaseTransform;Lcom/sun/javafx/geom/Rectangle;Ljava/lang/Object;Lcom/sun/scenario/effect/Effect;)Lcom/sun/scenario/effect/ImageData;+27
j  com.sun.scenario.effect.DelegateEffect.filter(Lcom/sun/scenario/effect/FilterContext;Lcom/sun/javafx/geom/transform/BaseTransform;Lcom/sun/javafx/geom/Rectangle;Ljava/lang/Object;Lcom/sun/scenario/effect/Effect;)Lcom/sun/scenario/effect/ImageData;+11
j  com.sun.scenario.effect.impl.prism.PrEffectHelper.render(Lcom/sun/scenario/effect/Effect;Lcom/sun/prism/Graphics;FFLcom/sun/scenario/effect/Effect;)V+511
j  com.sun.javafx.sg.prism.EffectFilter.render(Lcom/sun/prism/Graphics;)V+13
j  com.sun.javafx.sg.prism.NGNode.renderEffect(Lcom/sun/prism/Graphics;)V+5
J 1706 C1 com.sun.javafx.sg.prism.NGNode.doRender(Lcom/sun/prism/Graphics;)V (473 bytes) @ 0x0000000003061c04 [0x000000000305fd00+0x1f04]
J 1647 C1 com.sun.javafx.sg.prism.NGNode.render(Lcom/sun/prism/Graphics;)V (38 bytes) @ 0x000000000303b574 [0x000000000303b300+0x274]
J 1735 C1 com.sun.javafx.sg.prism.NGGroup.renderContent(Lcom/sun/prism/Graphics;)V (436 bytes) @ 0x000000000307040c [0x000000000306f080+0x138c]
J 1863 C1 com.sun.javafx.sg.prism.NGRegion.renderContent(Lcom/sun/prism/Graphics;)V (115 bytes) @ 0x00000000030ccd5c [0x00000000030cb900+0x145c]
J 1706 C1 com.sun.javafx.sg.prism.NGNode.doRender(Lcom/sun/prism/Graphics;)V (473 bytes) @ 0x0000000003061b34 [0x000000000305fd00+0x1e34]
J 1647 C1 com.sun.javafx.sg.prism.NGNode.render(Lcom/sun/prism/Graphics;)V (38 bytes) @ 0x000000000303b574 [0x000000000303b300+0x274]
j  com.sun.javafx.tk.quantum.ViewPainter.doPaint(Lcom/sun/prism/Graphics;Lcom/sun/javafx/sg/prism/NodePath;)V+201
j  com.sun.javafx.tk.quantum.ViewPainter.paintImpl(Lcom/sun/prism/Graphics;)V+982
j  com.sun.javafx.tk.quantum.PresentingPainter.run()V+326
j  java.util.concurrent.Executors$RunnableAdapter.call()Ljava/lang/Object;+4
j  java.util.concurrent.FutureTask.runAndReset()Z+47
j  com.sun.javafx.tk.RenderJob.run()V+1
j  java.util.concurrent.ThreadPoolExecutor.runWorker(Ljava/util/concurrent/ThreadPoolExecutor$Worker;)V+95
j  java.util.concurrent.ThreadPoolExecutor$Worker.run()V+5
j  com.sun.javafx.tk.quantum.QuantumRenderer$PipelineRunnable.run()V+8
j  java.lang.Thread.run()V+11
v  ~StubRoutines::call_stub

---------------  P R O C E S S  ---------------

Java Threads: ( => current thread )
  0x0000000058c3d800 JavaThread "Thread-4" [_thread_blocked, id=4908, stack(0x000000005b590000,0x000000005b690000)]
  0x0000000058a90000 JavaThread "Prism Font Disposer" daemon [_thread_blocked, id=3696, stack(0x000000005eb00000,0x000000005ec00000)]
  0x00000000587ed000 JavaThread "Thread-3" daemon [_thread_in_native, id=1224, stack(0x000000005b080000,0x000000005b180000)]
  0x00000000587c1800 JavaThread "JavaFX Application Thread" [_thread_in_native, id=3988, stack(0x0000000059600000,0x0000000059700000)]
  0x00000000587b5800 JavaThread "Thread-2" daemon [_thread_blocked, id=4896, stack(0x00000000594c0000,0x00000000595c0000)]
=>0x0000000058799000 JavaThread "QuantumRenderer-0" daemon [_thread_in_native, id=3692, stack(0x0000000059050000,0x0000000059150000)]
  0x0000000057e3f000 JavaThread "JavaFX-Launcher" [_thread_blocked, id=4576, stack(0x0000000058e40000,0x0000000058f40000)]
  0x0000000057cd7800 JavaThread "Monitor Ctrl-Break" daemon [_thread_in_native, id=5428, stack(0x00000000582e0000,0x00000000583e0000)]
  0x0000000057a9d000 JavaThread "Service Thread" daemon [_thread_blocked, id=5616, stack(0x0000000057490000,0x0000000057590000)]
  0x0000000057a99000 JavaThread "C1 CompilerThread2" daemon [_thread_blocked, id=4568, stack(0x0000000057f50000,0x0000000058050000)]
  0x00000000552fc800 JavaThread "C2 CompilerThread1" daemon [_thread_blocked, id=1072, stack(0x0000000057940000,0x0000000057a40000)]
  0x00000000552fa800 JavaThread "C2 CompilerThread0" daemon [_thread_blocked, id=6016, stack(0x0000000057780000,0x0000000057880000)]
  0x00000000552f7000 JavaThread "Attach Listener" daemon [_thread_blocked, id=4452, stack(0x0000000057640000,0x0000000057740000)]
  0x00000000552f4800 JavaThread "Signal Dispatcher" daemon [_thread_blocked, id=3716, stack(0x0000000057390000,0x0000000057490000)]
  0x0000000055293000 JavaThread "Finalizer" daemon [_thread_blocked, id=272, stack(0x00000000564b0000,0x00000000565b0000)]
  0x0000000055292000 JavaThread "Reference Handler" daemon [_thread_blocked, id=3588, stack(0x0000000056340000,0x0000000056440000)]
  0x00000000024b8000 JavaThread "main" [_thread_blocked, id=4656, stack(0x0000000002760000,0x0000000002860000)]

Other Threads:
  0x000000005528c800 VMThread [stack: 0x0000000056240000,0x0000000056340000] [id=3492]
  0x0000000057ab3800 WatcherThread [stack: 0x0000000057e40000,0x0000000057f40000] [id=3436]

VM state:not at safepoint (normal execution)

VM Mutex/Monitor currently owned by a thread: None

Heap:
 PSYoungGen      total 33280K, used 33243K [0x00000000ec300000, 0x00000000ee600000, 0x0000000100000000)
  eden space 30720K, 99% used [0x00000000ec300000,0x00000000ee0fef40,0x00000000ee100000)
  from space 2560K, 98% used [0x00000000ee380000,0x00000000ee5f8060,0x00000000ee600000)
  to   space 2560K, 0% used [0x00000000ee100000,0x00000000ee100000,0x00000000ee380000)
 ParOldGen       total 40960K, used 5223K [0x00000000c4800000, 0x00000000c7000000, 0x00000000ec300000)
  object space 40960K, 12% used [0x00000000c4800000,0x00000000c4d19ca0,0x00000000c7000000)
 Metaspace       used 17350K, capacity 18114K, committed 18432K, reserved 1064960K
  class space    used 2497K, capacity 2723K, committed 2816K, reserved 1048576K

Card table byte_map: [0x0000000011ef0000,0x00000000120d0000] byte_map_base: 0x00000000118cc000

Marking Bits: (ParMarkBitMap*) 0x000000005bf0a5b0
 Begin Bits: [0x0000000012960000, 0x0000000013840000)
 End Bits:   [0x0000000013840000, 0x0000000014720000)

Polling page: 0x0000000002180000

CodeCache: size=245760Kb used=6588Kb max_used=6601Kb free=239171Kb
 bounds [0x0000000002b30000, 0x00000000031b0000, 0x0000000011b30000]
 total_blobs=2768 nmethods=2124 adapters=556
 compilation: enabled

Compilation events (10 events):
Event: 10.227 Thread 0x0000000057a99000 nmethod 2119 0x000000000319e590 code [0x000000000319e6e0, 0x000000000319e7d0]
Event: 10.227 Thread 0x0000000057a99000 2120       1       javafx.scene.text.Text::access$2400 (5 bytes)
Event: 10.228 Thread 0x0000000057a99000 nmethod 2120 0x000000000319e850 code [0x000000000319e9a0, 0x000000000319ea90]
Event: 10.228 Thread 0x0000000057a99000 2121       1       javafx.scene.Node::access$5000 (5 bytes)
Event: 10.228 Thread 0x0000000057a99000 nmethod 2121 0x000000000319eb10 code [0x000000000319ec60, 0x000000000319ed50]
Event: 10.228 Thread 0x0000000057a99000 2122       3       javafx.beans.binding.ObjectBinding::get (25 bytes)
Event: 10.228 Thread 0x0000000057a99000 nmethod 2122 0x000000000319edd0 code [0x000000000319ef40, 0x000000000319f1c8]
Event: 10.229 Thread 0x0000000057a99000 2123       3       javafx.beans.property.StringPropertyBase::get (32 bytes)
Event: 10.230 Thread 0x0000000057a99000 nmethod 2123 0x000000000319f250 code [0x000000000319f3c0, 0x000000000319f708]
Event: 10.230 Thread 0x00000000552fa800 2124 %     4       java.util.jar.Manifest$FastInputStream::readLine @ 83 (167 bytes)

GC Heap History (4 events):
Event: 1.112 GC heap before
{Heap before GC invocations=1 (full 0):
 PSYoungGen      total 17920K, used 15360K [0x00000000ec300000, 0x00000000ed700000, 0x0000000100000000)
  eden space 15360K, 100% used [0x00000000ec300000,0x00000000ed200000,0x00000000ed200000)
  from space 2560K, 0% used [0x00000000ed480000,0x00000000ed480000,0x00000000ed700000)
  to   space 2560K, 0% used [0x00000000ed200000,0x00000000ed200000,0x00000000ed480000)
 ParOldGen       total 40960K, used 0K [0x00000000c4800000, 0x00000000c7000000, 0x00000000ec300000)
  object space 40960K, 0% used [0x00000000c4800000,0x00000000c4800000,0x00000000c7000000)
 Metaspace       used 9358K, capacity 9692K, committed 10112K, reserved 1058816K
  class space    used 1211K, capacity 1302K, committed 1408K, reserved 1048576K
Event: 1.124 GC heap after
Heap after GC invocations=1 (full 0):
 PSYoungGen      total 17920K, used 2050K [0x00000000ec300000, 0x00000000ee600000, 0x0000000100000000)
  eden space 15360K, 0% used [0x00000000ec300000,0x00000000ec300000,0x00000000ed200000)
  from space 2560K, 80% used [0x00000000ed200000,0x00000000ed4008e0,0x00000000ed480000)
  to   space 2560K, 0% used [0x00000000ee380000,0x00000000ee380000,0x00000000ee600000)
 ParOldGen       total 40960K, used 0K [0x00000000c4800000, 0x00000000c7000000, 0x00000000ec300000)
  object space 40960K, 0% used [0x00000000c4800000,0x00000000c4800000,0x00000000c7000000)
 Metaspace       used 9358K, capacity 9692K, committed 10112K, reserved 1058816K
  class space    used 1211K, capacity 1302K, committed 1408K, reserved 1048576K
}
Event: 2.003 GC heap before
{Heap before GC invocations=2 (full 0):
 PSYoungGen      total 17920K, used 17410K [0x00000000ec300000, 0x00000000ee600000, 0x0000000100000000)
  eden space 15360K, 100% used [0x00000000ec300000,0x00000000ed200000,0x00000000ed200000)
  from space 2560K, 80% used [0x00000000ed200000,0x00000000ed4008e0,0x00000000ed480000)
  to   space 2560K, 0% used [0x00000000ee380000,0x00000000ee380000,0x00000000ee600000)
 ParOldGen       total 40960K, used 0K [0x00000000c4800000, 0x00000000c7000000, 0x00000000ec300000)
  object space 40960K, 0% used [0x00000000c4800000,0x00000000c4800000,0x00000000c7000000)
 Metaspace       used 14736K, capacity 15364K, committed 15488K, reserved 1062912K
  class space    used 2192K, capacity 2362K, committed 2432K, reserved 1048576K
Event: 2.105 GC heap after
Heap after GC invocations=2 (full 0):
 PSYoungGen      total 33280K, used 2528K [0x00000000ec300000, 0x00000000ee600000, 0x0000000100000000)
  eden space 30720K, 0% used [0x00000000ec300000,0x00000000ec300000,0x00000000ee100000)
  from space 2560K, 98% used [0x00000000ee380000,0x00000000ee5f8060,0x00000000ee600000)
  to   space 2560K, 0% used [0x00000000ee100000,0x00000000ee100000,0x00000000ee380000)
 ParOldGen       total 40960K, used 1555K [0x00000000c4800000, 0x00000000c7000000, 0x00000000ec300000)
  object space 40960K, 3% used [0x00000000c4800000,0x00000000c4984f48,0x00000000c7000000)
 Metaspace       used 14736K, capacity 15364K, committed 15488K, reserved 1062912K
  class space    used 2192K, capacity 2362K, committed 2432K, reserved 1048576K
}

Deoptimization events (10 events):
Event: 1.841 Thread 0x00000000587c1800 Uncommon trap: reason=class_check action=maybe_recompile pc=0x0000000002c5af58 method=java.lang.String.equals(Ljava/lang/Object;)Z @ 8
Event: 1.841 Thread 0x00000000587c1800 Uncommon trap: reason=class_check action=maybe_recompile pc=0x0000000002c5af58 method=java.lang.String.equals(Ljava/lang/Object;)Z @ 8
Event: 1.841 Thread 0x00000000587c1800 Uncommon trap: reason=class_check action=maybe_recompile pc=0x0000000002c5af58 method=java.lang.String.equals(Ljava/lang/Object;)Z @ 8
Event: 1.845 Thread 0x00000000587c1800 Uncommon trap: reason=class_check action=maybe_recompile pc=0x0000000002c5af58 method=java.lang.String.equals(Ljava/lang/Object;)Z @ 8
Event: 1.961 Thread 0x00000000587c1800 Uncommon trap: reason=unstable_if action=reinterpret pc=0x0000000002e65518 method=java.lang.String.regionMatches(ZILjava/lang/String;II)Z @ 123
Event: 2.147 Thread 0x00000000587c1800 Uncommon trap: reason=unstable_if action=reinterpret pc=0x0000000002dbdcf4 method=sun.net.www.ParseUtil.encodePath(Ljava/lang/String;Z)Ljava/lang/String; @ 109
Event: 2.320 Thread 0x00000000587c1800 Uncommon trap: reason=unstable_if action=reinterpret pc=0x0000000002c4d600 method=java.lang.CharacterData.of(I)Ljava/lang/CharacterData; @ 4
Event: 2.378 Thread 0x00000000587c1800 Uncommon trap: reason=unstable_if action=reinterpret pc=0x0000000002eba0a4 method=jdk.internal.org.objectweb.asm.Type.getArgumentsAndReturnSizes(Ljava/lang/String;)I @ 47
Event: 7.981 Thread 0x0000000058799000 Uncommon trap: reason=unstable_if action=reinterpret pc=0x0000000002ff21fc method=java.lang.Math.round(D)J @ 48
Event: 8.113 Thread 0x0000000058799000 Uncommon trap: reason=unstable_if action=reinterpret pc=0x00000000030ae6b4 method=com.sun.javafx.geom.RectBounds.isEmpty()Z @ 21

Internal exceptions (10 events):
Event: 0.401 Thread 0x0000000057e3f000 Exception <a 'java/security/PrivilegedActionException'> (0x00000000ec784060) thrown at [C:\re\workspace\8-2-build-windows-amd64-cygwin\jdk8u60\4407\hotspot\src\share\vm\prims\jvm.cpp, line 1386]
Event: 0.402 Thread 0x0000000057e3f000 Exception <a 'java/security/PrivilegedActionException'> (0x00000000ec787ea8) thrown at [C:\re\workspace\8-2-build-windows-amd64-cygwin\jdk8u60\4407\hotspot\src\share\vm\prims\jvm.cpp, line 1386]
Event: 0.402 Thread 0x0000000057e3f000 Exception <a 'java/security/PrivilegedActionException'> (0x00000000ec7880b8) thrown at [C:\re\workspace\8-2-build-windows-amd64-cygwin\jdk8u60\4407\hotspot\src\share\vm\prims\jvm.cpp, line 1386]
Event: 0.402 Thread 0x0000000057e3f000 Exception <a 'java/lang/NullPointerException'> (0x00000000ec788690) thrown at [C:\re\workspace\8-2-build-windows-amd64-cygwin\jdk8u60\4407\hotspot\src\share\vm\interpreter\linkResolver.cpp, line 1178]
Event: 0.874 Thread 0x00000000587c1800 Exception <a 'java/lang/NullPointerException'> (0x00000000ecded408) thrown at [C:\re\workspace\8-2-build-windows-amd64-cygwin\jdk8u60\4407\hotspot\src\share\vm\interpreter\linkResolver.cpp, line 1178]
Event: 0.874 Thread 0x00000000587c1800 Exception <a 'java/lang/NullPointerException'> (0x00000000ecded408) thrown at [C:\re\workspace\8-2-build-windows-amd64-cygwin\jdk8u60\4407\hotspot\src\share\vm\prims\jvm.cpp, line 1390]
Event: 1.594 Thread 0x00000000587c1800 Exception <a 'java/lang/ArrayIndexOutOfBoundsException'> (0x00000000ecb71d68) thrown at [C:\re\workspace\8-2-build-windows-amd64-cygwin\jdk8u60\4407\hotspot\src\share\vm\runtime\sharedRuntime.cpp, line 605]
Event: 1.595 Thread 0x00000000587c1800 Exception <a 'java/lang/ArrayIndexOutOfBoundsException'> (0x00000000ecb72a68) thrown at [C:\re\workspace\8-2-build-windows-amd64-cygwin\jdk8u60\4407\hotspot\src\share\vm\runtime\sharedRuntime.cpp, line 605]
Event: 1.595 Thread 0x00000000587c1800 Exception <a 'java/lang/ArrayIndexOutOfBoundsException'> (0x00000000ecb73e10) thrown at [C:\re\workspace\8-2-build-windows-amd64-cygwin\jdk8u60\4407\hotspot\src\share\vm\runtime\sharedRuntime.cpp, line 605]
Event: 1.711 Thread 0x00000000587c1800 Implicit null exception at 0x0000000002e590e5 to 0x0000000002e592f5

Events (10 events):
Event: 10.173 loading class com/sun/prism/shader/FillCircle_Color_Loader done
Event: 10.175 loading class com/sun/prism/shader/DrawCircle_Color_Loader
Event: 10.175 loading class com/sun/prism/shader/DrawCircle_Color_Loader done
Event: 10.214 loading class com/jfoenix/controls/JFXRippler$RippleGenerator$$Lambda$2
Event: 10.214 loading class com/jfoenix/controls/JFXRippler$RippleGenerator$$Lambda$2 done
Event: 10.219 Thread 0x0000000058c3d800 Thread added: 0x0000000058c3d800
Event: 10.219 loading class util/DBControl
Event: 10.219 loading class util/DBControl done
Event: 10.220 loading class org/hibernate/criterion/Criterion
Event: 10.220 loading class org/hibernate/criterion/Criterion done


Dynamic libraries:
0x000000013f0a0000 - 0x000000013f0d7000 	C:\Program Files\Java\jdk1.8.0_60\bin\java.exe
0x00000000777c0000 - 0x000000007796b000 	C:\Windows\SYSTEM32\ntdll.dll
0x00000000775a0000 - 0x00000000776bf000 	C:\Windows\system32\kernel32.dll
0x000007fefd7d0000 - 0x000007fefd83b000 	C:\Windows\system32\KERNELBASE.dll
0x000007feff800000 - 0x000007feff8db000 	C:\Windows\system32\ADVAPI32.dll
0x000007fefe7d0000 - 0x000007fefe86f000 	C:\Windows\system32\msvcrt.dll
0x000007fefe3e0000 - 0x000007fefe3ff000 	C:\Windows\SYSTEM32\sechost.dll
0x000007feff980000 - 0x000007feffaae000 	C:\Windows\system32\RPCRT4.dll
0x00000000776c0000 - 0x00000000777ba000 	C:\Windows\system32\USER32.dll
0x000007fefe870000 - 0x000007fefe8d7000 	C:\Windows\system32\GDI32.dll
0x000007fefe3d0000 - 0x000007fefe3de000 	C:\Windows\system32\LPK.dll
0x000007fefe5f0000 - 0x000007fefe6ba000 	C:\Windows\system32\USP10.dll
0x000007fefbb10000 - 0x000007fefbd04000 	C:\Windows\WinSxS\amd64_microsoft.windows.common-controls_6595b64144ccf1df_6.0.7600.16385_none_fa645303170382f6\COMCTL32.dll
0x000007fefe4f0000 - 0x000007fefe561000 	C:\Windows\system32\SHLWAPI.dll
0x000007fefe6c0000 - 0x000007fefe6ee000 	C:\Windows\system32\IMM32.DLL
0x000007fefdf30000 - 0x000007fefe039000 	C:\Windows\system32\MSCTF.dll
0x000007fefd6d0000 - 0x000007fefd701000 	C:\Windows\system32\nvinitx.dll
0x000007fefd6c0000 - 0x000007fefd6cc000 	C:\Windows\system32\VERSION.dll
0x0000000073890000 - 0x0000000073896000 	C:\Program Files\NVIDIA Corporation\CoProcManager\detoured.dll
0x000007fefa290000 - 0x000007fefa2c2000 	C:\Program Files\NVIDIA Corporation\CoProcManager\nvd3d9wrapx.dll
0x000007fefdaf0000 - 0x000007fefdcc7000 	C:\Windows\system32\SETUPAPI.dll
0x000007fefda90000 - 0x000007fefdac6000 	C:\Windows\system32\CFGMGR32.dll
0x000007fefe6f0000 - 0x000007fefe7c7000 	C:\Windows\system32\OLEAUT32.dll
0x000007fefe1c0000 - 0x000007fefe3c1000 	C:\Windows\system32\ole32.dll
0x000007fefdad0000 - 0x000007fefdaea000 	C:\Windows\system32\DEVOBJ.dll
0x000007fefa260000 - 0x000007fefa282000 	C:\Program Files\NVIDIA Corporation\CoProcManager\nvdxgiwrapx.dll
0x000007fefd4b0000 - 0x000007fefd546000 	C:\Windows\system32\guard64.dll
0x0000000077980000 - 0x0000000077987000 	C:\Windows\system32\PSAPI.DLL
0x000007fefd480000 - 0x000007fefd489000 	C:\Windows\system32\fltlib.dll
0x000000006c740000 - 0x000000006c812000 	C:\Program Files\Java\jdk1.8.0_60\jre\bin\msvcr100.dll
0x000000005b700000 - 0x000000005bf89000 	C:\Program Files\Java\jdk1.8.0_60\jre\bin\server\jvm.dll
0x000007fef6800000 - 0x000007fef6809000 	C:\Windows\system32\WSOCK32.dll
0x00000000022d0000 - 0x000000000231d000 	C:\Windows\system32\WS2_32.dll
0x000007fefe8e0000 - 0x000007fefe8e8000 	C:\Windows\system32\NSI.dll
0x000007fefc5c0000 - 0x000007fefc5fb000 	C:\Windows\system32\WINMM.dll
0x0000000074300000 - 0x000000007430f000 	C:\Program Files\Java\jdk1.8.0_60\jre\bin\verify.dll
0x0000000072150000 - 0x0000000072179000 	C:\Program Files\Java\jdk1.8.0_60\jre\bin\java.dll
0x00000000721e0000 - 0x00000000721f6000 	C:\Program Files\Java\jdk1.8.0_60\jre\bin\zip.dll
0x00000000565b0000 - 0x0000000057336000 	C:\Windows\system32\SHELL32.dll
0x000007fefd710000 - 0x000007fefd71f000 	C:\Windows\system32\profapi.dll
0x000007fefa6f0000 - 0x000007fefa700000 	C:\Program Files (x86)\JetBrains\IntelliJ IDEA Community Edition 2016.2.5\bin\breakgen64.dll
0x0000000072130000 - 0x000000007214a000 	C:\Program Files\Java\jdk1.8.0_60\jre\bin\net.dll
0x000007fefce80000 - 0x000007fefced4000 	C:\Windows\system32\mswsock.dll
0x000007fefce70000 - 0x000007fefce77000 	C:\Windows\System32\wship6.dll
0x000007fef2ad0000 - 0x000007fef2bbf000 	C:\Program Files\Java\jdk1.8.0_60\jre\bin\msvcr120.dll
0x000007fef2f10000 - 0x000007fef2fb6000 	C:\Program Files\Java\jdk1.8.0_60\jre\bin\msvcp120.dll
0x000000006bd40000 - 0x000000006bd63000 	C:\Program Files\Java\jdk1.8.0_60\jre\bin\prism_d3d.dll
0x000007fef28d0000 - 0x000007fef2acf000 	C:\Windows\system32\d3d9.dll
0x000007fefa6e0000 - 0x000007fefa6e7000 	C:\Windows\system32\d3d8thk.dll
0x000007fefb360000 - 0x000007fefb378000 	C:\Windows\system32\dwmapi.dll
0x000007fefda50000 - 0x000007fefda89000 	C:\Windows\system32\WINTRUST.dll
0x000007fefd8e0000 - 0x000007fefda46000 	C:\Windows\system32\CRYPT32.dll
0x0000000002400000 - 0x000000000240f000 	C:\Windows\system32\MSASN1.dll
0x000007fefb790000 - 0x000007fefb7e6000 	C:\Windows\system32\uxtheme.dll
0x000007fef90c0000 - 0x000007fef913e000 	C:\Windows\system32\nvumdshimx.dll
0x000007fedfd90000 - 0x000007fee05dc000 	C:\Windows\system32\igdumdim64.dll
0x000007fef7650000 - 0x000007fef7a83000 	C:\Windows\system32\igdusc64.dll
0x000000006b7a0000 - 0x000000006b7e3000 	C:\Program Files\Java\jdk1.8.0_60\jre\bin\glass.dll
0x000007feff8e0000 - 0x000007feff978000 	C:\Windows\system32\COMDLG32.dll
0x000007fefd5f0000 - 0x000007fefd5ff000 	C:\Windows\system32\CRYPTBASE.dll
0x000000006b780000 - 0x000000006b794000 	C:\Program Files\Java\jdk1.8.0_60\jre\bin\javafx_font.dll
0x000007fee21e0000 - 0x000007fee235b000 	C:\Windows\system32\dwrite.dll
0x000007fefe450000 - 0x000007fefe4e9000 	C:\Windows\system32\CLBCatQ.DLL
0x000007fefb1c0000 - 0x000007fefb2ea000 	C:\Windows\system32\WindowsCodecs.dll
0x000007fefd590000 - 0x000007fefd5e7000 	C:\Windows\system32\apphelp.dll
0x000007fef6ec0000 - 0x000007fef6ef5000 	C:\Windows\system32\EhStorShell.dll
0x000007fefb990000 - 0x000007fefbabc000 	C:\Windows\system32\PROPSYS.dll
0x000007fef6e40000 - 0x000007fef6ebe000 	C:\Windows\System32\cscui.dll
0x000007fef6e30000 - 0x000007fef6e3c000 	C:\Windows\System32\CSCDLL.dll
0x000007fef6e20000 - 0x000007fef6e2f000 	C:\Windows\system32\CSCAPI.dll
0x000007fef6da0000 - 0x000007fef6e20000 	C:\Windows\system32\ntshrui.dll
0x000007fefd0e0000 - 0x000007fefd103000 	C:\Windows\system32\srvcli.dll
0x000007fefa8d0000 - 0x000007fefa8db000 	C:\Windows\system32\slc.dll
0x000007fef4670000 - 0x000007fef469d000 	C:\Program Files\Common Files\Microsoft Shared\Ink\rtscom.dll
0x000000006b760000 - 0x000000006b771000 	C:\Program Files\Java\jdk1.8.0_60\jre\bin\prism_common.dll
0x000007fefc600000 - 0x000007fefc725000 	C:\Windows\system32\dbghelp.dll

VM Arguments:
jvm_args: -Didea.launcher.port=7535 -Didea.launcher.bin.path=C:\Program Files (x86)\JetBrains\IntelliJ IDEA Community Edition 2016.2.5\bin -Dfile.encoding=UTF-8 
java_command: com.intellij.rt.execution.application.AppMain main.Main
java_class_path (initial): C:\Program Files\Java\jdk1.8.0_60\jre\lib\charsets.jar;C:\Program Files\Java\jdk1.8.0_60\jre\lib\deploy.jar;C:\Program Files\Java\jdk1.8.0_60\jre\lib\javaws.jar;C:\Program Files\Java\jdk1.8.0_60\jre\lib\jce.jar;C:\Program Files\Java\jdk1.8.0_60\jre\lib\jfr.jar;C:\Program Files\Java\jdk1.8.0_60\jre\lib\jfxswt.jar;C:\Program Files\Java\jdk1.8.0_60\jre\lib\jsse.jar;C:\Program Files\Java\jdk1.8.0_60\jre\lib\management-agent.jar;C:\Program Files\Java\jdk1.8.0_60\jre\lib\plugin.jar;C:\Program Files\Java\jdk1.8.0_60\jre\lib\resources.jar;C:\Program Files\Java\jdk1.8.0_60\jre\lib\rt.jar;C:\Program Files\Java\jdk1.8.0_60\jre\lib\ext\access-bridge-64.jar;C:\Program Files\Java\jdk1.8.0_60\jre\lib\ext\cldrdata.jar;C:\Program Files\Java\jdk1.8.0_60\jre\lib\ext\dnsns.jar;C:\Program Files\Java\jdk1.8.0_60\jre\lib\ext\jaccess.jar;C:\Program Files\Java\jdk1.8.0_60\jre\lib\ext\jfxrt.jar;C:\Program Files\Java\jdk1.8.0_60\jre\lib\ext\localedata.jar;C:\Program Files\Java\jdk1.8.0_60\jre\lib\ext\nashorn.jar;C:\Program Files\Java\jdk1.8.0_60\jre\lib\ext\sunec.jar;C:\Program Files\Java\jdk1.8.0_60\jre\lib\ext\sunjce_provider.jar;C:\Program Files\Java\jdk1.8.0_60\jre\lib\ext\sunmscapi.jar;C:\Program Files\Java\jdk1.8.0_60\jre\lib\ext\sunpkcs11.jar;C:\Program Files\Java\jdk1.8.0_60\jre\lib\ext\zipfs.jar;D:\Semester_5\DB\Hospital\target\classes;C:\Users\Aleksey\Downloads\jfoenix.jar;C:\Users\Aleksey\.m2\repository\org\postgresql\postgresql\9.4.1212\postgresql-9.4.1212.jar;C:\Users\Aleksey\.m2\repository\org\hibernate\hibernate-core\5.2.4.Final\hibernate-core-5.2.4.Final.jar;C:\Users\Aleksey\.m2\repository\org\jboss\logging\jboss-logging\3.3.0.Final\jboss-logging-3.3.0.Final.jar;C:\Users\Aleksey\.m2\repository\org\hibernate\javax\persistence\hibernate-jpa-2.1-api\1.0.0.Final\hibernate-jpa-2.1-api-1.0.0.Final.jar;C:\Users\Aleksey\.m2\repository\org\javassist\javassist\3.20.0-GA\javassist-3.20.0-GA.jar;C:\Users\Aleksey\.m2\repository\antlr\antlr\2.7.7\antlr-2.7.7.jar
Launcher Type: SUN_STANDARD

Environment Variables:
CLASSPATH=.;
PATH=C:\ProgramData\Oracle\Java\javapath;C:\Program Files (x86)\Intel\iCLS Client\;C:\Program Files\Intel\iCLS Client\;C:\Windows\system32;C:\Windows;C:\Windows\System32\Wbem;C:\Windows\System32\WindowsPowerShell\v1.0\;C:\Program Files\Intel\Intel(R) Management Engine Components\DAL;C:\Program Files\Intel\Intel(R) Management Engine Components\IPT;C:\Program Files (x86)\Intel\Intel(R) Management Engine Components\DAL;C:\Program Files (x86)\Intel\Intel(R) Management Engine Components\IPT;C:\Program Files (x86)\Intel\OpenCL SDK\3.0\bin\x86;C:\Program Files (x86)\Intel\OpenCL SDK\3.0\bin\x64;C:\Program Files (x86)\Microsoft SQL Server\100\Tools\Binn\;C:\Program Files\Microsoft SQL Server\100\Tools\Binn\;C:\Program Files\Microsoft SQL Server\100\DTS\Binn\;C:\Program Files (x86)\NVIDIA Corporation\PhysX\Common;C:\ANDROID STUDIO SDK\platform-tools;C:\Program Files (x86)\Skype\Phone\;C:\Program Files\Java\jdk1.8.0_60\bin;C:\Program Files (x86)\Rational\common
USERNAME=Aleksey
OS=Windows_NT
PROCESSOR_IDENTIFIER=Intel64 Family 6 Model 69 Stepping 1, GenuineIntel



---------------  S Y S T E M  ---------------

OS: Windows 7 , 64 bit Build 7600 (6.1.7600.16385)

CPU:total 4 (2 cores per cpu, 2 threads per core) family 6 model 69 stepping 1, cmov, cx8, fxsr, mmx, sse, sse2, sse3, ssse3, sse4.1, sse4.2, popcnt, aes, clmul, erms, lzcnt, ht, tsc, tscinvbit, bmi1, bmi2

Memory: 4k page, physical 3896424k(1480356k free), swap 20702464k(16777308k free)

vm_info: Java HotSpot(TM) 64-Bit Server VM (25.60-b23) for windows-amd64 JRE (1.8.0_60-b27), built on Aug  4 2015 11:06:27 by "java_re" with MS VC++ 10.0 (VS2010)

time: Thu Dec 29 21:25:22 2016
elapsed time: 10 seconds (0d 0h 0m 10s)

