#
# A fatal error has been detected by the Java Runtime Environment:
#
#  EXCEPTION_ILLEGAL_INSTRUCTION (0xc000001d) at pc=0x000007fee859ca90, pid=5568, tid=5780
#
# JRE version: Java(TM) SE Runtime Environment (8.0_60-b27) (build 1.8.0_60-b27)
# Java VM: Java HotSpot(TM) 64-Bit Server VM (25.60-b23 mixed mode windows-amd64 compressed oops)
# Problematic frame:
# C  [msvcr120.dll+0x8ca90]
#
# Failed to write core dump. Minidumps are not enabled by default on client versions of Windows
#
# If you would like to submit a bug report, please visit:
#   http://bugreport.java.com/bugreport/crash.jsp
# The crash happened outside the Java Virtual Machine in native code.
# See problematic frame for where to report the bug.
#

---------------  T H R E A D  ---------------

Current thread (0x00000000577c3800):  JavaThread "JavaFX Application Thread" [_thread_in_native, id=5780, stack(0x0000000058af0000,0x0000000058bf0000)]

siginfo: ExceptionCode=0xc000001d

Registers:
RAX=0x0000000058bed158, RBX=0x000000005f348cb0, RCX=0x000000005f348588, RDX=0x3ff0000000000000
RSP=0x0000000058bed0d0, RBP=0x0000000058bed169, RSI=0x000000005fbffe40, RDI=0x000000005f331f50
R8 =0x00000000000001ff, R9 =0x000000005f3304e0, R10=0x0000000000000011, R11=0x0000000000000045
R12=0x000000005fd5ff50, R13=0x000000005fd5ff10, R14=0x000000005f331f50, R15=0x000000005fd1f970
RIP=0x000007fee859ca90, EFLAGS=0x0000000000010202

Top of Stack: (sp=0x0000000058bed0d0)
0x0000000058bed0d0:   000000005f331f68 fffffffffffffffe
0x0000000058bed0e0:   000000040000007d 0000000000000000
0x0000000058bed0f0:   0000000000000004 00000000560ef120
0x0000000058bed100:   000000005f331f50 0000000060a8eb8a
0x0000000058bed110:   000000005fbffe40 000000005fbffe40
0x0000000058bed120:   0000000000000000 000000005f33eff8
0x0000000058bed130:   0000000000000000 000000005ff15770
0x0000000058bed140:   fffffffffffffffe 000000005ff158fc
0x0000000058bed150:   fffffffffffffffe 000000005f348cb0
0x0000000058bed160:   000000005f348cb0 000000005fd1f970
0x0000000058bed170:   0000000000000000 0000000000000000
0x0000000058bed180:   0000000000000000 0000000000000000
0x0000000058bed190:   0000000000000000 0000000000000000
0x0000000058bed1a0:   000000005f2e04b0 000000005f331f50
0x0000000058bed1b0:   000000005fd5ff10 000000005fd5ff50
0x0000000058bed1c0:   0000000058bed300 00000000609ab555 

Instructions: (pc=0x000007fee859ca90)
0x000007fee859ca70:   66 0f ef c0 48 83 c4 38 c3 0f 1f 80 00 00 00 00
0x000007fee859ca80:   48 83 c4 38 c3 66 66 66 0f 1f 84 00 00 00 00 00
0x000007fee859ca90:   c5 fb c2 15 37 7d 02 00 02 c5 fb c2 1d 36 7d 02
0x000007fee859caa0:   00 05 c5 e0 54 d2 c5 f9 2e d2 7a 14 c5 f9 2e 05 


Register to memory mapping:

RAX=0x0000000058bed158 is pointing into the stack for thread: 0x00000000577c3800
RBX=0x000000005f348cb0 is an unknown value
RCX=0x000000005f348588 is an unknown value
RDX=0x3ff0000000000000 is an unknown value
RSP=0x0000000058bed0d0 is pointing into the stack for thread: 0x00000000577c3800
RBP=0x0000000058bed169 is pointing into the stack for thread: 0x00000000577c3800
RSI=0x000000005fbffe40 is an unknown value
RDI=0x000000005f331f50 is an unknown value
R8 =0x00000000000001ff is an unknown value
R9 =0x000000005f3304e0 is an unknown value
R10=0x0000000000000011 is an unknown value
R11=0x0000000000000045 is an unknown value
R12=0x000000005fd5ff50 is an unknown value
R13=0x000000005fd5ff10 is an unknown value
R14=0x000000005f331f50 is an unknown value
R15=0x000000005fd1f970 is an unknown value


Stack: [0x0000000058af0000,0x0000000058bf0000],  sp=0x0000000058bed0d0,  free space=1012k
Native frames: (J=compiled Java code, j=interpreted, Vv=VM code, C=native code)
C  [msvcr120.dll+0x8ca90]
C  [jfxwebkit.dll+0xc9eb8a]
C  [jfxwebkit.dll+0xbbb555]
C  [jfxwebkit.dll+0xbc22a2]
C  [jfxwebkit.dll+0x44dd9f]
C  [jfxwebkit.dll+0x451a4e]
C  [jfxwebkit.dll+0x451da2]
C  [jfxwebkit.dll+0x451bff]
C  [jfxwebkit.dll+0x46dd67]
C  [jfxwebkit.dll+0x46e096]
C  [jfxwebkit.dll+0x46ee2c]
C  [jfxwebkit.dll+0x44e30b]
C  [jfxwebkit.dll+0x8aa07a]
C  0x0000000002cc5854

Java frames: (J=compiled Java code, j=interpreted, Vv=VM code)
j  com.sun.webkit.WebPage.twkUpdateContent(JLcom/sun/webkit/graphics/WCRenderQueue;IIII)V+0
j  com.sun.webkit.WebPage.updateDirty(Lcom/sun/webkit/graphics/WCRectangle;)V+218
j  com.sun.webkit.WebPage.updateContent(Lcom/sun/webkit/graphics/WCRectangle;)V+48
j  com.sun.javafx.sg.prism.web.NGWebView.update()V+68
j  javafx.scene.web.WebView.handleStagePulse()V+78
j  javafx.scene.web.WebView.lambda$new$29()V+1
j  javafx.scene.web.WebView$$Lambda$217.pulse()V+4
j  com.sun.javafx.tk.Toolkit.lambda$runPulse$31(Lcom/sun/javafx/tk/TKPulseListener;)Ljava/lang/Void;+1
j  com.sun.javafx.tk.Toolkit$$Lambda$160.run()Ljava/lang/Object;+4
v  ~StubRoutines::call_stub
J 1901  java.security.AccessController.doPrivileged(Ljava/security/PrivilegedAction;Ljava/security/AccessControlContext;)Ljava/lang/Object; (0 bytes) @ 0x0000000003266de6 [0x0000000003266d80+0x66]
j  com.sun.javafx.tk.Toolkit.runPulse(Lcom/sun/javafx/tk/TKPulseListener;Ljava/security/AccessControlContext;)V+21
j  com.sun.javafx.tk.Toolkit.firePulse()V+129
j  com.sun.javafx.tk.quantum.QuantumToolkit.pulse(Z)V+97
j  com.sun.javafx.tk.quantum.QuantumToolkit.pulse()V+2
j  com.sun.javafx.tk.quantum.QuantumToolkit.lambda$runToolkit$405()V+1
j  com.sun.javafx.tk.quantum.QuantumToolkit$$Lambda$44.run()V+4
j  com.sun.glass.ui.InvokeLaterDispatcher$Future.run()V+4
v  ~StubRoutines::call_stub
j  com.sun.glass.ui.win.WinApplication._runLoop(Ljava/lang/Runnable;)V+0
j  com.sun.glass.ui.win.WinApplication.lambda$null$149(ILjava/lang/Runnable;)V+8
j  com.sun.glass.ui.win.WinApplication$$Lambda$40.run()V+12
j  java.lang.Thread.run()V+11
v  ~StubRoutines::call_stub

---------------  P R O C E S S  ---------------

Java Threads: ( => current thread )
  0x0000000057b0e000 JavaThread "Disposer" daemon [_thread_blocked, id=5828, stack(0x000000005fc10000,0x000000005fd10000)]
  0x00000000578d5000 JavaThread "Prism Font Disposer" daemon [_thread_blocked, id=3228, stack(0x000000005ecd0000,0x000000005edd0000)]
  0x00000000577fa800 JavaThread "Thread-3" daemon [_thread_in_native, id=5816, stack(0x000000005a590000,0x000000005a690000)]
=>0x00000000577c3800 JavaThread "JavaFX Application Thread" [_thread_in_native, id=5780, stack(0x0000000058af0000,0x0000000058bf0000)]
  0x00000000577bb800 JavaThread "Thread-2" daemon [_thread_blocked, id=5024, stack(0x0000000058920000,0x0000000058a20000)]
  0x0000000057781000 JavaThread "QuantumRenderer-0" daemon [_thread_blocked, id=5772, stack(0x0000000058220000,0x0000000058320000)]
  0x000000005775a800 JavaThread "JavaFX-Launcher" [_thread_blocked, id=4584, stack(0x0000000057f50000,0x0000000058050000)]
  0x0000000056c9b800 JavaThread "Monitor Ctrl-Break" daemon [_thread_in_native, id=5116, stack(0x0000000057600000,0x0000000057700000)]
  0x0000000056b39800 JavaThread "Service Thread" daemon [_thread_blocked, id=5464, stack(0x0000000056ec0000,0x0000000056fc0000)]
  0x0000000056ac5800 JavaThread "C1 CompilerThread2" daemon [_thread_blocked, id=4268, stack(0x0000000057120000,0x0000000057220000)]
  0x0000000056ac1000 JavaThread "C2 CompilerThread1" daemon [_thread_blocked, id=2524, stack(0x0000000057020000,0x0000000057120000)]
  0x000000005530e800 JavaThread "C2 CompilerThread0" daemon [_thread_blocked, id=4484, stack(0x0000000056190000,0x0000000056290000)]
  0x000000005530b000 JavaThread "Attach Listener" daemon [_thread_blocked, id=4220, stack(0x00000000569c0000,0x0000000056ac0000)]
  0x0000000055308800 JavaThread "Signal Dispatcher" daemon [_thread_blocked, id=3300, stack(0x00000000567e0000,0x00000000568e0000)]
  0x00000000552a8800 JavaThread "Finalizer" daemon [_thread_blocked, id=3400, stack(0x0000000056600000,0x0000000056700000)]
  0x00000000552a1800 JavaThread "Reference Handler" daemon [_thread_blocked, id=5760, stack(0x00000000564a0000,0x00000000565a0000)]
  0x000000000248f800 JavaThread "main" [_thread_blocked, id=5512, stack(0x00000000028e0000,0x00000000029e0000)]

Other Threads:
  0x000000005529c000 VMThread [stack: 0x00000000562d0000,0x00000000563d0000] [id=1360]
  0x0000000056b57000 WatcherThread [stack: 0x0000000057260000,0x0000000057360000] [id=2508]

VM state:not at safepoint (normal execution)

VM Mutex/Monitor currently owned by a thread: None

Heap:
 PSYoungGen      total 17920K, used 6941K [0x00000000ec300000, 0x00000000ed700000, 0x0000000100000000)
  eden space 15360K, 28% used [0x00000000ec300000,0x00000000ec74b410,0x00000000ed200000)
  from space 2560K, 99% used [0x00000000ed200000,0x00000000ed47c030,0x00000000ed480000)
  to   space 2560K, 0% used [0x00000000ed480000,0x00000000ed480000,0x00000000ed700000)
 ParOldGen       total 40960K, used 5941K [0x00000000c4800000, 0x00000000c7000000, 0x00000000ec300000)
  object space 40960K, 14% used [0x00000000c4800000,0x00000000c4dcd580,0x00000000c7000000)
 Metaspace       used 18289K, capacity 19232K, committed 19328K, reserved 1064960K
  class space    used 2637K, capacity 2849K, committed 2944K, reserved 1048576K

Card table byte_map: [0x0000000012070000,0x0000000012250000] byte_map_base: 0x0000000011a4c000

Marking Bits: (ParMarkBitMap*) 0x0000000067bea5b0
 Begin Bits: [0x0000000012970000, 0x0000000013850000)
 End Bits:   [0x0000000013850000, 0x0000000014730000)

Polling page: 0x0000000002280000

CodeCache: size=245760Kb used=6148Kb max_used=6148Kb free=239611Kb
 bounds [0x0000000002cb0000, 0x00000000032c0000, 0x0000000011cb0000]
 total_blobs=2714 nmethods=2022 adapters=605
 compilation: enabled

Compilation events (10 events):
Event: 3.485 Thread 0x0000000056ac5800 2018       1       javafx.scene.control.ComboBox::itemsProperty (5 bytes)
Event: 3.485 Thread 0x0000000056ac5800 nmethod 2018 0x00000000032b1750 code [0x00000000032b18a0, 0x00000000032b19b0]
Event: 3.485 Thread 0x0000000056ac5800 2019       3       javafx.scene.control.ComboBox::setItems (9 bytes)
Event: 3.485 Thread 0x0000000056ac5800 nmethod 2019 0x00000000032b1a10 code [0x00000000032b1b80, 0x00000000032b1dc8]
Event: 3.486 Thread 0x0000000056ac5800 2020       1       java.util.concurrent.atomic.AtomicInteger::get (5 bytes)
Event: 3.486 Thread 0x0000000056ac5800 nmethod 2020 0x00000000032b1e90 code [0x00000000032b1fe0, 0x00000000032b20f0]
Event: 3.493 Thread 0x0000000056ac5800 2021   !   3       java.util.Collections$SynchronizedCollection::add (25 bytes)
Event: 3.493 Thread 0x0000000056ac5800 nmethod 2021 0x00000000032b2950 code [0x00000000032b2ac0, 0x00000000032b2e68]
Event: 3.504 Thread 0x0000000056ac5800 2022       3       java.util.WeakHashMap$HashIterator::<init> (41 bytes)
Event: 3.505 Thread 0x0000000056ac5800 nmethod 2022 0x00000000032b39d0 code [0x00000000032b3b60, 0x00000000032b4048]

GC Heap History (6 events):
Event: 0.712 GC heap before
{Heap before GC invocations=1 (full 0):
 PSYoungGen      total 17920K, used 15360K [0x00000000ec300000, 0x00000000ed700000, 0x0000000100000000)
  eden space 15360K, 100% used [0x00000000ec300000,0x00000000ed200000,0x00000000ed200000)
  from space 2560K, 0% used [0x00000000ed480000,0x00000000ed480000,0x00000000ed700000)
  to   space 2560K, 0% used [0x00000000ed200000,0x00000000ed200000,0x00000000ed480000)
 ParOldGen       total 40960K, used 0K [0x00000000c4800000, 0x00000000c7000000, 0x00000000ec300000)
  object space 40960K, 0% used [0x00000000c4800000,0x00000000c4800000,0x00000000c7000000)
 Metaspace       used 9128K, capacity 9522K, committed 9728K, reserved 1058816K
  class space    used 1134K, capacity 1266K, committed 1280K, reserved 1048576K
Event: 0.717 GC heap after
Heap after GC invocations=1 (full 0):
 PSYoungGen      total 17920K, used 2528K [0x00000000ec300000, 0x00000000ed700000, 0x0000000100000000)
  eden space 15360K, 0% used [0x00000000ec300000,0x00000000ec300000,0x00000000ed200000)
  from space 2560K, 98% used [0x00000000ed200000,0x00000000ed478050,0x00000000ed480000)
  to   space 2560K, 0% used [0x00000000ed480000,0x00000000ed480000,0x00000000ed700000)
 ParOldGen       total 40960K, used 150K [0x00000000c4800000, 0x00000000c7000000, 0x00000000ec300000)
  object space 40960K, 0% used [0x00000000c4800000,0x00000000c4825ac0,0x00000000c7000000)
 Metaspace       used 9128K, capacity 9522K, committed 9728K, reserved 1058816K
  class space    used 1134K, capacity 1266K, committed 1280K, reserved 1048576K
}
Event: 1.582 GC heap before
{Heap before GC invocations=2 (full 0):
 PSYoungGen      total 17920K, used 17145K [0x00000000ec300000, 0x00000000ed700000, 0x0000000100000000)
  eden space 15360K, 95% used [0x00000000ec300000,0x00000000ed1463c8,0x00000000ed200000)
  from space 2560K, 98% used [0x00000000ed200000,0x00000000ed478050,0x00000000ed480000)
  to   space 2560K, 0% used [0x00000000ed480000,0x00000000ed480000,0x00000000ed700000)
 ParOldGen       total 40960K, used 150K [0x00000000c4800000, 0x00000000c7000000, 0x00000000ec300000)
  object space 40960K, 0% used [0x00000000c4800000,0x00000000c4825ac0,0x00000000c7000000)
 Metaspace       used 14375K, capacity 14908K, committed 14976K, reserved 1062912K
  class space    used 1978K, capacity 2153K, committed 2176K, reserved 1048576K
Event: 1.590 GC heap after
Heap after GC invocations=2 (full 0):
 PSYoungGen      total 17920K, used 2544K [0x00000000ec300000, 0x00000000ed700000, 0x0000000100000000)
  eden space 15360K, 0% used [0x00000000ec300000,0x00000000ec300000,0x00000000ed200000)
  from space 2560K, 99% used [0x00000000ed480000,0x00000000ed6fc050,0x00000000ed700000)
  to   space 2560K, 0% used [0x00000000ed200000,0x00000000ed200000,0x00000000ed480000)
 ParOldGen       total 40960K, used 1737K [0x00000000c4800000, 0x00000000c7000000, 0x00000000ec300000)
  object space 40960K, 4% used [0x00000000c4800000,0x00000000c49b2550,0x00000000c7000000)
 Metaspace       used 14375K, capacity 14908K, committed 14976K, reserved 1062912K
  class space    used 1978K, capacity 2153K, committed 2176K, reserved 1048576K
}
Event: 3.219 GC heap before
{Heap before GC invocations=3 (full 0):
 PSYoungGen      total 17920K, used 17904K [0x00000000ec300000, 0x00000000ed700000, 0x0000000100000000)
  eden space 15360K, 100% used [0x00000000ec300000,0x00000000ed200000,0x00000000ed200000)
  from space 2560K, 99% used [0x00000000ed480000,0x00000000ed6fc050,0x00000000ed700000)
  to   space 2560K, 0% used [0x00000000ed200000,0x00000000ed200000,0x00000000ed480000)
 ParOldGen       total 40960K, used 1737K [0x00000000c4800000, 0x00000000c7000000, 0x00000000ec300000)
  object space 40960K, 4% used [0x00000000c4800000,0x00000000c49b2550,0x00000000c7000000)
 Metaspace       used 17514K, capacity 18378K, committed 18432K, reserved 1064960K
  class space    used 2553K, capacity 2770K, committed 2816K, reserved 1048576K
Event: 3.228 GC heap after
Heap after GC invocations=3 (full 0):
 PSYoungGen      total 17920K, used 2544K [0x00000000ec300000, 0x00000000ed700000, 0x0000000100000000)
  eden space 15360K, 0% used [0x00000000ec300000,0x00000000ec300000,0x00000000ed200000)
  from space 2560K, 99% used [0x00000000ed200000,0x00000000ed47c030,0x00000000ed480000)
  to   space 2560K, 0% used [0x00000000ed480000,0x00000000ed480000,0x00000000ed700000)
 ParOldGen       total 40960K, used 5941K [0x00000000c4800000, 0x00000000c7000000, 0x00000000ec300000)
  object space 40960K, 14% used [0x00000000c4800000,0x00000000c4dcd580,0x00000000c7000000)
 Metaspace       used 17514K, capacity 18378K, committed 18432K, reserved 1064960K
  class space    used 2553K, capacity 2770K, committed 2816K, reserved 1048576K
}

Deoptimization events (10 events):
Event: 3.096 Thread 0x00000000577c3800 Uncommon trap: reason=class_check action=maybe_recompile pc=0x000000000319991c method=javafx.scene.Node.getScene()Ljavafx/scene/Scene; @ 7
Event: 3.096 Thread 0x00000000577c3800 Uncommon trap: reason=class_check action=maybe_recompile pc=0x000000000319991c method=javafx.scene.Node.getScene()Ljavafx/scene/Scene; @ 7
Event: 3.144 Thread 0x00000000577c3800 Uncommon trap: reason=unstable_if action=reinterpret pc=0x00000000031bc8c0 method=java.io.ByteArrayInputStream.read()I @ 8
Event: 3.144 Thread 0x00000000577c3800 Uncommon trap: reason=class_check action=maybe_recompile pc=0x0000000003061adc method=java.io.FilterInputStream.read()I @ 4
Event: 3.144 Thread 0x00000000577c3800 Uncommon trap: reason=class_check action=maybe_recompile pc=0x0000000003061adc method=java.io.FilterInputStream.read()I @ 4
Event: 3.144 Thread 0x00000000577c3800 Uncommon trap: reason=class_check action=maybe_recompile pc=0x0000000003061adc method=java.io.FilterInputStream.read()I @ 4
Event: 3.144 Thread 0x00000000577c3800 Uncommon trap: reason=class_check action=maybe_recompile pc=0x0000000003061adc method=java.io.FilterInputStream.read()I @ 4
Event: 3.168 Thread 0x00000000577c3800 Uncommon trap: reason=unstable_if action=reinterpret pc=0x00000000031bb310 method=com.sun.javafx.css.BitSet.add(Ljava/lang/Object;)Z @ 91
Event: 3.306 Thread 0x00000000577c3800 Uncommon trap: reason=unstable_if action=reinterpret pc=0x0000000003133124 method=java.lang.CharacterData.of(I)Ljava/lang/CharacterData; @ 4
Event: 3.483 Thread 0x00000000577c3800 Uncommon trap: reason=unstable_if action=reinterpret pc=0x00000000031e328c method=java.util.zip.ZipCoder.decoder()Ljava/nio/charset/CharsetDecoder; @ 4

Internal exceptions (10 events):
Event: 0.818 Thread 0x00000000577c3800 Exception <a 'java/lang/ArrayIndexOutOfBoundsException'> (0x00000000ec563c58) thrown at [C:\re\workspace\8-2-build-windows-amd64-cygwin\jdk8u60\4407\hotspot\src\share\vm\runtime\sharedRuntime.cpp, line 605]
Event: 0.844 Thread 0x00000000577c3800 Exception <a 'java/lang/ArrayIndexOutOfBoundsException'> (0x00000000ec6ffd90) thrown at [C:\re\workspace\8-2-build-windows-amd64-cygwin\jdk8u60\4407\hotspot\src\share\vm\runtime\sharedRuntime.cpp, line 605]
Event: 0.851 Thread 0x00000000577c3800 Exception <a 'java/lang/ArrayIndexOutOfBoundsException'> (0x00000000ec748d88) thrown at [C:\re\workspace\8-2-build-windows-amd64-cygwin\jdk8u60\4407\hotspot\src\share\vm\runtime\sharedRuntime.cpp, line 605]
Event: 0.864 Thread 0x00000000577c3800 Exception <a 'java/lang/ArrayIndexOutOfBoundsException'> (0x00000000ec7a0518) thrown at [C:\re\workspace\8-2-build-windows-amd64-cygwin\jdk8u60\4407\hotspot\src\share\vm\runtime\sharedRuntime.cpp, line 605]
Event: 0.908 Thread 0x00000000577c3800 Exception <a 'java/io/FileNotFoundException'> (0x00000000ec8fcbb8) thrown at [C:\re\workspace\8-2-build-windows-amd64-cygwin\jdk8u60\4407\hotspot\src\share\vm\prims\jni.cpp, line 709]
Event: 1.268 Thread 0x00000000577c3800 Implicit null exception at 0x0000000002f7ee65 to 0x0000000002f7f075
Event: 1.275 Thread 0x00000000577c3800 Implicit null exception at 0x0000000002fe56af to 0x0000000002fe5715
Event: 3.058 Thread 0x00000000577c3800 Implicit null exception at 0x0000000002f69e04 to 0x0000000002f6a159
Event: 3.061 Thread 0x00000000577c3800 Implicit null exception at 0x0000000002eb3406 to 0x0000000002eb372d
Event: 3.483 Thread 0x00000000577c3800 Implicit null exception at 0x00000000031e28a9 to 0x00000000031e3251

Events (10 events):
Event: 3.503 loading class com/sun/webkit/dom/NodeListImpl$SelfDisposer
Event: 3.503 loading class com/sun/webkit/dom/NodeListImpl$SelfDisposer done
Event: 3.503 loading class com/sun/webkit/dom/HTMLBodyElementImpl
Event: 3.503 loading class com/sun/webkit/dom/HTMLBodyElementImpl done
Event: 3.503 loading class org/w3c/dom/html/HTMLBodyElement
Event: 3.503 loading class org/w3c/dom/html/HTMLBodyElement done
Event: 3.505 loading class com/sun/webkit/graphics/BufferData
Event: 3.505 loading class com/sun/webkit/graphics/BufferData done
Event: 3.505 loading class com/sun/webkit/graphics/WCPathIterator
Event: 3.505 loading class com/sun/webkit/graphics/WCPathIterator done


Dynamic libraries:
0x000000013fe70000 - 0x000000013fea7000 	C:\Program Files\Java\jdk1.8.0_60\bin\java.exe
0x0000000077ca0000 - 0x0000000077e4b000 	C:\Windows\SYSTEM32\ntdll.dll
0x0000000077a80000 - 0x0000000077b9f000 	C:\Windows\system32\kernel32.dll
0x000007fefddf0000 - 0x000007fefde5b000 	C:\Windows\system32\KERNELBASE.dll
0x000007fefefb0000 - 0x000007feff08b000 	C:\Windows\system32\ADVAPI32.dll
0x000007fefed70000 - 0x000007fefee0f000 	C:\Windows\system32\msvcrt.dll
0x000007feffe00000 - 0x000007feffe1f000 	C:\Windows\SYSTEM32\sechost.dll
0x000007feffe20000 - 0x000007fefff4e000 	C:\Windows\system32\RPCRT4.dll
0x0000000077ba0000 - 0x0000000077c9a000 	C:\Windows\system32\USER32.dll
0x000007feff5f0000 - 0x000007feff657000 	C:\Windows\system32\GDI32.dll
0x000007fefffa0000 - 0x000007fefffae000 	C:\Windows\system32\LPK.dll
0x000007feff660000 - 0x000007feff72a000 	C:\Windows\system32\USP10.dll
0x000007fefbff0000 - 0x000007fefc1e4000 	C:\Windows\WinSxS\amd64_microsoft.windows.common-controls_6595b64144ccf1df_6.0.7600.16385_none_fa645303170382f6\COMCTL32.dll
0x000007fefee60000 - 0x000007fefeed1000 	C:\Windows\system32\SHLWAPI.dll
0x000007fefee30000 - 0x000007fefee5e000 	C:\Windows\system32\IMM32.DLL
0x000007feff9b0000 - 0x000007feffab9000 	C:\Windows\system32\MSCTF.dll
0x000007fefdbb0000 - 0x000007fefdbe1000 	C:\Windows\system32\nvinitx.dll
0x000007fefdba0000 - 0x000007fefdbac000 	C:\Windows\system32\VERSION.dll
0x00000000750d0000 - 0x00000000750d6000 	C:\Program Files\NVIDIA Corporation\CoProcManager\detoured.dll
0x000007fefa770000 - 0x000007fefa7a2000 	C:\Program Files\NVIDIA Corporation\CoProcManager\nvd3d9wrapx.dll
0x000007feff730000 - 0x000007feff907000 	C:\Windows\system32\SETUPAPI.dll
0x000007fefdd10000 - 0x000007fefdd46000 	C:\Windows\system32\CFGMGR32.dll
0x000007feffd20000 - 0x000007feffdf7000 	C:\Windows\system32\OLEAUT32.dll
0x000007feff3e0000 - 0x000007feff5e1000 	C:\Windows\system32\ole32.dll
0x000007fefdcf0000 - 0x000007fefdd0a000 	C:\Windows\system32\DEVOBJ.dll
0x000007fefa740000 - 0x000007fefa762000 	C:\Program Files\NVIDIA Corporation\CoProcManager\nvdxgiwrapx.dll
0x000007fefd990000 - 0x000007fefda26000 	C:\Windows\system32\guard64.dll
0x0000000077e70000 - 0x0000000077e77000 	C:\Windows\system32\PSAPI.DLL
0x000007fefd960000 - 0x000007fefd969000 	C:\Windows\system32\fltlib.dll
0x0000000074190000 - 0x0000000074262000 	C:\Program Files\Java\jdk1.8.0_60\jre\bin\msvcr100.dll
0x00000000673e0000 - 0x0000000067c69000 	C:\Program Files\Java\jdk1.8.0_60\jre\bin\server\jvm.dll
0x000007fef2f20000 - 0x000007fef2f29000 	C:\Windows\system32\WSOCK32.dll
0x00000000022c0000 - 0x000000000230d000 	C:\Windows\system32\WS2_32.dll
0x000007fefed60000 - 0x000007fefed68000 	C:\Windows\system32\NSI.dll
0x000007fefcaa0000 - 0x000007fefcadb000 	C:\Windows\system32\WINMM.dll
0x0000000075020000 - 0x000000007502f000 	C:\Program Files\Java\jdk1.8.0_60\jre\bin\verify.dll
0x0000000074740000 - 0x0000000074769000 	C:\Program Files\Java\jdk1.8.0_60\jre\bin\java.dll
0x0000000074980000 - 0x0000000074996000 	C:\Program Files\Java\jdk1.8.0_60\jre\bin\zip.dll
0x000007fefdfd0000 - 0x000007fefed56000 	C:\Windows\system32\SHELL32.dll
0x000007fefdbf0000 - 0x000007fefdbff000 	C:\Windows\system32\profapi.dll
0x000007fef5850000 - 0x000007fef5860000 	C:\Program Files (x86)\JetBrains\IntelliJ IDEA Community Edition 2016.2.5\bin\breakgen64.dll
0x0000000074780000 - 0x000000007479a000 	C:\Program Files\Java\jdk1.8.0_60\jre\bin\net.dll
0x000007fefd360000 - 0x000007fefd3b4000 	C:\Windows\system32\mswsock.dll
0x000007fefd350000 - 0x000007fefd357000 	C:\Windows\System32\wship6.dll
0x000007fee8510000 - 0x000007fee85ff000 	C:\Program Files\Java\jdk1.8.0_60\jre\bin\msvcr120.dll
0x000007feec360000 - 0x000007feec406000 	C:\Program Files\Java\jdk1.8.0_60\jre\bin\msvcp120.dll
0x0000000075280000 - 0x00000000752a3000 	C:\Program Files\Java\jdk1.8.0_60\jre\bin\prism_d3d.dll
0x000007fee2670000 - 0x000007fee286f000 	C:\Windows\system32\d3d9.dll
0x000007fefab90000 - 0x000007fefab97000 	C:\Windows\system32\d3d8thk.dll
0x000007fefb770000 - 0x000007fefb788000 	C:\Windows\system32\dwmapi.dll
0x000007fefdcb0000 - 0x000007fefdce9000 	C:\Windows\system32\WINTRUST.dll
0x0000000058050000 - 0x00000000581b6000 	C:\Windows\system32\CRYPT32.dll
0x000007fefdca0000 - 0x000007fefdcaf000 	C:\Windows\system32\MSASN1.dll
0x000007fefbc70000 - 0x000007fefbcc6000 	C:\Windows\system32\uxtheme.dll
0x000007fef9b60000 - 0x000007fef9bde000 	C:\Windows\system32\nvumdshimx.dll
0x000007fee1e20000 - 0x000007fee266c000 	C:\Windows\system32\igdumdim64.dll
0x000007fef1d80000 - 0x000007fef21b3000 	C:\Windows\system32\igdusc64.dll
0x0000000074100000 - 0x0000000074143000 	C:\Program Files\Java\jdk1.8.0_60\jre\bin\glass.dll
0x00000000123c0000 - 0x0000000012458000 	C:\Windows\system32\COMDLG32.dll
0x000007fefdad0000 - 0x000007fefdadf000 	C:\Windows\system32\CRYPTBASE.dll
0x0000000074030000 - 0x0000000074044000 	C:\Program Files\Java\jdk1.8.0_60\jre\bin\javafx_font.dll
0x000007fee2d40000 - 0x000007fee2ebb000 	C:\Windows\system32\dwrite.dll
0x0000000057460000 - 0x00000000574f9000 	C:\Windows\system32\CLBCatQ.DLL
0x000007fefb610000 - 0x000007fefb73a000 	C:\Windows\system32\WindowsCodecs.dll
0x000007fefda70000 - 0x000007fefdac7000 	C:\Windows\system32\apphelp.dll
0x000007fef2b90000 - 0x000007fef2bc5000 	C:\Windows\system32\EhStorShell.dll
0x000007fefbcd0000 - 0x000007fefbdfc000 	C:\Windows\system32\PROPSYS.dll
0x000007fef1ad0000 - 0x000007fef1b4e000 	C:\Windows\System32\cscui.dll
0x000007fef3e90000 - 0x000007fef3e9c000 	C:\Windows\System32\CSCDLL.dll
0x000007fef3e80000 - 0x000007fef3e8f000 	C:\Windows\system32\CSCAPI.dll
0x000007fef1a50000 - 0x000007fef1ad0000 	C:\Windows\system32\ntshrui.dll
0x000007fefd5d0000 - 0x000007fefd5f3000 	C:\Windows\system32\srvcli.dll
0x000007fefadb0000 - 0x000007fefadbb000 	C:\Windows\system32\slc.dll
0x000007fef34b0000 - 0x000007fef34dd000 	C:\Program Files\Common Files\Microsoft Shared\Ink\rtscom.dll
0x0000000074010000 - 0x0000000074021000 	C:\Program Files\Java\jdk1.8.0_60\jre\bin\prism_common.dll
0x000000005fdf0000 - 0x000000006237d000 	C:\Program Files\Java\jdk1.8.0_60\jre\bin\jfxwebkit.dll
0x000007fefd3c0000 - 0x000007fefd3d7000 	C:\Windows\system32\CRYPTSP.dll
0x000007fefd0c0000 - 0x000007fefd107000 	C:\Windows\system32\rsaenh.dll
0x000007fefcae0000 - 0x000007fefcc05000 	C:\Windows\system32\dbghelp.dll

VM Arguments:
jvm_args: -Didea.launcher.port=7533 -Didea.launcher.bin.path=C:\Program Files (x86)\JetBrains\IntelliJ IDEA Community Edition 2016.2.5\bin -Dfile.encoding=UTF-8 
java_command: com.intellij.rt.execution.application.AppMain main.Main
java_class_path (initial): C:\Program Files\Java\jdk1.8.0_60\jre\lib\charsets.jar;C:\Program Files\Java\jdk1.8.0_60\jre\lib\deploy.jar;C:\Program Files\Java\jdk1.8.0_60\jre\lib\javaws.jar;C:\Program Files\Java\jdk1.8.0_60\jre\lib\jce.jar;C:\Program Files\Java\jdk1.8.0_60\jre\lib\jfr.jar;C:\Program Files\Java\jdk1.8.0_60\jre\lib\jfxswt.jar;C:\Program Files\Java\jdk1.8.0_60\jre\lib\jsse.jar;C:\Program Files\Java\jdk1.8.0_60\jre\lib\management-agent.jar;C:\Program Files\Java\jdk1.8.0_60\jre\lib\plugin.jar;C:\Program Files\Java\jdk1.8.0_60\jre\lib\resources.jar;C:\Program Files\Java\jdk1.8.0_60\jre\lib\rt.jar;C:\Program Files\Java\jdk1.8.0_60\jre\lib\ext\access-bridge-64.jar;C:\Program Files\Java\jdk1.8.0_60\jre\lib\ext\cldrdata.jar;C:\Program Files\Java\jdk1.8.0_60\jre\lib\ext\dnsns.jar;C:\Program Files\Java\jdk1.8.0_60\jre\lib\ext\jaccess.jar;C:\Program Files\Java\jdk1.8.0_60\jre\lib\ext\jfxrt.jar;C:\Program Files\Java\jdk1.8.0_60\jre\lib\ext\localedata.jar;C:\Program Files\Java\jdk1.8.0_60\jre\lib\ext\nashorn.jar;C:\Program Files\Java\jdk1.8.0_60\jre\lib\ext\sunec.jar;C:\Program Files\Java\jdk1.8.0_60\jre\lib\ext\sunjce_provider.jar;C:\Program Files\Java\jdk1.8.0_60\jre\lib\ext\sunmscapi.jar;C:\Program Files\Java\jdk1.8.0_60\jre\lib\ext\sunpkcs11.jar;C:\Program Files\Java\jdk1.8.0_60\jre\lib\ext\zipfs.jar;D:\Semester_5\DB\Hospital\target\classes;C:\Users\Aleksey\.m2\repository\org\postgresql\postgresql\9.4.1212\postgresql-9.4.1212.jar;C:\Users\Aleksey\.m2\repository\org\hibernate\hibernate-core\5.2.4.Final\hibernate-core-5.2.4.Final.jar;C:\Users\Aleksey\.m2\repository\org\jboss\logging\jboss-logging\3.3.0.Final\jboss-logging-3.3.0.Final.jar;C:\Users\Aleksey\.m2\repository\org\hibernate\javax\persistence\hibernate-jpa-2.1-api\1.0.0.Final\hibernate-jpa-2.1-api-1.0.0.Final.jar;C:\Users\Aleksey\.m2\repository\org\javassist\javassist\3.20.0-GA\javassist-3.20.0-GA.jar;C:\Users\Aleksey\.m2\repository\antlr\antlr\2.7.7\antlr-2.7.7.jar;C:\Users\Aleksey\.m2\repository\org\ap
Launcher Type: SUN_STANDARD

Environment Variables:
CLASSPATH=.;
PATH=C:\ProgramData\Oracle\Java\javapath;C:\Program Files (x86)\Intel\iCLS Client\;C:\Program Files\Intel\iCLS Client\;C:\Windows\system32;C:\Windows;C:\Windows\System32\Wbem;C:\Windows\System32\WindowsPowerShell\v1.0\;C:\Program Files\Intel\Intel(R) Management Engine Components\DAL;C:\Program Files\Intel\Intel(R) Management Engine Components\IPT;C:\Program Files (x86)\Intel\Intel(R) Management Engine Components\DAL;C:\Program Files (x86)\Intel\Intel(R) Management Engine Components\IPT;C:\Program Files (x86)\Intel\OpenCL SDK\3.0\bin\x86;C:\Program Files (x86)\Intel\OpenCL SDK\3.0\bin\x64;C:\Program Files (x86)\Microsoft SQL Server\100\Tools\Binn\;C:\Program Files\Microsoft SQL Server\100\Tools\Binn\;C:\Program Files\Microsoft SQL Server\100\DTS\Binn\;C:\Program Files (x86)\NVIDIA Corporation\PhysX\Common;C:\ANDROID STUDIO SDK\platform-tools;C:\Program Files (x86)\Skype\Phone\;C:\Program Files\Java\jdk1.8.0_60\bin
USERNAME=Aleksey
OS=Windows_NT
PROCESSOR_IDENTIFIER=Intel64 Family 6 Model 69 Stepping 1, GenuineIntel



---------------  S Y S T E M  ---------------

OS: Windows 7 , 64 bit Build 7600 (6.1.7600.16385)

CPU:total 4 (2 cores per cpu, 2 threads per core) family 6 model 69 stepping 1, cmov, cx8, fxsr, mmx, sse, sse2, sse3, ssse3, sse4.1, sse4.2, popcnt, aes, clmul, erms, lzcnt, ht, tsc, tscinvbit, bmi1, bmi2

Memory: 4k page, physical 3896424k(475020k free), swap 20702464k(16360200k free)

vm_info: Java HotSpot(TM) 64-Bit Server VM (25.60-b23) for windows-amd64 JRE (1.8.0_60-b27), built on Aug  4 2015 11:06:27 by "java_re" with MS VC++ 10.0 (VS2010)

time: Wed Dec 07 16:36:07 2016
elapsed time: 3 seconds (0d 0h 0m 3s)

