#
# A fatal error has been detected by the Java Runtime Environment:
#
#  EXCEPTION_ILLEGAL_INSTRUCTION (0xc000001d) at pc=0x000007fef2955c01, pid=5404, tid=3468
#
# JRE version: Java(TM) SE Runtime Environment (8.0_60-b27) (build 1.8.0_60-b27)
# Java VM: Java HotSpot(TM) 64-Bit Server VM (25.60-b23 mixed mode windows-amd64 compressed oops)
# Problematic frame:
# C  [msvcr120.dll+0x95c01]
#
# Failed to write core dump. Minidumps are not enabled by default on client versions of Windows
#
# If you would like to submit a bug report, please visit:
#   http://bugreport.java.com/bugreport/crash.jsp
# The crash happened outside the Java Virtual Machine in native code.
# See problematic frame for where to report the bug.
#

---------------  T H R E A D  ---------------

Current thread (0x0000000058624000):  JavaThread "QuantumRenderer-0" daemon [_thread_in_native, id=3468, stack(0x0000000058f90000,0x0000000059090000)]

siginfo: ExceptionCode=0xc000001d

Registers:
RAX=0x3f50000000000000, RBX=0x0000000000000004, RCX=0x3f507018db07be01, RDX=0x7ff0000000000000
RSP=0x000000005908c290, RBP=0x000000005908cac0, RSI=0x000000005908cac0, RDI=0x0000000000000004
R8 =0x8000000000000000, R9 =0x0000000069ccd1f0, R10=0x000000000000000c, R11=0x0000000000000002
R12=0x0000000069ccd1f0, R13=0x0000000069ccd050, R14=0x00000000ec8d1ae4, R15=0x0000000000000004
RIP=0x000007fef2955c01, EFLAGS=0x0000000000010202

Top of Stack: (sp=0x000000005908c290)
0x000000005908c290:   000000005e5cba28 0000000000300230
0x000000005908c2a0:   0000000000300230 000000005e793ec0
0x000000005908c2b0:   00000000000000be 0000000000000010
0x000000005908c2c0:   0000000000000440 0000000000300158
0x000000005908c2d0:   0000000000307d30 0000000000300230
0x000000005908c2e0:   0000000000000040 000000005e5cba08
0x000000005908c2f0:   000000005e5cb9c8 0000000000300000
0x000000005908c300:   0001000078170005 0000000000300230
0x000000005908c310:   3fa037ab941ebba5 0000000000000000
0x000000005908c320:   3e78d06438a00000 0000000000000000
0x000000005908c330:   00000000000000cd 0000000000300230
0x000000005908c340:   00000000586022f0 000000000000000f
0x000000005908c350:   0000000058624000 0000000069cc3318
0x000000005908c360:   3f507018db07be01 3f507018db07be01
0x000000005908c370:   3fa037ab941ebba5 000000000036e690
0x000000005908c380:   00000000573b5a58 0000000000000038 

Instructions: (pc=0x000007fef2955c01)
0x000007fef2955be1:   0f 10 d0 f2 0f 10 44 24 10 f2 0f 10 4c 24 20 44
0x000007fef2955bf1:   8b 0d 15 26 02 00 e8 34 c7 00 00 e9 72 f8 ff ff
0x000007fef2955c01:   c5 fb 11 44 24 10 c5 fb 11 4c 24 20 48 8b 54 24
0x000007fef2955c11:   10 4c 8b 44 24 20 4c 8b 15 4a 26 02 00 4d 23 d0 


Register to memory mapping:

RAX=0x3f50000000000000 is an unknown value
RBX=0x0000000000000004 is an unknown value
RCX=0x3f507018db07be01 is an unknown value
RDX=0x7ff0000000000000 is an unknown value
RSP=0x000000005908c290 is pointing into the stack for thread: 0x0000000058624000
RBP=0x000000005908cac0 is pointing into the stack for thread: 0x0000000058624000
RSI=0x000000005908cac0 is pointing into the stack for thread: 0x0000000058624000
RDI=0x0000000000000004 is an unknown value
R8 =0x8000000000000000 is an unknown value
R9 =0x0000000069ccd1f0 is an unknown value
R10=0x000000000000000c is an unknown value
R11=0x0000000000000002 is an unknown value
R12=0x0000000069ccd1f0 is an unknown value
R13=0x0000000069ccd050 is an unknown value
R14=0x00000000ec8d1ae4 is an unknown value
R15=0x0000000000000004 is an unknown value


Stack: [0x0000000058f90000,0x0000000059090000],  sp=0x000000005908c290,  free space=1008k
Native frames: (J=compiled Java code, j=interpreted, Vv=VM code, C=native code)
C  [msvcr120.dll+0x95c01]
C  [prism_common.dll+0x3318]
C  [prism_common.dll+0x1abc]
C  [prism_common.dll+0x1128]
C  [prism_common.dll+0x8b7e]
C  [prism_common.dll+0x669e]
C  [prism_common.dll+0x49af]
C  [prism_common.dll+0x4649]
C  0x0000000002b85854

Java frames: (J=compiled Java code, j=interpreted, Vv=VM code)
j  com.sun.prism.impl.shape.NativePiscesRasterizer.produceStrokeAlphas([F[BIFIIF[FFDDDDDD[I[B)V+0
j  com.sun.prism.impl.shape.NativePiscesRasterizer.getMaskData(Lcom/sun/javafx/geom/Shape;Lcom/sun/prism/BasicStroke;Lcom/sun/javafx/geom/RectBounds;Lcom/sun/javafx/geom/transform/BaseTransform;ZZ)Lcom/sun/prism/impl/shape/MaskData;+487
j  com.sun.prism.impl.shape.ShapeUtil.rasterizeShape(Lcom/sun/javafx/geom/Shape;Lcom/sun/prism/BasicStroke;Lcom/sun/javafx/geom/RectBounds;Lcom/sun/javafx/geom/transform/BaseTransform;ZZ)Lcom/sun/prism/impl/shape/MaskData;+11
j  com.sun.prism.impl.ps.BaseShaderGraphics.renderShape(Lcom/sun/javafx/geom/Shape;Lcom/sun/prism/BasicStroke;FFFF)V+40
j  com.sun.prism.impl.BaseGraphics.draw(Lcom/sun/javafx/geom/Shape;)V+136
j  com.sun.prism.impl.ps.CachingShapeRepState.drawNoCache(Lcom/sun/prism/Graphics;Lcom/sun/javafx/geom/Shape;)V+2
j  com.sun.prism.impl.ps.CachingShapeRepState.render(Lcom/sun/prism/Graphics;Lcom/sun/javafx/geom/Shape;Lcom/sun/javafx/geom/RectBounds;Lcom/sun/prism/BasicStroke;)V+241
j  com.sun.prism.impl.ps.CachingShapeRep.draw(Lcom/sun/prism/Graphics;Lcom/sun/javafx/geom/Shape;Lcom/sun/javafx/geom/BaseBounds;)V+31
j  com.sun.javafx.sg.prism.NGShape.renderContent2D(Lcom/sun/prism/Graphics;Z)V+144
J 1810 C1 com.sun.javafx.sg.prism.NGShape.renderContent(Lcom/sun/prism/Graphics;)V (458 bytes) @ 0x00000000030bbb6c [0x00000000030b99e0+0x218c]
J 1574 C1 com.sun.javafx.sg.prism.NGNode.doRender(Lcom/sun/prism/Graphics;)V (473 bytes) @ 0x000000000301efd4 [0x000000000301d1a0+0x1e34]
J 1478 C1 com.sun.javafx.sg.prism.NGNode.render(Lcom/sun/prism/Graphics;)V (38 bytes) @ 0x0000000002ff2e74 [0x0000000002ff2c00+0x274]
J 1591 C1 com.sun.javafx.sg.prism.NGGroup.renderContent(Lcom/sun/prism/Graphics;)V (436 bytes) @ 0x000000000302750c [0x0000000003026180+0x138c]
J 1734 C1 com.sun.javafx.sg.prism.NGRegion.renderContent(Lcom/sun/prism/Graphics;)V (115 bytes) @ 0x0000000003088c1c [0x00000000030877c0+0x145c]
J 1574 C1 com.sun.javafx.sg.prism.NGNode.doRender(Lcom/sun/prism/Graphics;)V (473 bytes) @ 0x000000000301efd4 [0x000000000301d1a0+0x1e34]
J 1478 C1 com.sun.javafx.sg.prism.NGNode.render(Lcom/sun/prism/Graphics;)V (38 bytes) @ 0x0000000002ff2e74 [0x0000000002ff2c00+0x274]
J 1591 C1 com.sun.javafx.sg.prism.NGGroup.renderContent(Lcom/sun/prism/Graphics;)V (436 bytes) @ 0x000000000302750c [0x0000000003026180+0x138c]
J 1734 C1 com.sun.javafx.sg.prism.NGRegion.renderContent(Lcom/sun/prism/Graphics;)V (115 bytes) @ 0x0000000003088c1c [0x00000000030877c0+0x145c]
j  com.sun.javafx.sg.prism.NodeEffectInput.getImageDataForBoundedNode(Lcom/sun/scenario/effect/FilterContext;Lcom/sun/javafx/sg/prism/NGNode;Lcom/sun/javafx/sg/prism/NodeEffectInput$RenderType;Lcom/sun/javafx/geom/transform/BaseTransform;Lcom/sun/javafx/geom/Rectangle;)Lcom/sun/scenario/effect/ImageData;+103
j  com.sun.javafx.sg.prism.NodeEffectInput.filter(Lcom/sun/scenario/effect/FilterContext;Lcom/sun/javafx/geom/transform/BaseTransform;Lcom/sun/javafx/geom/Rectangle;Ljava/lang/Object;Lcom/sun/scenario/effect/Effect;)Lcom/sun/scenario/effect/ImageData;+163
j  com.sun.scenario.effect.FilterEffect.filter(Lcom/sun/scenario/effect/FilterContext;Lcom/sun/javafx/geom/transform/BaseTransform;Lcom/sun/javafx/geom/Rectangle;Ljava/lang/Object;Lcom/sun/scenario/effect/Effect;)Lcom/sun/scenario/effect/ImageData;+111
j  com.sun.scenario.effect.Offset.filter(Lcom/sun/scenario/effect/FilterContext;Lcom/sun/javafx/geom/transform/BaseTransform;Lcom/sun/javafx/geom/Rectangle;Ljava/lang/Object;Lcom/sun/scenario/effect/Effect;)Lcom/sun/scenario/effect/ImageData;+35
j  com.sun.scenario.effect.Merge.filter(Lcom/sun/scenario/effect/FilterContext;Lcom/sun/javafx/geom/transform/BaseTransform;Lcom/sun/javafx/geom/Rectangle;Ljava/lang/Object;Lcom/sun/scenario/effect/Effect;)Lcom/sun/scenario/effect/ImageData;+27
j  com.sun.scenario.effect.DelegateEffect.filter(Lcom/sun/scenario/effect/FilterContext;Lcom/sun/javafx/geom/transform/BaseTransform;Lcom/sun/javafx/geom/Rectangle;Ljava/lang/Object;Lcom/sun/scenario/effect/Effect;)Lcom/sun/scenario/effect/ImageData;+11
j  com.sun.scenario.effect.impl.prism.PrEffectHelper.render(Lcom/sun/scenario/effect/Effect;Lcom/sun/prism/Graphics;FFLcom/sun/scenario/effect/Effect;)V+511
j  com.sun.javafx.sg.prism.EffectFilter.render(Lcom/sun/prism/Graphics;)V+13
j  com.sun.javafx.sg.prism.NGNode.renderEffect(Lcom/sun/prism/Graphics;)V+5
J 1574 C1 com.sun.javafx.sg.prism.NGNode.doRender(Lcom/sun/prism/Graphics;)V (473 bytes) @ 0x000000000301f0a4 [0x000000000301d1a0+0x1f04]
J 1478 C1 com.sun.javafx.sg.prism.NGNode.render(Lcom/sun/prism/Graphics;)V (38 bytes) @ 0x0000000002ff2e74 [0x0000000002ff2c00+0x274]
J 1591 C1 com.sun.javafx.sg.prism.NGGroup.renderContent(Lcom/sun/prism/Graphics;)V (436 bytes) @ 0x000000000302750c [0x0000000003026180+0x138c]
J 1734 C1 com.sun.javafx.sg.prism.NGRegion.renderContent(Lcom/sun/prism/Graphics;)V (115 bytes) @ 0x0000000003088c1c [0x00000000030877c0+0x145c]
J 1574 C1 com.sun.javafx.sg.prism.NGNode.doRender(Lcom/sun/prism/Graphics;)V (473 bytes) @ 0x000000000301efd4 [0x000000000301d1a0+0x1e34]
J 1478 C1 com.sun.javafx.sg.prism.NGNode.render(Lcom/sun/prism/Graphics;)V (38 bytes) @ 0x0000000002ff2e74 [0x0000000002ff2c00+0x274]
j  com.sun.javafx.tk.quantum.ViewPainter.doPaint(Lcom/sun/prism/Graphics;Lcom/sun/javafx/sg/prism/NodePath;)V+201
j  com.sun.javafx.tk.quantum.ViewPainter.paintImpl(Lcom/sun/prism/Graphics;)V+982
j  com.sun.javafx.tk.quantum.PresentingPainter.run()V+326
j  java.util.concurrent.Executors$RunnableAdapter.call()Ljava/lang/Object;+4
j  java.util.concurrent.FutureTask.runAndReset()Z+47
j  com.sun.javafx.tk.RenderJob.run()V+1
j  java.util.concurrent.ThreadPoolExecutor.runWorker(Ljava/util/concurrent/ThreadPoolExecutor$Worker;)V+95
j  java.util.concurrent.ThreadPoolExecutor$Worker.run()V+5
j  com.sun.javafx.tk.quantum.QuantumRenderer$PipelineRunnable.run()V+8
j  java.lang.Thread.run()V+11
v  ~StubRoutines::call_stub

---------------  P R O C E S S  ---------------

Java Threads: ( => current thread )
  0x00000000589ad000 JavaThread "Thread-4" [_thread_blocked, id=3084, stack(0x000000005eef0000,0x000000005eff0000)]
  0x0000000058a22800 JavaThread "Prism Font Disposer" daemon [_thread_blocked, id=4044, stack(0x000000005e180000,0x000000005e280000)]
  0x000000005867a800 JavaThread "Thread-3" daemon [_thread_in_native, id=5864, stack(0x000000005ae30000,0x000000005af30000)]
  0x0000000058643800 JavaThread "JavaFX Application Thread" [_thread_blocked, id=1692, stack(0x00000000594a0000,0x00000000595a0000)]
  0x0000000058635000 JavaThread "Thread-2" daemon [_thread_blocked, id=1940, stack(0x0000000059620000,0x0000000059720000)]
=>0x0000000058624000 JavaThread "QuantumRenderer-0" daemon [_thread_in_native, id=3468, stack(0x0000000058f90000,0x0000000059090000)]
  0x00000000585d8800 JavaThread "JavaFX-Launcher" [_thread_blocked, id=192, stack(0x0000000058d00000,0x0000000058e00000)]
  0x0000000057520000 JavaThread "Monitor Ctrl-Break" daemon [_thread_in_native, id=4520, stack(0x00000000583f0000,0x00000000584f0000)]
  0x00000000552ad000 JavaThread "Service Thread" daemon [_thread_blocked, id=2936, stack(0x0000000057eb0000,0x0000000057fb0000)]
  0x000000005732a800 JavaThread "C1 CompilerThread2" daemon [_thread_blocked, id=5332, stack(0x0000000057c90000,0x0000000057d90000)]
  0x0000000057329800 JavaThread "C2 CompilerThread1" daemon [_thread_blocked, id=5372, stack(0x0000000057d90000,0x0000000057e90000)]
  0x0000000057327800 JavaThread "C2 CompilerThread0" daemon [_thread_blocked, id=5328, stack(0x0000000057b60000,0x0000000057c60000)]
  0x0000000057324000 JavaThread "Attach Listener" daemon [_thread_blocked, id=2412, stack(0x0000000057960000,0x0000000057a60000)]
  0x0000000057322800 JavaThread "Signal Dispatcher" daemon [_thread_blocked, id=5276, stack(0x00000000577a0000,0x00000000578a0000)]
  0x000000005524b000 JavaThread "Finalizer" daemon [_thread_blocked, id=1096, stack(0x0000000056330000,0x0000000056430000)]
  0x0000000055242000 JavaThread "Reference Handler" daemon [_thread_blocked, id=4760, stack(0x0000000056490000,0x0000000056590000)]
  0x00000000024e8000 JavaThread "main" [_thread_blocked, id=4164, stack(0x00000000026f0000,0x00000000027f0000)]

Other Threads:
  0x000000005523c800 VMThread [stack: 0x00000000561d0000,0x00000000562d0000] [id=4376]
  0x00000000573ae000 WatcherThread [stack: 0x00000000581d0000,0x00000000582d0000] [id=4352]

VM state:not at safepoint (normal execution)

VM Mutex/Monitor currently owned by a thread: None

Heap:
 PSYoungGen      total 17920K, used 17844K [0x00000000ec300000, 0x00000000ed700000, 0x0000000100000000)
  eden space 15360K, 99% used [0x00000000ec300000,0x00000000ed1f40c0,0x00000000ed200000)
  from space 2560K, 98% used [0x00000000ed200000,0x00000000ed479030,0x00000000ed480000)
  to   space 2560K, 0% used [0x00000000ed480000,0x00000000ed480000,0x00000000ed700000)
 ParOldGen       total 40960K, used 5910K [0x00000000c4800000, 0x00000000c7000000, 0x00000000ec300000)
  object space 40960K, 14% used [0x00000000c4800000,0x00000000c4dc58a0,0x00000000c7000000)
 Metaspace       used 17256K, capacity 17982K, committed 18176K, reserved 1064960K
  class space    used 2497K, capacity 2723K, committed 2816K, reserved 1048576K

Card table byte_map: [0x0000000011f30000,0x0000000012110000] byte_map_base: 0x000000001190c000

Marking Bits: (ParMarkBitMap*) 0x0000000069a5a5b0
 Begin Bits: [0x0000000012910000, 0x00000000137f0000)
 End Bits:   [0x00000000137f0000, 0x00000000146d0000)

Polling page: 0x00000000021d0000

CodeCache: size=245760Kb used=6053Kb max_used=6064Kb free=239706Kb
 bounds [0x0000000002b70000, 0x0000000003160000, 0x0000000011b70000]
 total_blobs=2662 nmethods=2018 adapters=556
 compilation: enabled

Compilation events (10 events):
Event: 5.971 Thread 0x000000005732a800 2016       1       javafx.scene.input.MouseEvent::getClickCount (5 bytes)
Event: 5.971 Thread 0x000000005732a800 nmethod 2016 0x0000000003153b90 code [0x0000000003153ce0, 0x0000000003153df0]
Event: 5.971 Thread 0x000000005732a800 2017       1       javafx.scene.input.MouseEvent::isStillSincePress (5 bytes)
Event: 5.971 Thread 0x000000005732a800 nmethod 2017 0x0000000003153e50 code [0x0000000003153fa0, 0x00000000031540b0]
Event: 5.972 Thread 0x000000005732a800 2022       3       com.sun.javafx.geom.RectBounds::equals (82 bytes)
Event: 5.973 Thread 0x000000005732a800 nmethod 2022 0x0000000003154110 code [0x00000000031542c0, 0x0000000003154bf0]
Event: 5.973 Thread 0x000000005732a800 2023       3       java.util.jar.Manifest$FastInputStream::readLine (9 bytes)
Event: 5.973 Thread 0x000000005732a800 nmethod 2023 0x0000000003154d90 code [0x0000000003154f00, 0x0000000003155088]
Event: 5.973 Thread 0x000000005732a800 2024       3       java.util.jar.Manifest$FastInputStream::peek (38 bytes)
Event: 5.973 Thread 0x000000005732a800 nmethod 2024 0x0000000003155150 code [0x00000000031552c0, 0x0000000003155508]

GC Heap History (6 events):
Event: 1.393 GC heap before
{Heap before GC invocations=1 (full 0):
 PSYoungGen      total 17920K, used 15360K [0x00000000ec300000, 0x00000000ed700000, 0x0000000100000000)
  eden space 15360K, 100% used [0x00000000ec300000,0x00000000ed200000,0x00000000ed200000)
  from space 2560K, 0% used [0x00000000ed480000,0x00000000ed480000,0x00000000ed700000)
  to   space 2560K, 0% used [0x00000000ed200000,0x00000000ed200000,0x00000000ed480000)
 ParOldGen       total 40960K, used 0K [0x00000000c4800000, 0x00000000c7000000, 0x00000000ec300000)
  object space 40960K, 0% used [0x00000000c4800000,0x00000000c4800000,0x00000000c7000000)
 Metaspace       used 9344K, capacity 9628K, committed 9856K, reserved 1058816K
  class space    used 1211K, capacity 1302K, committed 1408K, reserved 1048576K
Event: 1.398 GC heap after
Heap after GC invocations=1 (full 0):
 PSYoungGen      total 17920K, used 2066K [0x00000000ec300000, 0x00000000ed700000, 0x0000000100000000)
  eden space 15360K, 0% used [0x00000000ec300000,0x00000000ec300000,0x00000000ed200000)
  from space 2560K, 80% used [0x00000000ed200000,0x00000000ed4048d0,0x00000000ed480000)
  to   space 2560K, 0% used [0x00000000ed480000,0x00000000ed480000,0x00000000ed700000)
 ParOldGen       total 40960K, used 8K [0x00000000c4800000, 0x00000000c7000000, 0x00000000ec300000)
  object space 40960K, 0% used [0x00000000c4800000,0x00000000c4802000,0x00000000c7000000)
 Metaspace       used 9344K, capacity 9628K, committed 9856K, reserved 1058816K
  class space    used 1211K, capacity 1302K, committed 1408K, reserved 1048576K
}
Event: 2.271 GC heap before
{Heap before GC invocations=2 (full 0):
 PSYoungGen      total 17920K, used 17426K [0x00000000ec300000, 0x00000000ed700000, 0x0000000100000000)
  eden space 15360K, 100% used [0x00000000ec300000,0x00000000ed200000,0x00000000ed200000)
  from space 2560K, 80% used [0x00000000ed200000,0x00000000ed4048d0,0x00000000ed480000)
  to   space 2560K, 0% used [0x00000000ed480000,0x00000000ed480000,0x00000000ed700000)
 ParOldGen       total 40960K, used 8K [0x00000000c4800000, 0x00000000c7000000, 0x00000000ec300000)
  object space 40960K, 0% used [0x00000000c4800000,0x00000000c4802000,0x00000000c7000000)
 Metaspace       used 14727K, capacity 15360K, committed 15488K, reserved 1062912K
  class space    used 2191K, capacity 2362K, committed 2432K, reserved 1048576K
Event: 2.278 GC heap after
Heap after GC invocations=2 (full 0):
 PSYoungGen      total 17920K, used 2544K [0x00000000ec300000, 0x00000000ed700000, 0x0000000100000000)
  eden space 15360K, 0% used [0x00000000ec300000,0x00000000ec300000,0x00000000ed200000)
  from space 2560K, 99% used [0x00000000ed480000,0x00000000ed6fc050,0x00000000ed700000)
  to   space 2560K, 0% used [0x00000000ed200000,0x00000000ed200000,0x00000000ed480000)
 ParOldGen       total 40960K, used 1559K [0x00000000c4800000, 0x00000000c7000000, 0x00000000ec300000)
  object space 40960K, 3% used [0x00000000c4800000,0x00000000c4985f58,0x00000000c7000000)
 Metaspace       used 14727K, capacity 15360K, committed 15488K, reserved 1062912K
  class space    used 2191K, capacity 2362K, committed 2432K, reserved 1048576K
}
Event: 5.963 GC heap before
{Heap before GC invocations=3 (full 0):
 PSYoungGen      total 17920K, used 17888K [0x00000000ec300000, 0x00000000ed700000, 0x0000000100000000)
  eden space 15360K, 99% used [0x00000000ec300000,0x00000000ed1fc140,0x00000000ed200000)
  from space 2560K, 99% used [0x00000000ed480000,0x00000000ed6fc050,0x00000000ed700000)
  to   space 2560K, 0% used [0x00000000ed200000,0x00000000ed200000,0x00000000ed480000)
 ParOldGen       total 40960K, used 1559K [0x00000000c4800000, 0x00000000c7000000, 0x00000000ec300000)
  object space 40960K, 3% used [0x00000000c4800000,0x00000000c4985f58,0x00000000c7000000)
 Metaspace       used 17246K, capacity 17982K, committed 18176K, reserved 1064960K
  class space    used 2497K, capacity 2723K, committed 2816K, reserved 1048576K
Event: 5.970 GC heap after
Heap after GC invocations=3 (full 0):
 PSYoungGen      total 17920K, used 2532K [0x00000000ec300000, 0x00000000ed700000, 0x0000000100000000)
  eden space 15360K, 0% used [0x00000000ec300000,0x00000000ec300000,0x00000000ed200000)
  from space 2560K, 98% used [0x00000000ed200000,0x00000000ed479030,0x00000000ed480000)
  to   space 2560K, 0% used [0x00000000ed480000,0x00000000ed480000,0x00000000ed700000)
 ParOldGen       total 40960K, used 3705K [0x00000000c4800000, 0x00000000c7000000, 0x00000000ec300000)
  object space 40960K, 9% used [0x00000000c4800000,0x00000000c4b9e6c0,0x00000000c7000000)
 Metaspace       used 17246K, capacity 17982K, committed 18176K, reserved 1064960K
  class space    used 2497K, capacity 2723K, committed 2816K, reserved 1048576K
}

Deoptimization events (10 events):
Event: 2.119 Thread 0x0000000058643800 Uncommon trap: reason=class_check action=maybe_recompile pc=0x0000000002e612d0 method=java.io.DataInputStream.readShort()S @ 4
Event: 2.119 Thread 0x0000000058643800 Uncommon trap: reason=class_check action=maybe_recompile pc=0x0000000002e612d0 method=java.io.DataInputStream.readShort()S @ 4
Event: 2.124 Thread 0x0000000058643800 Uncommon trap: reason=class_check action=maybe_recompile pc=0x0000000002d07b98 method=java.lang.String.equals(Ljava/lang/Object;)Z @ 8
Event: 2.124 Thread 0x0000000058643800 Uncommon trap: reason=class_check action=maybe_recompile pc=0x0000000002d07b98 method=java.lang.String.equals(Ljava/lang/Object;)Z @ 8
Event: 2.124 Thread 0x0000000058643800 Uncommon trap: reason=class_check action=maybe_recompile pc=0x0000000002d07b98 method=java.lang.String.equals(Ljava/lang/Object;)Z @ 8
Event: 2.127 Thread 0x0000000058643800 Uncommon trap: reason=class_check action=maybe_recompile pc=0x0000000002d07b98 method=java.lang.String.equals(Ljava/lang/Object;)Z @ 8
Event: 2.248 Thread 0x0000000058643800 Uncommon trap: reason=unstable_if action=reinterpret pc=0x0000000002e86e58 method=java.lang.String.regionMatches(ZILjava/lang/String;II)Z @ 123
Event: 2.430 Thread 0x0000000058643800 Uncommon trap: reason=unstable_if action=reinterpret pc=0x0000000002c87f40 method=java.lang.CharacterData.of(I)Ljava/lang/CharacterData; @ 4
Event: 2.490 Thread 0x0000000058643800 Uncommon trap: reason=unstable_if action=reinterpret pc=0x0000000002ecb064 method=jdk.internal.org.objectweb.asm.Type.getArgumentsAndReturnSizes(Ljava/lang/String;)I @ 47
Event: 4.120 Thread 0x0000000058624000 Uncommon trap: reason=unstable_if action=reinterpret pc=0x000000000305f0f4 method=com.sun.javafx.geom.RectBounds.isEmpty()Z @ 21

Internal exceptions (10 events):
Event: 0.749 Thread 0x00000000585d8800 Exception <a 'java/security/PrivilegedActionException'> (0x00000000ec73ada0) thrown at [C:\re\workspace\8-2-build-windows-amd64-cygwin\jdk8u60\4407\hotspot\src\share\vm\prims\jvm.cpp, line 1386]
Event: 0.749 Thread 0x00000000585d8800 Exception <a 'java/security/PrivilegedActionException'> (0x00000000ec73afb0) thrown at [C:\re\workspace\8-2-build-windows-amd64-cygwin\jdk8u60\4407\hotspot\src\share\vm\prims\jvm.cpp, line 1386]
Event: 0.749 Thread 0x00000000585d8800 Exception <a 'java/lang/NullPointerException'> (0x00000000ec73b588) thrown at [C:\re\workspace\8-2-build-windows-amd64-cygwin\jdk8u60\4407\hotspot\src\share\vm\interpreter\linkResolver.cpp, line 1178]
Event: 0.788 Thread 0x00000000585d8800 Implicit null exception at 0x0000000002c96fc1 to 0x0000000002c97199
Event: 1.205 Thread 0x0000000058643800 Exception <a 'java/lang/NullPointerException'> (0x00000000ecded3d8) thrown at [C:\re\workspace\8-2-build-windows-amd64-cygwin\jdk8u60\4407\hotspot\src\share\vm\interpreter\linkResolver.cpp, line 1178]
Event: 1.205 Thread 0x0000000058643800 Exception <a 'java/lang/NullPointerException'> (0x00000000ecded3d8) thrown at [C:\re\workspace\8-2-build-windows-amd64-cygwin\jdk8u60\4407\hotspot\src\share\vm\prims\jvm.cpp, line 1390]
Event: 1.920 Thread 0x0000000058643800 Exception <a 'java/lang/ArrayIndexOutOfBoundsException'> (0x00000000ecb71550) thrown at [C:\re\workspace\8-2-build-windows-amd64-cygwin\jdk8u60\4407\hotspot\src\share\vm\runtime\sharedRuntime.cpp, line 605]
Event: 1.920 Thread 0x0000000058643800 Exception <a 'java/lang/ArrayIndexOutOfBoundsException'> (0x00000000ecb72250) thrown at [C:\re\workspace\8-2-build-windows-amd64-cygwin\jdk8u60\4407\hotspot\src\share\vm\runtime\sharedRuntime.cpp, line 605]
Event: 1.921 Thread 0x0000000058643800 Exception <a 'java/lang/ArrayIndexOutOfBoundsException'> (0x00000000ecb735f8) thrown at [C:\re\workspace\8-2-build-windows-amd64-cygwin\jdk8u60\4407\hotspot\src\share\vm\runtime\sharedRuntime.cpp, line 605]
Event: 2.003 Thread 0x0000000058643800 Implicit null exception at 0x0000000002e841e5 to 0x0000000002e843f5

Events (10 events):
Event: 5.955 loading class com/jfoenix/controls/JFXRippler$RippleGenerator$$Lambda$2 done
Event: 5.956 Thread 0x00000000589ad000 Thread added: 0x00000000589ad000
Event: 5.957 loading class util/DBControl
Event: 5.957 loading class util/DBControl done
Event: 5.957 loading class org/hibernate/criterion/Criterion
Event: 5.957 loading class org/hibernate/criterion/Criterion done
Event: 5.963 Executing VM operation: ParallelGCFailedAllocation
Event: 5.970 Executing VM operation: ParallelGCFailedAllocation done
Event: 5.971 Executing VM operation: RevokeBias
Event: 5.972 Executing VM operation: RevokeBias done


Dynamic libraries:
0x000000013ff60000 - 0x000000013ff97000 	C:\Program Files\Java\jdk1.8.0_60\bin\java.exe
0x00000000777c0000 - 0x000000007796b000 	C:\Windows\SYSTEM32\ntdll.dll
0x00000000775a0000 - 0x00000000776bf000 	C:\Windows\system32\kernel32.dll
0x000007fefd7d0000 - 0x000007fefd83b000 	C:\Windows\system32\KERNELBASE.dll
0x000007feff800000 - 0x000007feff8db000 	C:\Windows\system32\ADVAPI32.dll
0x000007fefe7d0000 - 0x000007fefe86f000 	C:\Windows\system32\msvcrt.dll
0x000007fefe3e0000 - 0x000007fefe3ff000 	C:\Windows\SYSTEM32\sechost.dll
0x000007feff980000 - 0x000007feffaae000 	C:\Windows\system32\RPCRT4.dll
0x00000000776c0000 - 0x00000000777ba000 	C:\Windows\system32\USER32.dll
0x000007fefe870000 - 0x000007fefe8d7000 	C:\Windows\system32\GDI32.dll
0x000007fefe3d0000 - 0x000007fefe3de000 	C:\Windows\system32\LPK.dll
0x000007fefe5f0000 - 0x000007fefe6ba000 	C:\Windows\system32\USP10.dll
0x000007fefbb10000 - 0x000007fefbd04000 	C:\Windows\WinSxS\amd64_microsoft.windows.common-controls_6595b64144ccf1df_6.0.7600.16385_none_fa645303170382f6\COMCTL32.dll
0x000007fefe4f0000 - 0x000007fefe561000 	C:\Windows\system32\SHLWAPI.dll
0x000007fefe6c0000 - 0x000007fefe6ee000 	C:\Windows\system32\IMM32.DLL
0x000007fefdf30000 - 0x000007fefe039000 	C:\Windows\system32\MSCTF.dll
0x000007fefd6d0000 - 0x000007fefd701000 	C:\Windows\system32\nvinitx.dll
0x000007fefd6c0000 - 0x000007fefd6cc000 	C:\Windows\system32\VERSION.dll
0x0000000073890000 - 0x0000000073896000 	C:\Program Files\NVIDIA Corporation\CoProcManager\detoured.dll
0x000007fefa290000 - 0x000007fefa2c2000 	C:\Program Files\NVIDIA Corporation\CoProcManager\nvd3d9wrapx.dll
0x000007fefdaf0000 - 0x000007fefdcc7000 	C:\Windows\system32\SETUPAPI.dll
0x000007fefda90000 - 0x000007fefdac6000 	C:\Windows\system32\CFGMGR32.dll
0x000007fefe6f0000 - 0x000007fefe7c7000 	C:\Windows\system32\OLEAUT32.dll
0x000007fefe1c0000 - 0x000007fefe3c1000 	C:\Windows\system32\ole32.dll
0x000007fefdad0000 - 0x000007fefdaea000 	C:\Windows\system32\DEVOBJ.dll
0x000007fefa260000 - 0x000007fefa282000 	C:\Program Files\NVIDIA Corporation\CoProcManager\nvdxgiwrapx.dll
0x000007fefd4b0000 - 0x000007fefd546000 	C:\Windows\system32\guard64.dll
0x0000000077980000 - 0x0000000077987000 	C:\Windows\system32\PSAPI.DLL
0x000007fefd480000 - 0x000007fefd489000 	C:\Windows\system32\fltlib.dll
0x000000006c740000 - 0x000000006c812000 	C:\Program Files\Java\jdk1.8.0_60\jre\bin\msvcr100.dll
0x0000000069250000 - 0x0000000069ad9000 	C:\Program Files\Java\jdk1.8.0_60\jre\bin\server\jvm.dll
0x000007fef6800000 - 0x000007fef6809000 	C:\Windows\system32\WSOCK32.dll
0x0000000002180000 - 0x00000000021cd000 	C:\Windows\system32\WS2_32.dll
0x000007fefe8e0000 - 0x000007fefe8e8000 	C:\Windows\system32\NSI.dll
0x000007fefc5c0000 - 0x000007fefc5fb000 	C:\Windows\system32\WINMM.dll
0x0000000074300000 - 0x000000007430f000 	C:\Program Files\Java\jdk1.8.0_60\jre\bin\verify.dll
0x0000000072150000 - 0x0000000072179000 	C:\Program Files\Java\jdk1.8.0_60\jre\bin\java.dll
0x00000000721e0000 - 0x00000000721f6000 	C:\Program Files\Java\jdk1.8.0_60\jre\bin\zip.dll
0x0000000056590000 - 0x0000000057316000 	C:\Windows\system32\SHELL32.dll
0x000007fefd710000 - 0x000007fefd71f000 	C:\Windows\system32\profapi.dll
0x000007fefa6c0000 - 0x000007fefa6d0000 	C:\Program Files (x86)\JetBrains\IntelliJ IDEA Community Edition 2016.2.5\bin\breakgen64.dll
0x0000000072110000 - 0x000000007212a000 	C:\Program Files\Java\jdk1.8.0_60\jre\bin\net.dll
0x000007fefce80000 - 0x000007fefced4000 	C:\Windows\system32\mswsock.dll
0x000007fefce70000 - 0x000007fefce77000 	C:\Windows\System32\wship6.dll
0x000007fef28c0000 - 0x000007fef29af000 	C:\Program Files\Java\jdk1.8.0_60\jre\bin\msvcr120.dll
0x000007feea2e0000 - 0x000007feea386000 	C:\Program Files\Java\jdk1.8.0_60\jre\bin\msvcp120.dll
0x0000000069d30000 - 0x0000000069d53000 	C:\Program Files\Java\jdk1.8.0_60\jre\bin\prism_d3d.dll
0x000007fedf700000 - 0x000007fedf8ff000 	C:\Windows\system32\d3d9.dll
0x000007fefa4b0000 - 0x000007fefa4b7000 	C:\Windows\system32\d3d8thk.dll
0x000007fefb360000 - 0x000007fefb378000 	C:\Windows\system32\dwmapi.dll
0x000007fefda50000 - 0x000007fefda89000 	C:\Windows\system32\WINTRUST.dll
0x000007fefd8e0000 - 0x000007fefda46000 	C:\Windows\system32\CRYPT32.dll
0x0000000002270000 - 0x000000000227f000 	C:\Windows\system32\MSASN1.dll
0x000007fefb790000 - 0x000007fefb7e6000 	C:\Windows\system32\uxtheme.dll
0x000007fef90c0000 - 0x000007fef913e000 	C:\Windows\system32\nvumdshimx.dll
0x000007fedeeb0000 - 0x000007fedf6fc000 	C:\Windows\system32\igdumdim64.dll
0x000007fef7650000 - 0x000007fef7a83000 	C:\Windows\system32\igdusc64.dll
0x0000000069ce0000 - 0x0000000069d23000 	C:\Program Files\Java\jdk1.8.0_60\jre\bin\glass.dll
0x000007feff8e0000 - 0x000007feff978000 	C:\Windows\system32\COMDLG32.dll
0x000007fefd5f0000 - 0x000007fefd5ff000 	C:\Windows\system32\CRYPTBASE.dll
0x000000006e8f0000 - 0x000000006e904000 	C:\Program Files\Java\jdk1.8.0_60\jre\bin\javafx_font.dll
0x000007feded30000 - 0x000007fedeeab000 	C:\Windows\system32\dwrite.dll
0x000007fefe450000 - 0x000007fefe4e9000 	C:\Windows\system32\CLBCatQ.DLL
0x000007fefb1c0000 - 0x000007fefb2ea000 	C:\Windows\system32\WindowsCodecs.dll
0x000007fefd590000 - 0x000007fefd5e7000 	C:\Windows\system32\apphelp.dll
0x000007fef6ec0000 - 0x000007fef6ef5000 	C:\Windows\system32\EhStorShell.dll
0x000007fefb990000 - 0x000007fefbabc000 	C:\Windows\system32\PROPSYS.dll
0x000007fef6e40000 - 0x000007fef6ebe000 	C:\Windows\System32\cscui.dll
0x000007fef6e30000 - 0x000007fef6e3c000 	C:\Windows\System32\CSCDLL.dll
0x000007fef6e20000 - 0x000007fef6e2f000 	C:\Windows\system32\CSCAPI.dll
0x000007fef6da0000 - 0x000007fef6e20000 	C:\Windows\system32\ntshrui.dll
0x000007fefd0e0000 - 0x000007fefd103000 	C:\Windows\system32\srvcli.dll
0x000007fefa8d0000 - 0x000007fefa8db000 	C:\Windows\system32\slc.dll
0x000007fef4d20000 - 0x000007fef4d4d000 	C:\Program Files\Common Files\Microsoft Shared\Ink\rtscom.dll
0x0000000069cc0000 - 0x0000000069cd1000 	C:\Program Files\Java\jdk1.8.0_60\jre\bin\prism_common.dll
0x000007fefc600000 - 0x000007fefc725000 	C:\Windows\system32\dbghelp.dll

VM Arguments:
jvm_args: -Didea.launcher.port=7532 -Didea.launcher.bin.path=C:\Program Files (x86)\JetBrains\IntelliJ IDEA Community Edition 2016.2.5\bin -Dfile.encoding=UTF-8 
java_command: com.intellij.rt.execution.application.AppMain main.Main
java_class_path (initial): C:\Program Files\Java\jdk1.8.0_60\jre\lib\charsets.jar;C:\Program Files\Java\jdk1.8.0_60\jre\lib\deploy.jar;C:\Program Files\Java\jdk1.8.0_60\jre\lib\javaws.jar;C:\Program Files\Java\jdk1.8.0_60\jre\lib\jce.jar;C:\Program Files\Java\jdk1.8.0_60\jre\lib\jfr.jar;C:\Program Files\Java\jdk1.8.0_60\jre\lib\jfxswt.jar;C:\Program Files\Java\jdk1.8.0_60\jre\lib\jsse.jar;C:\Program Files\Java\jdk1.8.0_60\jre\lib\management-agent.jar;C:\Program Files\Java\jdk1.8.0_60\jre\lib\plugin.jar;C:\Program Files\Java\jdk1.8.0_60\jre\lib\resources.jar;C:\Program Files\Java\jdk1.8.0_60\jre\lib\rt.jar;C:\Program Files\Java\jdk1.8.0_60\jre\lib\ext\access-bridge-64.jar;C:\Program Files\Java\jdk1.8.0_60\jre\lib\ext\cldrdata.jar;C:\Program Files\Java\jdk1.8.0_60\jre\lib\ext\dnsns.jar;C:\Program Files\Java\jdk1.8.0_60\jre\lib\ext\jaccess.jar;C:\Program Files\Java\jdk1.8.0_60\jre\lib\ext\jfxrt.jar;C:\Program Files\Java\jdk1.8.0_60\jre\lib\ext\localedata.jar;C:\Program Files\Java\jdk1.8.0_60\jre\lib\ext\nashorn.jar;C:\Program Files\Java\jdk1.8.0_60\jre\lib\ext\sunec.jar;C:\Program Files\Java\jdk1.8.0_60\jre\lib\ext\sunjce_provider.jar;C:\Program Files\Java\jdk1.8.0_60\jre\lib\ext\sunmscapi.jar;C:\Program Files\Java\jdk1.8.0_60\jre\lib\ext\sunpkcs11.jar;C:\Program Files\Java\jdk1.8.0_60\jre\lib\ext\zipfs.jar;D:\Semester_5\DB\Hospital\target\classes;C:\Users\Aleksey\Downloads\jfoenix.jar;C:\Users\Aleksey\.m2\repository\org\postgresql\postgresql\9.4.1212\postgresql-9.4.1212.jar;C:\Users\Aleksey\.m2\repository\org\hibernate\hibernate-core\5.2.4.Final\hibernate-core-5.2.4.Final.jar;C:\Users\Aleksey\.m2\repository\org\jboss\logging\jboss-logging\3.3.0.Final\jboss-logging-3.3.0.Final.jar;C:\Users\Aleksey\.m2\repository\org\hibernate\javax\persistence\hibernate-jpa-2.1-api\1.0.0.Final\hibernate-jpa-2.1-api-1.0.0.Final.jar;C:\Users\Aleksey\.m2\repository\org\javassist\javassist\3.20.0-GA\javassist-3.20.0-GA.jar;C:\Users\Aleksey\.m2\repository\antlr\antlr\2.7.7\antlr-2.7.7.jar
Launcher Type: SUN_STANDARD

Environment Variables:
CLASSPATH=.;
PATH=C:\ProgramData\Oracle\Java\javapath;C:\Program Files (x86)\Intel\iCLS Client\;C:\Program Files\Intel\iCLS Client\;C:\Windows\system32;C:\Windows;C:\Windows\System32\Wbem;C:\Windows\System32\WindowsPowerShell\v1.0\;C:\Program Files\Intel\Intel(R) Management Engine Components\DAL;C:\Program Files\Intel\Intel(R) Management Engine Components\IPT;C:\Program Files (x86)\Intel\Intel(R) Management Engine Components\DAL;C:\Program Files (x86)\Intel\Intel(R) Management Engine Components\IPT;C:\Program Files (x86)\Intel\OpenCL SDK\3.0\bin\x86;C:\Program Files (x86)\Intel\OpenCL SDK\3.0\bin\x64;C:\Program Files (x86)\Microsoft SQL Server\100\Tools\Binn\;C:\Program Files\Microsoft SQL Server\100\Tools\Binn\;C:\Program Files\Microsoft SQL Server\100\DTS\Binn\;C:\Program Files (x86)\NVIDIA Corporation\PhysX\Common;C:\ANDROID STUDIO SDK\platform-tools;C:\Program Files (x86)\Skype\Phone\;C:\Program Files\Java\jdk1.8.0_60\bin;C:\Program Files (x86)\Rational\common
USERNAME=Aleksey
OS=Windows_NT
PROCESSOR_IDENTIFIER=Intel64 Family 6 Model 69 Stepping 1, GenuineIntel



---------------  S Y S T E M  ---------------

OS: Windows 7 , 64 bit Build 7600 (6.1.7600.16385)

CPU:total 4 (2 cores per cpu, 2 threads per core) family 6 model 69 stepping 1, cmov, cx8, fxsr, mmx, sse, sse2, sse3, ssse3, sse4.1, sse4.2, popcnt, aes, clmul, erms, lzcnt, ht, tsc, tscinvbit, bmi1, bmi2

Memory: 4k page, physical 3896424k(1442088k free), swap 20702464k(16819852k free)

vm_info: Java HotSpot(TM) 64-Bit Server VM (25.60-b23) for windows-amd64 JRE (1.8.0_60-b27), built on Aug  4 2015 11:06:27 by "java_re" with MS VC++ 10.0 (VS2010)

time: Thu Dec 29 21:27:31 2016
elapsed time: 6 seconds (0d 0h 0m 6s)

