#
# A fatal error has been detected by the Java Runtime Environment:
#
#  EXCEPTION_ILLEGAL_INSTRUCTION (0xc000001d) at pc=0x000007fef2a75c01, pid=5868, tid=3096
#
# JRE version: Java(TM) SE Runtime Environment (8.0_60-b27) (build 1.8.0_60-b27)
# Java VM: Java HotSpot(TM) 64-Bit Server VM (25.60-b23 mixed mode windows-amd64 compressed oops)
# Problematic frame:
# C  [msvcr120.dll+0x95c01]
#
# Failed to write core dump. Minidumps are not enabled by default on client versions of Windows
#
# If you would like to submit a bug report, please visit:
#   http://bugreport.java.com/bugreport/crash.jsp
# The crash happened outside the Java Virtual Machine in native code.
# See problematic frame for where to report the bug.
#

---------------  T H R E A D  ---------------

Current thread (0x000000005890d800):  JavaThread "QuantumRenderer-0" daemon [_thread_in_native, id=3096, stack(0x0000000059010000,0x0000000059110000)]

siginfo: ExceptionCode=0xc000001d

Registers:
RAX=0x3f50000000000000, RBX=0x0000000000000004, RCX=0x3f567aa08067a1c6, RDX=0x7ff0000000000000
RSP=0x000000005910c130, RBP=0x000000005910c960, RSI=0x000000005910c960, RDI=0x0000000000000004
R8 =0x8000000000000000, R9 =0x000000006bd3d1f0, R10=0x000000000000000c, R11=0x0000000000000008
R12=0x000000006bd3d1f0, R13=0x000000006bd3d050, R14=0x00000000ec5f7b0c, R15=0x0000000000000004
RIP=0x000007fef2a75c01, EFLAGS=0x0000000000010202

Top of Stack: (sp=0x000000005910c130)
0x000000005910c130:   0000000000000000 00000000003f7d30
0x000000005910c140:   00000000003f7d30 00000000004e6f30
0x000000005910c150:   0000000000000000 0000000000000010
0x000000005910c160:   00000000588fae40 00000000003f0158
0x000000005910c170:   0000000058a45be0 00000000003f0230
0x000000005910c180:   0000000000000000 0000000000000000
0x000000005910c190:   000000005743c190 00000000003f0000
0x000000005910c1a0:   00000000588fae40 00000000003f0230
0x000000005910c1b0:   3fa2f6fe137820b6 0000000000000000
0x000000005910c1c0:   be771c886aa00000 0000000000000000
0x000000005910c1d0:   000000005890d800 00000000003f7d30
0x000000005910c1e0:   0000000000000000 00000000000001e1
0x000000005910c1f0:   0000000000000000 000000006bd33318
0x000000005910c200:   3f567aa08067a1c6 3f567aa08067a1c6
0x000000005910c210:   3fa2f6fe137820b6 00000000004e0260
0x000000005910c220:   0000000000000001 000000000000020a 

Instructions: (pc=0x000007fef2a75c01)
0x000007fef2a75be1:   0f 10 d0 f2 0f 10 44 24 10 f2 0f 10 4c 24 20 44
0x000007fef2a75bf1:   8b 0d 15 26 02 00 e8 34 c7 00 00 e9 72 f8 ff ff
0x000007fef2a75c01:   c5 fb 11 44 24 10 c5 fb 11 4c 24 20 48 8b 54 24
0x000007fef2a75c11:   10 4c 8b 44 24 20 4c 8b 15 4a 26 02 00 4d 23 d0 


Register to memory mapping:

RAX=0x3f50000000000000 is an unknown value
RBX=0x0000000000000004 is an unknown value
RCX=0x3f567aa08067a1c6 is an unknown value
RDX=0x7ff0000000000000 is an unknown value
RSP=0x000000005910c130 is pointing into the stack for thread: 0x000000005890d800
RBP=0x000000005910c960 is pointing into the stack for thread: 0x000000005890d800
RSI=0x000000005910c960 is pointing into the stack for thread: 0x000000005890d800
RDI=0x0000000000000004 is an unknown value
R8 =0x8000000000000000 is an unknown value
R9 =0x000000006bd3d1f0 is an unknown value
R10=0x000000000000000c is an unknown value
R11=0x0000000000000008 is an unknown value
R12=0x000000006bd3d1f0 is an unknown value
R13=0x000000006bd3d050 is an unknown value
R14=0x00000000ec5f7b0c is an unknown value
R15=0x0000000000000004 is an unknown value


Stack: [0x0000000059010000,0x0000000059110000],  sp=0x000000005910c130,  free space=1008k
Native frames: (J=compiled Java code, j=interpreted, Vv=VM code, C=native code)
C  [msvcr120.dll+0x95c01]
C  [prism_common.dll+0x3318]
C  [prism_common.dll+0x1abc]
C  [prism_common.dll+0x1128]
C  [prism_common.dll+0x8b7e]
C  [prism_common.dll+0x669e]
C  [prism_common.dll+0x49af]
C  [prism_common.dll+0x4649]
C  0x0000000002c95854

Java frames: (J=compiled Java code, j=interpreted, Vv=VM code)
j  com.sun.prism.impl.shape.NativePiscesRasterizer.produceStrokeAlphas([F[BIFIIF[FFDDDDDD[I[B)V+0
J 2052 C1 com.sun.prism.impl.shape.NativePiscesRasterizer.getMaskData(Lcom/sun/javafx/geom/Shape;Lcom/sun/prism/BasicStroke;Lcom/sun/javafx/geom/RectBounds;Lcom/sun/javafx/geom/transform/BaseTransform;ZZ)Lcom/sun/prism/impl/shape/MaskData; (621 bytes) @ 0x000000000328b18c [0x0000000003288d60+0x242c]
J 2126 C1 com.sun.prism.impl.ps.BaseShaderGraphics.renderShape(Lcom/sun/javafx/geom/Shape;Lcom/sun/prism/BasicStroke;FFFF)V (255 bytes) @ 0x00000000032bc0fc [0x00000000032bbe00+0x2fc]
j  com.sun.prism.impl.BaseGraphics.draw(Lcom/sun/javafx/geom/Shape;)V+136
j  com.sun.prism.impl.ps.CachingShapeRepState.drawNoCache(Lcom/sun/prism/Graphics;Lcom/sun/javafx/geom/Shape;)V+2
j  com.sun.prism.impl.ps.CachingShapeRepState.render(Lcom/sun/prism/Graphics;Lcom/sun/javafx/geom/Shape;Lcom/sun/javafx/geom/RectBounds;Lcom/sun/prism/BasicStroke;)V+241
j  com.sun.prism.impl.ps.CachingShapeRep.draw(Lcom/sun/prism/Graphics;Lcom/sun/javafx/geom/Shape;Lcom/sun/javafx/geom/BaseBounds;)V+31
j  com.sun.javafx.sg.prism.NGShape.renderContent2D(Lcom/sun/prism/Graphics;Z)V+144
J 1750 C1 com.sun.javafx.sg.prism.NGShape.renderContent(Lcom/sun/prism/Graphics;)V (458 bytes) @ 0x00000000031b0fac [0x00000000031aee20+0x218c]
J 1327 C1 com.sun.javafx.sg.prism.NGNode.doRender(Lcom/sun/prism/Graphics;)V (473 bytes) @ 0x00000000030be624 [0x00000000030bc7e0+0x1e44]
J 1331 C1 com.sun.javafx.sg.prism.NGNode.render(Lcom/sun/prism/Graphics;)V (38 bytes) @ 0x00000000030c27b4 [0x00000000030c2540+0x274]
J 1503 C1 com.sun.javafx.sg.prism.NGGroup.renderContent(Lcom/sun/prism/Graphics;)V (436 bytes) @ 0x0000000003115b4c [0x00000000031147c0+0x138c]
J 1708 C1 com.sun.javafx.sg.prism.NGRegion.renderContent(Lcom/sun/prism/Graphics;)V (115 bytes) @ 0x000000000319579c [0x0000000003194340+0x145c]
J 1327 C1 com.sun.javafx.sg.prism.NGNode.doRender(Lcom/sun/prism/Graphics;)V (473 bytes) @ 0x00000000030be624 [0x00000000030bc7e0+0x1e44]
J 1331 C1 com.sun.javafx.sg.prism.NGNode.render(Lcom/sun/prism/Graphics;)V (38 bytes) @ 0x00000000030c27b4 [0x00000000030c2540+0x274]
J 1503 C1 com.sun.javafx.sg.prism.NGGroup.renderContent(Lcom/sun/prism/Graphics;)V (436 bytes) @ 0x0000000003115b4c [0x00000000031147c0+0x138c]
J 1708 C1 com.sun.javafx.sg.prism.NGRegion.renderContent(Lcom/sun/prism/Graphics;)V (115 bytes) @ 0x000000000319579c [0x0000000003194340+0x145c]
j  com.sun.javafx.sg.prism.NodeEffectInput.getImageDataForBoundedNode(Lcom/sun/scenario/effect/FilterContext;Lcom/sun/javafx/sg/prism/NGNode;Lcom/sun/javafx/sg/prism/NodeEffectInput$RenderType;Lcom/sun/javafx/geom/transform/BaseTransform;Lcom/sun/javafx/geom/Rectangle;)Lcom/sun/scenario/effect/ImageData;+103
j  com.sun.javafx.sg.prism.NodeEffectInput.filter(Lcom/sun/scenario/effect/FilterContext;Lcom/sun/javafx/geom/transform/BaseTransform;Lcom/sun/javafx/geom/Rectangle;Ljava/lang/Object;Lcom/sun/scenario/effect/Effect;)Lcom/sun/scenario/effect/ImageData;+163
j  com.sun.scenario.effect.FilterEffect.filter(Lcom/sun/scenario/effect/FilterContext;Lcom/sun/javafx/geom/transform/BaseTransform;Lcom/sun/javafx/geom/Rectangle;Ljava/lang/Object;Lcom/sun/scenario/effect/Effect;)Lcom/sun/scenario/effect/ImageData;+111
j  com.sun.scenario.effect.Offset.filter(Lcom/sun/scenario/effect/FilterContext;Lcom/sun/javafx/geom/transform/BaseTransform;Lcom/sun/javafx/geom/Rectangle;Ljava/lang/Object;Lcom/sun/scenario/effect/Effect;)Lcom/sun/scenario/effect/ImageData;+35
j  com.sun.scenario.effect.Merge.filter(Lcom/sun/scenario/effect/FilterContext;Lcom/sun/javafx/geom/transform/BaseTransform;Lcom/sun/javafx/geom/Rectangle;Ljava/lang/Object;Lcom/sun/scenario/effect/Effect;)Lcom/sun/scenario/effect/ImageData;+27
j  com.sun.scenario.effect.DelegateEffect.filter(Lcom/sun/scenario/effect/FilterContext;Lcom/sun/javafx/geom/transform/BaseTransform;Lcom/sun/javafx/geom/Rectangle;Ljava/lang/Object;Lcom/sun/scenario/effect/Effect;)Lcom/sun/scenario/effect/ImageData;+11
j  com.sun.scenario.effect.impl.prism.PrEffectHelper.render(Lcom/sun/scenario/effect/Effect;Lcom/sun/prism/Graphics;FFLcom/sun/scenario/effect/Effect;)V+511
j  com.sun.javafx.sg.prism.EffectFilter.render(Lcom/sun/prism/Graphics;)V+13
j  com.sun.javafx.sg.prism.NGNode.renderEffect(Lcom/sun/prism/Graphics;)V+5
J 1327 C1 com.sun.javafx.sg.prism.NGNode.doRender(Lcom/sun/prism/Graphics;)V (473 bytes) @ 0x00000000030be6f4 [0x00000000030bc7e0+0x1f14]
J 1331 C1 com.sun.javafx.sg.prism.NGNode.render(Lcom/sun/prism/Graphics;)V (38 bytes) @ 0x00000000030c27b4 [0x00000000030c2540+0x274]
J 1503 C1 com.sun.javafx.sg.prism.NGGroup.renderContent(Lcom/sun/prism/Graphics;)V (436 bytes) @ 0x0000000003115b4c [0x00000000031147c0+0x138c]
J 1708 C1 com.sun.javafx.sg.prism.NGRegion.renderContent(Lcom/sun/prism/Graphics;)V (115 bytes) @ 0x000000000319579c [0x0000000003194340+0x145c]
J 1327 C1 com.sun.javafx.sg.prism.NGNode.doRender(Lcom/sun/prism/Graphics;)V (473 bytes) @ 0x00000000030be624 [0x00000000030bc7e0+0x1e44]
J 1331 C1 com.sun.javafx.sg.prism.NGNode.render(Lcom/sun/prism/Graphics;)V (38 bytes) @ 0x00000000030c27b4 [0x00000000030c2540+0x274]
j  com.sun.javafx.tk.quantum.ViewPainter.doPaint(Lcom/sun/prism/Graphics;Lcom/sun/javafx/sg/prism/NodePath;)V+201
j  com.sun.javafx.tk.quantum.ViewPainter.paintImpl(Lcom/sun/prism/Graphics;)V+982
j  com.sun.javafx.tk.quantum.PresentingPainter.run()V+326
j  java.util.concurrent.Executors$RunnableAdapter.call()Ljava/lang/Object;+4
j  java.util.concurrent.FutureTask.runAndReset()Z+47
j  com.sun.javafx.tk.RenderJob.run()V+1
j  java.util.concurrent.ThreadPoolExecutor.runWorker(Ljava/util/concurrent/ThreadPoolExecutor$Worker;)V+95
j  java.util.concurrent.ThreadPoolExecutor$Worker.run()V+5
j  com.sun.javafx.tk.quantum.QuantumRenderer$PipelineRunnable.run()V+8
j  java.lang.Thread.run()V+11
v  ~StubRoutines::call_stub

---------------  P R O C E S S  ---------------

Java Threads: ( => current thread )
  0x000000005886f000 JavaThread "Thread-4" [_thread_in_vm, id=848, stack(0x000000005ed70000,0x000000005ee70000)]
  0x0000000058c29800 JavaThread "Prism Font Disposer" daemon [_thread_blocked, id=2260, stack(0x000000005ee90000,0x000000005ef90000)]
  0x00000000589f5800 JavaThread "Thread-3" daemon [_thread_in_native, id=6108, stack(0x000000005b070000,0x000000005b170000)]
  0x0000000058944000 JavaThread "JavaFX Application Thread" [_thread_blocked, id=6028, stack(0x0000000059a90000,0x0000000059b90000)]
  0x000000005893d800 JavaThread "Thread-2" daemon [_thread_blocked, id=3648, stack(0x00000000597e0000,0x00000000598e0000)]
=>0x000000005890d800 JavaThread "QuantumRenderer-0" daemon [_thread_in_native, id=3096, stack(0x0000000059010000,0x0000000059110000)]
  0x00000000588ec800 JavaThread "JavaFX-Launcher" [_thread_blocked, id=3956, stack(0x0000000059120000,0x0000000059220000)]
  0x00000000576df800 JavaThread "Monitor Ctrl-Break" daemon [_thread_in_native, id=1868, stack(0x00000000586e0000,0x00000000587e0000)]
  0x0000000057421800 JavaThread "Service Thread" daemon [_thread_blocked, id=1580, stack(0x0000000057fa0000,0x00000000580a0000)]
  0x0000000055358800 JavaThread "C1 CompilerThread2" daemon [_thread_blocked, id=4548, stack(0x0000000057e00000,0x0000000057f00000)]
  0x00000000573bc800 JavaThread "C2 CompilerThread1" daemon [_thread_blocked, id=5776, stack(0x0000000057940000,0x0000000057a40000)]
  0x00000000573b7000 JavaThread "C2 CompilerThread0" daemon [_thread_blocked, id=5736, stack(0x0000000057c40000,0x0000000057d40000)]
  0x00000000573b4000 JavaThread "Attach Listener" daemon [_thread_blocked, id=4528, stack(0x0000000057a90000,0x0000000057b90000)]
  0x00000000573b2800 JavaThread "Signal Dispatcher" daemon [_thread_blocked, id=4768, stack(0x0000000057820000,0x0000000057920000)]
  0x00000000552fe000 JavaThread "Finalizer" daemon [_thread_blocked, id=5676, stack(0x00000000562b0000,0x00000000563b0000)]
  0x00000000552f5000 JavaThread "Reference Handler" daemon [_thread_blocked, id=5760, stack(0x0000000056520000,0x0000000056620000)]
  0x00000000024e8000 JavaThread "main" [_thread_blocked, id=5896, stack(0x00000000028b0000,0x00000000029b0000)]

Other Threads:
  0x00000000552f0000 VMThread [stack: 0x00000000563d0000,0x00000000564d0000] [id=4828]
  0x0000000057438000 WatcherThread [stack: 0x0000000058270000,0x0000000058370000] [id=4748]

VM state:not at safepoint (normal execution)

VM Mutex/Monitor currently owned by a thread: None

Heap:
 PSYoungGen      total 17920K, used 7090K [0x00000000ec300000, 0x00000000ee600000, 0x0000000100000000)
  eden space 15360K, 29% used [0x00000000ec300000,0x00000000ec76e278,0x00000000ed200000)
  from space 2560K, 99% used [0x00000000ed480000,0x00000000ed6fe8c0,0x00000000ed700000)
  to   space 2560K, 0% used [0x00000000ed200000,0x00000000ed200000,0x00000000ed480000)
 ParOldGen       total 40960K, used 3762K [0x00000000c4800000, 0x00000000c7000000, 0x00000000ec300000)
  object space 40960K, 9% used [0x00000000c4800000,0x00000000c4bacae8,0x00000000c7000000)
 Metaspace       used 17787K, capacity 18562K, committed 18688K, reserved 1064960K
  class space    used 2524K, capacity 2723K, committed 2816K, reserved 1048576K

Card table byte_map: [0x0000000012040000,0x0000000012220000] byte_map_base: 0x0000000011a1c000

Marking Bits: (ParMarkBitMap*) 0x000000005bf0a5b0
 Begin Bits: [0x00000000129c0000, 0x00000000138a0000)
 End Bits:   [0x00000000138a0000, 0x0000000014780000)

Polling page: 0x00000000021d0000

CodeCache: size=245760Kb used=6433Kb max_used=6433Kb free=239326Kb
 bounds [0x0000000002c80000, 0x00000000032d0000, 0x0000000011c80000]
 total_blobs=2800 nmethods=2152 adapters=561
 compilation: enabled

Compilation events (10 events):
Event: 6.179 Thread 0x0000000055358800 nmethod 2139 0x00000000032c1710 code [0x00000000032c1880, 0x00000000032c1bc8]
Event: 6.181 Thread 0x0000000055358800 2140       3       com.sun.scenario.effect.impl.prism.ps.PPSRenderer::clearImage (10 bytes)
Event: 6.181 Thread 0x0000000055358800 nmethod 2140 0x00000000032c0ad0 code [0x00000000032c0c80, 0x00000000032c13f8]
Event: 6.182 Thread 0x0000000055358800 2141       3       com.sun.scenario.effect.impl.prism.PrDrawable::clear (12 bytes)
Event: 6.182 Thread 0x0000000055358800 nmethod 2141 0x00000000032c0410 code [0x00000000032c05a0, 0x00000000032c0978]
Event: 6.189 Thread 0x0000000055358800 2142       3       javafx.animation.Interpolator::interpolate (13 bytes)
Event: 6.190 Thread 0x0000000055358800 nmethod 2142 0x00000000032bffd0 code [0x00000000032c0140, 0x00000000032c0368]
Event: 6.190 Thread 0x00000000573b7000 nmethod 2135% 0x00000000032bf690 code [0x00000000032bf7e0, 0x00000000032bfd68]
Event: 6.190 Thread 0x0000000055358800 2143       3       com.sun.javafx.binding.BindingHelperObserver::invalidated (32 bytes)
Event: 6.191 Thread 0x0000000055358800 nmethod 2143 0x00000000032c5f10 code [0x00000000032c60a0, 0x00000000032c6578]

GC Heap History (8 events):
Event: 0.809 GC heap before
{Heap before GC invocations=1 (full 0):
 PSYoungGen      total 17920K, used 15360K [0x00000000ec300000, 0x00000000ed700000, 0x0000000100000000)
  eden space 15360K, 100% used [0x00000000ec300000,0x00000000ed200000,0x00000000ed200000)
  from space 2560K, 0% used [0x00000000ed480000,0x00000000ed480000,0x00000000ed700000)
  to   space 2560K, 0% used [0x00000000ed200000,0x00000000ed200000,0x00000000ed480000)
 ParOldGen       total 40960K, used 0K [0x00000000c4800000, 0x00000000c7000000, 0x00000000ec300000)
  object space 40960K, 0% used [0x00000000c4800000,0x00000000c4800000,0x00000000c7000000)
 Metaspace       used 9349K, capacity 9692K, committed 10112K, reserved 1058816K
  class space    used 1210K, capacity 1302K, committed 1408K, reserved 1048576K
Event: 0.813 GC heap after
Heap after GC invocations=1 (full 0):
 PSYoungGen      total 17920K, used 2098K [0x00000000ec300000, 0x00000000ed700000, 0x0000000100000000)
  eden space 15360K, 0% used [0x00000000ec300000,0x00000000ec300000,0x00000000ed200000)
  from space 2560K, 81% used [0x00000000ed200000,0x00000000ed40c8d0,0x00000000ed480000)
  to   space 2560K, 0% used [0x00000000ed480000,0x00000000ed480000,0x00000000ed700000)
 ParOldGen       total 40960K, used 8K [0x00000000c4800000, 0x00000000c7000000, 0x00000000ec300000)
  object space 40960K, 0% used [0x00000000c4800000,0x00000000c4802000,0x00000000c7000000)
 Metaspace       used 9349K, capacity 9692K, committed 10112K, reserved 1058816K
  class space    used 1210K, capacity 1302K, committed 1408K, reserved 1048576K
}
Event: 1.540 GC heap before
{Heap before GC invocations=2 (full 0):
 PSYoungGen      total 17920K, used 17458K [0x00000000ec300000, 0x00000000ed700000, 0x0000000100000000)
  eden space 15360K, 100% used [0x00000000ec300000,0x00000000ed200000,0x00000000ed200000)
  from space 2560K, 81% used [0x00000000ed200000,0x00000000ed40c8d0,0x00000000ed480000)
  to   space 2560K, 0% used [0x00000000ed480000,0x00000000ed480000,0x00000000ed700000)
 ParOldGen       total 40960K, used 8K [0x00000000c4800000, 0x00000000c7000000, 0x00000000ec300000)
  object space 40960K, 0% used [0x00000000c4800000,0x00000000c4802000,0x00000000c7000000)
 Metaspace       used 14738K, capacity 15360K, committed 15488K, reserved 1062912K
  class space    used 2196K, capacity 2362K, committed 2432K, reserved 1048576K
Event: 1.547 GC heap after
Heap after GC invocations=2 (full 0):
 PSYoungGen      total 17920K, used 2544K [0x00000000ec300000, 0x00000000ed700000, 0x0000000100000000)
  eden space 15360K, 0% used [0x00000000ec300000,0x00000000ec300000,0x00000000ed200000)
  from space 2560K, 99% used [0x00000000ed480000,0x00000000ed6fc050,0x00000000ed700000)
  to   space 2560K, 0% used [0x00000000ed200000,0x00000000ed200000,0x00000000ed480000)
 ParOldGen       total 40960K, used 1547K [0x00000000c4800000, 0x00000000c7000000, 0x00000000ec300000)
  object space 40960K, 3% used [0x00000000c4800000,0x00000000c4982f48,0x00000000c7000000)
 Metaspace       used 14738K, capacity 15360K, committed 15488K, reserved 1062912K
  class space    used 2196K, capacity 2362K, committed 2432K, reserved 1048576K
}
Event: 6.162 GC heap before
{Heap before GC invocations=3 (full 0):
 PSYoungGen      total 17920K, used 17874K [0x00000000ec300000, 0x00000000ed700000, 0x0000000100000000)
  eden space 15360K, 99% used [0x00000000ec300000,0x00000000ed1f8b28,0x00000000ed200000)
  from space 2560K, 99% used [0x00000000ed480000,0x00000000ed6fc050,0x00000000ed700000)
  to   space 2560K, 0% used [0x00000000ed200000,0x00000000ed200000,0x00000000ed480000)
 ParOldGen       total 40960K, used 1547K [0x00000000c4800000, 0x00000000c7000000, 0x00000000ec300000)
  object space 40960K, 3% used [0x00000000c4800000,0x00000000c4982f48,0x00000000c7000000)
 Metaspace       used 17336K, capacity 18050K, committed 18176K, reserved 1064960K
  class space    used 2500K, capacity 2723K, committed 2816K, reserved 1048576K
Event: 6.170 GC heap after
Heap after GC invocations=3 (full 0):
 PSYoungGen      total 17920K, used 2529K [0x00000000ec300000, 0x00000000ed700000, 0x0000000100000000)
  eden space 15360K, 0% used [0x00000000ec300000,0x00000000ec300000,0x00000000ed200000)
  from space 2560K, 98% used [0x00000000ed200000,0x00000000ed478460,0x00000000ed480000)
  to   space 2560K, 0% used [0x00000000ed480000,0x00000000ed480000,0x00000000ed700000)
 ParOldGen       total 40960K, used 3700K [0x00000000c4800000, 0x00000000c7000000, 0x00000000ec300000)
  object space 40960K, 9% used [0x00000000c4800000,0x00000000c4b9d028,0x00000000c7000000)
 Metaspace       used 17336K, capacity 18050K, committed 18176K, reserved 1064960K
  class space    used 2500K, capacity 2723K, committed 2816K, reserved 1048576K
}
Event: 6.183 GC heap before
{Heap before GC invocations=4 (full 0):
 PSYoungGen      total 17920K, used 17845K [0x00000000ec300000, 0x00000000ed700000, 0x0000000100000000)
  eden space 15360K, 99% used [0x00000000ec300000,0x00000000ed1f5148,0x00000000ed200000)
  from space 2560K, 98% used [0x00000000ed200000,0x00000000ed478460,0x00000000ed480000)
  to   space 2560K, 0% used [0x00000000ed480000,0x00000000ed480000,0x00000000ed700000)
 ParOldGen       total 40960K, used 3700K [0x00000000c4800000, 0x00000000c7000000, 0x00000000ec300000)
  object space 40960K, 9% used [0x00000000c4800000,0x00000000c4b9d028,0x00000000c7000000)
 Metaspace       used 17345K, capacity 18114K, committed 18432K, reserved 1064960K
  class space    used 2501K, capacity 2723K, committed 2816K, reserved 1048576K
Event: 6.189 GC heap after
Heap after GC invocations=4 (full 0):
 PSYoungGen      total 17920K, used 2554K [0x00000000ec300000, 0x00000000ee600000, 0x0000000100000000)
  eden space 15360K, 0% used [0x00000000ec300000,0x00000000ec300000,0x00000000ed200000)
  from space 2560K, 99% used [0x00000000ed480000,0x00000000ed6fe8c0,0x00000000ed700000)
  to   space 2560K, 0% used [0x00000000ed200000,0x00000000ed200000,0x00000000ed480000)
 ParOldGen       total 40960K, used 3762K [0x00000000c4800000, 0x00000000c7000000, 0x00000000ec300000)
  object space 40960K, 9% used [0x00000000c4800000,0x00000000c4bacae8,0x00000000c7000000)
 Metaspace       used 17345K, capacity 18114K, committed 18432K, reserved 1064960K
  class space    used 2501K, capacity 2723K, committed 2816K, reserved 1048576K
}

Deoptimization events (10 events):
Event: 1.392 Thread 0x0000000058944000 Uncommon trap: reason=class_check action=maybe_recompile pc=0x0000000002f78f50 method=java.io.DataInputStream.readShort()S @ 4
Event: 1.396 Thread 0x0000000058944000 Uncommon trap: reason=class_check action=maybe_recompile pc=0x0000000002dabb60 method=java.lang.String.equals(Ljava/lang/Object;)Z @ 8
Event: 1.396 Thread 0x0000000058944000 Uncommon trap: reason=class_check action=maybe_recompile pc=0x0000000002dabb60 method=java.lang.String.equals(Ljava/lang/Object;)Z @ 8
Event: 1.396 Thread 0x0000000058944000 Uncommon trap: reason=class_check action=maybe_recompile pc=0x0000000002dabb60 method=java.lang.String.equals(Ljava/lang/Object;)Z @ 8
Event: 1.400 Thread 0x0000000058944000 Uncommon trap: reason=class_check action=maybe_recompile pc=0x0000000002dabb60 method=java.lang.String.equals(Ljava/lang/Object;)Z @ 8
Event: 1.505 Thread 0x0000000058944000 Uncommon trap: reason=unstable_if action=reinterpret pc=0x0000000002faa198 method=java.lang.String.regionMatches(ZILjava/lang/String;II)Z @ 123
Event: 1.584 Thread 0x0000000058944000 Uncommon trap: reason=unstable_if action=reinterpret pc=0x0000000002f0f0b4 method=sun.net.www.ParseUtil.encodePath(Ljava/lang/String;Z)Ljava/lang/String; @ 109
Event: 1.695 Thread 0x0000000058944000 Uncommon trap: reason=unstable_if action=reinterpret pc=0x0000000002d9f5c0 method=java.lang.CharacterData.of(I)Ljava/lang/CharacterData; @ 4
Event: 1.729 Thread 0x0000000058944000 Uncommon trap: reason=unstable_if action=reinterpret pc=0x0000000002f0bd64 method=jdk.internal.org.objectweb.asm.Type.getArgumentsAndReturnSizes(Ljava/lang/String;)I @ 47
Event: 3.368 Thread 0x000000005890d800 Uncommon trap: reason=unstable_if action=reinterpret pc=0x000000000316ac74 method=com.sun.javafx.geom.RectBounds.isEmpty()Z @ 21

Internal exceptions (10 events):
Event: 0.290 Thread 0x00000000588ec800 Exception <a 'java/security/PrivilegedActionException'> (0x00000000ec784048) thrown at [C:\re\workspace\8-2-build-windows-amd64-cygwin\jdk8u60\4407\hotspot\src\share\vm\prims\jvm.cpp, line 1386]
Event: 0.291 Thread 0x00000000588ec800 Exception <a 'java/security/PrivilegedActionException'> (0x00000000ec787e90) thrown at [C:\re\workspace\8-2-build-windows-amd64-cygwin\jdk8u60\4407\hotspot\src\share\vm\prims\jvm.cpp, line 1386]
Event: 0.291 Thread 0x00000000588ec800 Exception <a 'java/security/PrivilegedActionException'> (0x00000000ec7880a0) thrown at [C:\re\workspace\8-2-build-windows-amd64-cygwin\jdk8u60\4407\hotspot\src\share\vm\prims\jvm.cpp, line 1386]
Event: 0.291 Thread 0x00000000588ec800 Exception <a 'java/lang/NullPointerException'> (0x00000000ec788678) thrown at [C:\re\workspace\8-2-build-windows-amd64-cygwin\jdk8u60\4407\hotspot\src\share\vm\interpreter\linkResolver.cpp, line 1178]
Event: 0.615 Thread 0x0000000058944000 Exception <a 'java/lang/NullPointerException'> (0x00000000ecdee930) thrown at [C:\re\workspace\8-2-build-windows-amd64-cygwin\jdk8u60\4407\hotspot\src\share\vm\interpreter\linkResolver.cpp, line 1178]
Event: 0.615 Thread 0x0000000058944000 Exception <a 'java/lang/NullPointerException'> (0x00000000ecdee930) thrown at [C:\re\workspace\8-2-build-windows-amd64-cygwin\jdk8u60\4407\hotspot\src\share\vm\prims\jvm.cpp, line 1390]
Event: 1.178 Thread 0x0000000058944000 Exception <a 'java/lang/ArrayIndexOutOfBoundsException'> (0x00000000ecb73570) thrown at [C:\re\workspace\8-2-build-windows-amd64-cygwin\jdk8u60\4407\hotspot\src\share\vm\runtime\sharedRuntime.cpp, line 605]
Event: 1.178 Thread 0x0000000058944000 Exception <a 'java/lang/ArrayIndexOutOfBoundsException'> (0x00000000ecb74270) thrown at [C:\re\workspace\8-2-build-windows-amd64-cygwin\jdk8u60\4407\hotspot\src\share\vm\runtime\sharedRuntime.cpp, line 605]
Event: 1.178 Thread 0x0000000058944000 Exception <a 'java/lang/ArrayIndexOutOfBoundsException'> (0x00000000ecb75618) thrown at [C:\re\workspace\8-2-build-windows-amd64-cygwin\jdk8u60\4407\hotspot\src\share\vm\runtime\sharedRuntime.cpp, line 605]
Event: 1.282 Thread 0x0000000058944000 Implicit null exception at 0x0000000002f97565 to 0x0000000002f97775

Events (10 events):
Event: 6.156 loading class org/hibernate/criterion/Criterion
Event: 6.156 loading class org/hibernate/criterion/Criterion done
Event: 6.159 Executing VM operation: ParallelGCFailedAllocation
Event: 6.170 Executing VM operation: ParallelGCFailedAllocation done
Event: 6.171 Executing VM operation: RevokeBias
Event: 6.171 Executing VM operation: RevokeBias done
Event: 6.177 loading class com/sun/javafx/scene/traversal/ContainerTabOrder$1
Event: 6.177 loading class com/sun/javafx/scene/traversal/ContainerTabOrder$1 done
Event: 6.183 Executing VM operation: ParallelGCFailedAllocation
Event: 6.189 Executing VM operation: ParallelGCFailedAllocation done


Dynamic libraries:
0x000000013f380000 - 0x000000013f3b7000 	C:\Program Files\Java\jdk1.8.0_60\bin\java.exe
0x00000000777c0000 - 0x000000007796b000 	C:\Windows\SYSTEM32\ntdll.dll
0x00000000775a0000 - 0x00000000776bf000 	C:\Windows\system32\kernel32.dll
0x000007fefd7d0000 - 0x000007fefd83b000 	C:\Windows\system32\KERNELBASE.dll
0x000007feff800000 - 0x000007feff8db000 	C:\Windows\system32\ADVAPI32.dll
0x000007fefe7d0000 - 0x000007fefe86f000 	C:\Windows\system32\msvcrt.dll
0x000007fefe3e0000 - 0x000007fefe3ff000 	C:\Windows\SYSTEM32\sechost.dll
0x000007feff980000 - 0x000007feffaae000 	C:\Windows\system32\RPCRT4.dll
0x00000000776c0000 - 0x00000000777ba000 	C:\Windows\system32\USER32.dll
0x000007fefe870000 - 0x000007fefe8d7000 	C:\Windows\system32\GDI32.dll
0x000007fefe3d0000 - 0x000007fefe3de000 	C:\Windows\system32\LPK.dll
0x000007fefe5f0000 - 0x000007fefe6ba000 	C:\Windows\system32\USP10.dll
0x000007fefbb10000 - 0x000007fefbd04000 	C:\Windows\WinSxS\amd64_microsoft.windows.common-controls_6595b64144ccf1df_6.0.7600.16385_none_fa645303170382f6\COMCTL32.dll
0x000007fefe4f0000 - 0x000007fefe561000 	C:\Windows\system32\SHLWAPI.dll
0x000007fefe6c0000 - 0x000007fefe6ee000 	C:\Windows\system32\IMM32.DLL
0x000007fefdf30000 - 0x000007fefe039000 	C:\Windows\system32\MSCTF.dll
0x000007fefd6d0000 - 0x000007fefd701000 	C:\Windows\system32\nvinitx.dll
0x000007fefd6c0000 - 0x000007fefd6cc000 	C:\Windows\system32\VERSION.dll
0x0000000073890000 - 0x0000000073896000 	C:\Program Files\NVIDIA Corporation\CoProcManager\detoured.dll
0x000007fefa290000 - 0x000007fefa2c2000 	C:\Program Files\NVIDIA Corporation\CoProcManager\nvd3d9wrapx.dll
0x000007fefdaf0000 - 0x000007fefdcc7000 	C:\Windows\system32\SETUPAPI.dll
0x000007fefda90000 - 0x000007fefdac6000 	C:\Windows\system32\CFGMGR32.dll
0x000007fefe6f0000 - 0x000007fefe7c7000 	C:\Windows\system32\OLEAUT32.dll
0x000007fefe1c0000 - 0x000007fefe3c1000 	C:\Windows\system32\ole32.dll
0x000007fefdad0000 - 0x000007fefdaea000 	C:\Windows\system32\DEVOBJ.dll
0x000007fefa260000 - 0x000007fefa282000 	C:\Program Files\NVIDIA Corporation\CoProcManager\nvdxgiwrapx.dll
0x000007fefd4b0000 - 0x000007fefd546000 	C:\Windows\system32\guard64.dll
0x0000000077980000 - 0x0000000077987000 	C:\Windows\system32\PSAPI.DLL
0x000007fefd480000 - 0x000007fefd489000 	C:\Windows\system32\fltlib.dll
0x000000006c740000 - 0x000000006c812000 	C:\Program Files\Java\jdk1.8.0_60\jre\bin\msvcr100.dll
0x000000005b700000 - 0x000000005bf89000 	C:\Program Files\Java\jdk1.8.0_60\jre\bin\server\jvm.dll
0x000007fef6800000 - 0x000007fef6809000 	C:\Windows\system32\WSOCK32.dll
0x0000000002180000 - 0x00000000021cd000 	C:\Windows\system32\WS2_32.dll
0x000007fefe8e0000 - 0x000007fefe8e8000 	C:\Windows\system32\NSI.dll
0x000007fefc5c0000 - 0x000007fefc5fb000 	C:\Windows\system32\WINMM.dll
0x0000000074300000 - 0x000000007430f000 	C:\Program Files\Java\jdk1.8.0_60\jre\bin\verify.dll
0x0000000072150000 - 0x0000000072179000 	C:\Program Files\Java\jdk1.8.0_60\jre\bin\java.dll
0x00000000721e0000 - 0x00000000721f6000 	C:\Program Files\Java\jdk1.8.0_60\jre\bin\zip.dll
0x0000000056620000 - 0x00000000573a6000 	C:\Windows\system32\SHELL32.dll
0x000007fefd710000 - 0x000007fefd71f000 	C:\Windows\system32\profapi.dll
0x000007fefa6d0000 - 0x000007fefa6e0000 	C:\Program Files (x86)\JetBrains\IntelliJ IDEA Community Edition 2016.2.5\bin\breakgen64.dll
0x0000000072130000 - 0x000000007214a000 	C:\Program Files\Java\jdk1.8.0_60\jre\bin\net.dll
0x000007fefce80000 - 0x000007fefced4000 	C:\Windows\system32\mswsock.dll
0x000007fefce70000 - 0x000007fefce77000 	C:\Windows\System32\wship6.dll
0x000007fef29e0000 - 0x000007fef2acf000 	C:\Program Files\Java\jdk1.8.0_60\jre\bin\msvcr120.dll
0x000007fef2b10000 - 0x000007fef2bb6000 	C:\Program Files\Java\jdk1.8.0_60\jre\bin\msvcp120.dll
0x000000006bdc0000 - 0x000000006bde3000 	C:\Program Files\Java\jdk1.8.0_60\jre\bin\prism_d3d.dll
0x000007fee1f60000 - 0x000007fee215f000 	C:\Windows\system32\d3d9.dll
0x000007fefa6c0000 - 0x000007fefa6c7000 	C:\Windows\system32\d3d8thk.dll
0x000007fefb360000 - 0x000007fefb378000 	C:\Windows\system32\dwmapi.dll
0x000007fefda50000 - 0x000007fefda89000 	C:\Windows\system32\WINTRUST.dll
0x000007fefd8e0000 - 0x000007fefda46000 	C:\Windows\system32\CRYPT32.dll
0x00000000025d0000 - 0x00000000025df000 	C:\Windows\system32\MSASN1.dll
0x000007fefb790000 - 0x000007fefb7e6000 	C:\Windows\system32\uxtheme.dll
0x000007fef90c0000 - 0x000007fef913e000 	C:\Windows\system32\nvumdshimx.dll
0x000007fedf540000 - 0x000007fedfd8c000 	C:\Windows\system32\igdumdim64.dll
0x000007fef7650000 - 0x000007fef7a83000 	C:\Windows\system32\igdusc64.dll
0x000000006bd70000 - 0x000000006bdb3000 	C:\Program Files\Java\jdk1.8.0_60\jre\bin\glass.dll
0x000007feff8e0000 - 0x000007feff978000 	C:\Windows\system32\COMDLG32.dll
0x000007fefd5f0000 - 0x000007fefd5ff000 	C:\Windows\system32\CRYPTBASE.dll
0x000000006bd50000 - 0x000000006bd64000 	C:\Program Files\Java\jdk1.8.0_60\jre\bin\javafx_font.dll
0x000007fee1de0000 - 0x000007fee1f5b000 	C:\Windows\system32\dwrite.dll
0x000007fefe450000 - 0x000007fefe4e9000 	C:\Windows\system32\CLBCatQ.DLL
0x000007fefb1c0000 - 0x000007fefb2ea000 	C:\Windows\system32\WindowsCodecs.dll
0x000007fefd590000 - 0x000007fefd5e7000 	C:\Windows\system32\apphelp.dll
0x000007fef6ec0000 - 0x000007fef6ef5000 	C:\Windows\system32\EhStorShell.dll
0x000007fefb990000 - 0x000007fefbabc000 	C:\Windows\system32\PROPSYS.dll
0x000007fef6e40000 - 0x000007fef6ebe000 	C:\Windows\System32\cscui.dll
0x000007fef6e30000 - 0x000007fef6e3c000 	C:\Windows\System32\CSCDLL.dll
0x000007fef6e20000 - 0x000007fef6e2f000 	C:\Windows\system32\CSCAPI.dll
0x000007fef6da0000 - 0x000007fef6e20000 	C:\Windows\system32\ntshrui.dll
0x000007fefd0e0000 - 0x000007fefd103000 	C:\Windows\system32\srvcli.dll
0x000007fefa8d0000 - 0x000007fefa8db000 	C:\Windows\system32\slc.dll
0x000007fef4d20000 - 0x000007fef4d4d000 	C:\Program Files\Common Files\Microsoft Shared\Ink\rtscom.dll
0x000000006bd30000 - 0x000000006bd41000 	C:\Program Files\Java\jdk1.8.0_60\jre\bin\prism_common.dll
0x000007fefc600000 - 0x000007fefc725000 	C:\Windows\system32\dbghelp.dll

VM Arguments:
jvm_args: -Didea.launcher.port=7533 -Didea.launcher.bin.path=C:\Program Files (x86)\JetBrains\IntelliJ IDEA Community Edition 2016.2.5\bin -Dfile.encoding=UTF-8 
java_command: com.intellij.rt.execution.application.AppMain main.Main
java_class_path (initial): C:\Program Files\Java\jdk1.8.0_60\jre\lib\charsets.jar;C:\Program Files\Java\jdk1.8.0_60\jre\lib\deploy.jar;C:\Program Files\Java\jdk1.8.0_60\jre\lib\javaws.jar;C:\Program Files\Java\jdk1.8.0_60\jre\lib\jce.jar;C:\Program Files\Java\jdk1.8.0_60\jre\lib\jfr.jar;C:\Program Files\Java\jdk1.8.0_60\jre\lib\jfxswt.jar;C:\Program Files\Java\jdk1.8.0_60\jre\lib\jsse.jar;C:\Program Files\Java\jdk1.8.0_60\jre\lib\management-agent.jar;C:\Program Files\Java\jdk1.8.0_60\jre\lib\plugin.jar;C:\Program Files\Java\jdk1.8.0_60\jre\lib\resources.jar;C:\Program Files\Java\jdk1.8.0_60\jre\lib\rt.jar;C:\Program Files\Java\jdk1.8.0_60\jre\lib\ext\access-bridge-64.jar;C:\Program Files\Java\jdk1.8.0_60\jre\lib\ext\cldrdata.jar;C:\Program Files\Java\jdk1.8.0_60\jre\lib\ext\dnsns.jar;C:\Program Files\Java\jdk1.8.0_60\jre\lib\ext\jaccess.jar;C:\Program Files\Java\jdk1.8.0_60\jre\lib\ext\jfxrt.jar;C:\Program Files\Java\jdk1.8.0_60\jre\lib\ext\localedata.jar;C:\Program Files\Java\jdk1.8.0_60\jre\lib\ext\nashorn.jar;C:\Program Files\Java\jdk1.8.0_60\jre\lib\ext\sunec.jar;C:\Program Files\Java\jdk1.8.0_60\jre\lib\ext\sunjce_provider.jar;C:\Program Files\Java\jdk1.8.0_60\jre\lib\ext\sunmscapi.jar;C:\Program Files\Java\jdk1.8.0_60\jre\lib\ext\sunpkcs11.jar;C:\Program Files\Java\jdk1.8.0_60\jre\lib\ext\zipfs.jar;D:\Semester_5\DB\Hospital\target\classes;C:\Users\Aleksey\Downloads\jfoenix.jar;C:\Users\Aleksey\.m2\repository\org\postgresql\postgresql\9.4.1212\postgresql-9.4.1212.jar;C:\Users\Aleksey\.m2\repository\org\hibernate\hibernate-core\5.2.4.Final\hibernate-core-5.2.4.Final.jar;C:\Users\Aleksey\.m2\repository\org\jboss\logging\jboss-logging\3.3.0.Final\jboss-logging-3.3.0.Final.jar;C:\Users\Aleksey\.m2\repository\org\hibernate\javax\persistence\hibernate-jpa-2.1-api\1.0.0.Final\hibernate-jpa-2.1-api-1.0.0.Final.jar;C:\Users\Aleksey\.m2\repository\org\javassist\javassist\3.20.0-GA\javassist-3.20.0-GA.jar;C:\Users\Aleksey\.m2\repository\antlr\antlr\2.7.7\antlr-2.7.7.jar
Launcher Type: SUN_STANDARD

Environment Variables:
CLASSPATH=.;
PATH=C:\ProgramData\Oracle\Java\javapath;C:\Program Files (x86)\Intel\iCLS Client\;C:\Program Files\Intel\iCLS Client\;C:\Windows\system32;C:\Windows;C:\Windows\System32\Wbem;C:\Windows\System32\WindowsPowerShell\v1.0\;C:\Program Files\Intel\Intel(R) Management Engine Components\DAL;C:\Program Files\Intel\Intel(R) Management Engine Components\IPT;C:\Program Files (x86)\Intel\Intel(R) Management Engine Components\DAL;C:\Program Files (x86)\Intel\Intel(R) Management Engine Components\IPT;C:\Program Files (x86)\Intel\OpenCL SDK\3.0\bin\x86;C:\Program Files (x86)\Intel\OpenCL SDK\3.0\bin\x64;C:\Program Files (x86)\Microsoft SQL Server\100\Tools\Binn\;C:\Program Files\Microsoft SQL Server\100\Tools\Binn\;C:\Program Files\Microsoft SQL Server\100\DTS\Binn\;C:\Program Files (x86)\NVIDIA Corporation\PhysX\Common;C:\ANDROID STUDIO SDK\platform-tools;C:\Program Files (x86)\Skype\Phone\;C:\Program Files\Java\jdk1.8.0_60\bin;C:\Program Files (x86)\Rational\common
USERNAME=Aleksey
OS=Windows_NT
PROCESSOR_IDENTIFIER=Intel64 Family 6 Model 69 Stepping 1, GenuineIntel



---------------  S Y S T E M  ---------------

OS: Windows 7 , 64 bit Build 7600 (6.1.7600.16385)

CPU:total 4 (2 cores per cpu, 2 threads per core) family 6 model 69 stepping 1, cmov, cx8, fxsr, mmx, sse, sse2, sse3, ssse3, sse4.1, sse4.2, popcnt, aes, clmul, erms, lzcnt, ht, tsc, tscinvbit, bmi1, bmi2

Memory: 4k page, physical 3896424k(1528852k free), swap 20702464k(16800860k free)

vm_info: Java HotSpot(TM) 64-Bit Server VM (25.60-b23) for windows-amd64 JRE (1.8.0_60-b27), built on Aug  4 2015 11:06:27 by "java_re" with MS VC++ 10.0 (VS2010)

time: Thu Dec 29 21:23:38 2016
elapsed time: 6 seconds (0d 0h 0m 6s)

