#
# A fatal error has been detected by the Java Runtime Environment:
#
#  EXCEPTION_ILLEGAL_INSTRUCTION (0xc000001d) at pc=0x000007fef2955c01, pid=2232, tid=4844
#
# JRE version: Java(TM) SE Runtime Environment (8.0_60-b27) (build 1.8.0_60-b27)
# Java VM: Java HotSpot(TM) 64-Bit Server VM (25.60-b23 mixed mode windows-amd64 compressed oops)
# Problematic frame:
# C  [msvcr120.dll+0x95c01]
#
# Failed to write core dump. Minidumps are not enabled by default on client versions of Windows
#
# If you would like to submit a bug report, please visit:
#   http://bugreport.java.com/bugreport/crash.jsp
# The crash happened outside the Java Virtual Machine in native code.
# See problematic frame for where to report the bug.
#

---------------  T H R E A D  ---------------

Current thread (0x00000000587cd000):  JavaThread "QuantumRenderer-0" daemon [_thread_in_native, id=4844, stack(0x00000000590d0000,0x00000000591d0000)]

siginfo: ExceptionCode=0xc000001d

Registers:
RAX=0x40b0000000000000, RBX=0x0000000000000004, RCX=0x40b868363b77811d, RDX=0x7ff0000000000000
RSP=0x00000000591ccb00, RBP=0x00000000591cd330, RSI=0x00000000591cd330, RDI=0x0000000000000004
R8 =0x8000000000000000, R9 =0x000000006abed1f0, R10=0x000000000000000c, R11=0x0000000000000005
R12=0x000000006abed1f0, R13=0x000000006abed050, R14=0x00000000ec8a39bc, R15=0x0000000000000004
RIP=0x000007fef2955c01, EFLAGS=0x0000000000010202

Top of Stack: (sp=0x00000000591ccb00)
0x00000000591ccb00:   000000005e001318 0000000000460230
0x00000000591ccb10:   0000000000467d30 0000000000554020
0x00000000591ccb20:   00000000005279b2 0000000000000010
0x00000000591ccb30:   0000000000000000 0000000000460158
0x00000000591ccb40:   00000000778d7288 0000000000460230
0x00000000591ccb50:   0000000000000060 00000000025f0000
0x00000000591ccb60:   0000000000000001 0000000000460000
0x00000000591ccb70:   00000000591cce01 0000000000460230
0x00000000591ccb80:   4053c2eba000a179 0000000000000000
0x00000000591ccb90:   3fb4a0919eb37000 0000000000000000
0x00000000591ccba0:   00000000004f6ef0 0000000000460230
0x00000000591ccbb0:   00000000587b3100 000000000000002d
0x00000000591ccbc0:   000000006abec3f0 000000006abe3318
0x00000000591ccbd0:   40b868363b77811d 40b868363b77811d
0x00000000591ccbe0:   4053c2eba000a179 0000000000550540
0x00000000591ccbf0:   0000000000000000 0000000000000056 

Instructions: (pc=0x000007fef2955c01)
0x000007fef2955be1:   0f 10 d0 f2 0f 10 44 24 10 f2 0f 10 4c 24 20 44
0x000007fef2955bf1:   8b 0d 15 26 02 00 e8 34 c7 00 00 e9 72 f8 ff ff
0x000007fef2955c01:   c5 fb 11 44 24 10 c5 fb 11 4c 24 20 48 8b 54 24
0x000007fef2955c11:   10 4c 8b 44 24 20 4c 8b 15 4a 26 02 00 4d 23 d0 


Register to memory mapping:

RAX=0x40b0000000000000 is an unknown value
RBX=0x0000000000000004 is an unknown value
RCX=0x40b868363b77811d is an unknown value
RDX=0x7ff0000000000000 is an unknown value
RSP=0x00000000591ccb00 is pointing into the stack for thread: 0x00000000587cd000
RBP=0x00000000591cd330 is pointing into the stack for thread: 0x00000000587cd000
RSI=0x00000000591cd330 is pointing into the stack for thread: 0x00000000587cd000
RDI=0x0000000000000004 is an unknown value
R8 =0x8000000000000000 is an unknown value
R9 =0x000000006abed1f0 is an unknown value
R10=0x000000000000000c is an unknown value
R11=0x0000000000000005 is an unknown value
R12=0x000000006abed1f0 is an unknown value
R13=0x000000006abed050 is an unknown value
R14=0x00000000ec8a39bc is an unknown value
R15=0x0000000000000004 is an unknown value


Stack: [0x00000000590d0000,0x00000000591d0000],  sp=0x00000000591ccb00,  free space=1010k
Native frames: (J=compiled Java code, j=interpreted, Vv=VM code, C=native code)
C  [msvcr120.dll+0x95c01]
C  [prism_common.dll+0x3318]
C  [prism_common.dll+0x1abc]
C  [prism_common.dll+0x1128]
C  [prism_common.dll+0x8b7e]
C  [prism_common.dll+0x669e]
C  [prism_common.dll+0x49af]
C  [prism_common.dll+0x4649]
C  0x0000000002c75854

Java frames: (J=compiled Java code, j=interpreted, Vv=VM code)
j  com.sun.prism.impl.shape.NativePiscesRasterizer.produceStrokeAlphas([F[BIFIIF[FFDDDDDD[I[B)V+0
j  com.sun.prism.impl.shape.NativePiscesRasterizer.getMaskData(Lcom/sun/javafx/geom/Shape;Lcom/sun/prism/BasicStroke;Lcom/sun/javafx/geom/RectBounds;Lcom/sun/javafx/geom/transform/BaseTransform;ZZ)Lcom/sun/prism/impl/shape/MaskData;+487
j  com.sun.prism.impl.shape.ShapeUtil.rasterizeShape(Lcom/sun/javafx/geom/Shape;Lcom/sun/prism/BasicStroke;Lcom/sun/javafx/geom/RectBounds;Lcom/sun/javafx/geom/transform/BaseTransform;ZZ)Lcom/sun/prism/impl/shape/MaskData;+11
j  com.sun.prism.impl.ps.BaseShaderGraphics.renderShape(Lcom/sun/javafx/geom/Shape;Lcom/sun/prism/BasicStroke;FFFF)V+40
j  com.sun.prism.impl.BaseGraphics.draw(Lcom/sun/javafx/geom/Shape;)V+136
j  com.sun.prism.impl.ps.CachingShapeRepState.drawNoCache(Lcom/sun/prism/Graphics;Lcom/sun/javafx/geom/Shape;)V+2
j  com.sun.prism.impl.ps.CachingShapeRepState.render(Lcom/sun/prism/Graphics;Lcom/sun/javafx/geom/Shape;Lcom/sun/javafx/geom/RectBounds;Lcom/sun/prism/BasicStroke;)V+241
j  com.sun.prism.impl.ps.CachingShapeRep.draw(Lcom/sun/prism/Graphics;Lcom/sun/javafx/geom/Shape;Lcom/sun/javafx/geom/BaseBounds;)V+31
j  com.sun.javafx.sg.prism.NGShape.renderContent2D(Lcom/sun/prism/Graphics;Z)V+144
j  com.sun.javafx.sg.prism.NGShape.renderContent(Lcom/sun/prism/Graphics;)V+454
j  com.sun.javafx.sg.prism.NGNode.doRender(Lcom/sun/prism/Graphics;)V+330
j  com.sun.javafx.sg.prism.NGNode.render(Lcom/sun/prism/Graphics;)V+34
j  com.sun.javafx.sg.prism.NGGroup.renderContent(Lcom/sun/prism/Graphics;)V+160
j  com.sun.javafx.sg.prism.NGRegion.renderContent(Lcom/sun/prism/Graphics;)V+111
j  com.sun.javafx.sg.prism.NGNode.doRender(Lcom/sun/prism/Graphics;)V+330
j  com.sun.javafx.sg.prism.NGNode.render(Lcom/sun/prism/Graphics;)V+34
j  com.sun.javafx.sg.prism.NGGroup.renderContent(Lcom/sun/prism/Graphics;)V+160
j  com.sun.javafx.sg.prism.NGRegion.renderContent(Lcom/sun/prism/Graphics;)V+111
j  com.sun.javafx.sg.prism.NodeEffectInput.getImageDataForBoundedNode(Lcom/sun/scenario/effect/FilterContext;Lcom/sun/javafx/sg/prism/NGNode;Lcom/sun/javafx/sg/prism/NodeEffectInput$RenderType;Lcom/sun/javafx/geom/transform/BaseTransform;Lcom/sun/javafx/geom/Rectangle;)Lcom/sun/scenario/effect/ImageData;+103
j  com.sun.javafx.sg.prism.NodeEffectInput.filter(Lcom/sun/scenario/effect/FilterContext;Lcom/sun/javafx/geom/transform/BaseTransform;Lcom/sun/javafx/geom/Rectangle;Ljava/lang/Object;Lcom/sun/scenario/effect/Effect;)Lcom/sun/scenario/effect/ImageData;+163
j  com.sun.scenario.effect.FilterEffect.filter(Lcom/sun/scenario/effect/FilterContext;Lcom/sun/javafx/geom/transform/BaseTransform;Lcom/sun/javafx/geom/Rectangle;Ljava/lang/Object;Lcom/sun/scenario/effect/Effect;)Lcom/sun/scenario/effect/ImageData;+111
j  com.sun.scenario.effect.Offset.filter(Lcom/sun/scenario/effect/FilterContext;Lcom/sun/javafx/geom/transform/BaseTransform;Lcom/sun/javafx/geom/Rectangle;Ljava/lang/Object;Lcom/sun/scenario/effect/Effect;)Lcom/sun/scenario/effect/ImageData;+35
j  com.sun.scenario.effect.Merge.filter(Lcom/sun/scenario/effect/FilterContext;Lcom/sun/javafx/geom/transform/BaseTransform;Lcom/sun/javafx/geom/Rectangle;Ljava/lang/Object;Lcom/sun/scenario/effect/Effect;)Lcom/sun/scenario/effect/ImageData;+27
j  com.sun.scenario.effect.DelegateEffect.filter(Lcom/sun/scenario/effect/FilterContext;Lcom/sun/javafx/geom/transform/BaseTransform;Lcom/sun/javafx/geom/Rectangle;Ljava/lang/Object;Lcom/sun/scenario/effect/Effect;)Lcom/sun/scenario/effect/ImageData;+11
j  com.sun.scenario.effect.impl.prism.PrEffectHelper.render(Lcom/sun/scenario/effect/Effect;Lcom/sun/prism/Graphics;FFLcom/sun/scenario/effect/Effect;)V+511
j  com.sun.javafx.sg.prism.EffectFilter.render(Lcom/sun/prism/Graphics;)V+13
j  com.sun.javafx.sg.prism.NGNode.renderEffect(Lcom/sun/prism/Graphics;)V+5
j  com.sun.javafx.sg.prism.NGNode.doRender(Lcom/sun/prism/Graphics;)V+319
j  com.sun.javafx.sg.prism.NGNode.render(Lcom/sun/prism/Graphics;)V+34
j  com.sun.javafx.sg.prism.NGGroup.renderContent(Lcom/sun/prism/Graphics;)V+160
j  com.sun.javafx.sg.prism.NGRegion.renderContent(Lcom/sun/prism/Graphics;)V+111
j  com.sun.javafx.sg.prism.NGNode.doRender(Lcom/sun/prism/Graphics;)V+330
j  com.sun.javafx.sg.prism.NGNode.render(Lcom/sun/prism/Graphics;)V+34
j  com.sun.javafx.tk.quantum.ViewPainter.doPaint(Lcom/sun/prism/Graphics;Lcom/sun/javafx/sg/prism/NodePath;)V+201
j  com.sun.javafx.tk.quantum.ViewPainter.paintImpl(Lcom/sun/prism/Graphics;)V+982
j  com.sun.javafx.tk.quantum.PresentingPainter.run()V+326
j  java.util.concurrent.Executors$RunnableAdapter.call()Ljava/lang/Object;+4
j  java.util.concurrent.FutureTask.runAndReset()Z+47
j  com.sun.javafx.tk.RenderJob.run()V+1
j  java.util.concurrent.ThreadPoolExecutor.runWorker(Ljava/util/concurrent/ThreadPoolExecutor$Worker;)V+95
j  java.util.concurrent.ThreadPoolExecutor$Worker.run()V+5
j  com.sun.javafx.tk.quantum.QuantumRenderer$PipelineRunnable.run()V+8
j  java.lang.Thread.run()V+11
v  ~StubRoutines::call_stub

---------------  P R O C E S S  ---------------

Java Threads: ( => current thread )
  0x00000000589c6800 JavaThread "Prism Font Disposer" daemon [_thread_blocked, id=1952, stack(0x000000005e400000,0x000000005e500000)]
  0x000000005881a000 JavaThread "Thread-3" daemon [_thread_in_native, id=4068, stack(0x000000005b1b0000,0x000000005b2b0000)]
  0x00000000587f3000 JavaThread "JavaFX Application Thread" [_thread_blocked, id=5384, stack(0x0000000059790000,0x0000000059890000)]
  0x00000000587ea000 JavaThread "Thread-2" daemon [_thread_blocked, id=2156, stack(0x0000000059580000,0x0000000059680000)]
=>0x00000000587cd000 JavaThread "QuantumRenderer-0" daemon [_thread_in_native, id=4844, stack(0x00000000590d0000,0x00000000591d0000)]
  0x0000000058709000 JavaThread "JavaFX-Launcher" [_thread_blocked, id=3144, stack(0x0000000058e30000,0x0000000058f30000)]
  0x00000000577d2800 JavaThread "Monitor Ctrl-Break" daemon [_thread_in_native, id=5196, stack(0x00000000584e0000,0x00000000585e0000)]
  0x000000005756a000 JavaThread "Service Thread" daemon [_thread_blocked, id=1452, stack(0x0000000057f30000,0x0000000058030000)]
  0x0000000057543800 JavaThread "C1 CompilerThread2" daemon [_thread_blocked, id=6040, stack(0x0000000057d60000,0x0000000057e60000)]
  0x0000000055316000 JavaThread "C2 CompilerThread1" daemon [_thread_blocked, id=3424, stack(0x0000000057c40000,0x0000000057d40000)]
  0x00000000574f7800 JavaThread "C2 CompilerThread0" daemon [_thread_blocked, id=3176, stack(0x0000000056520000,0x0000000056620000)]
  0x00000000574f4800 JavaThread "Attach Listener" daemon [_thread_blocked, id=6088, stack(0x0000000057b10000,0x0000000057c10000)]
  0x00000000574f2800 JavaThread "Signal Dispatcher" daemon [_thread_blocked, id=704, stack(0x00000000579a0000,0x0000000057aa0000)]
  0x00000000552bc800 JavaThread "Finalizer" daemon [_thread_blocked, id=4792, stack(0x0000000056660000,0x0000000056760000)]
  0x00000000552b5800 JavaThread "Reference Handler" daemon [_thread_blocked, id=4140, stack(0x0000000056410000,0x0000000056510000)]
  0x00000000024e8000 JavaThread "main" [_thread_blocked, id=3500, stack(0x0000000002890000,0x0000000002990000)]

Other Threads:
  0x00000000552ac800 VMThread [stack: 0x0000000056300000,0x0000000056400000] [id=5848]
  0x0000000057570000 WatcherThread [stack: 0x0000000058120000,0x0000000058220000] [id=5764]

VM state:not at safepoint (normal execution)

VM Mutex/Monitor currently owned by a thread: None

Heap:
 PSYoungGen      total 17920K, used 8361K [0x00000000ec300000, 0x00000000ed700000, 0x0000000100000000)
  eden space 15360K, 37% used [0x00000000ec300000,0x00000000ec8b2498,0x00000000ed200000)
  from space 2560K, 98% used [0x00000000ed480000,0x00000000ed6f8040,0x00000000ed700000)
  to   space 2560K, 0% used [0x00000000ed200000,0x00000000ed200000,0x00000000ed480000)
 ParOldGen       total 40960K, used 1571K [0x00000000c4800000, 0x00000000c7000000, 0x00000000ec300000)
  object space 40960K, 3% used [0x00000000c4800000,0x00000000c4988f48,0x00000000c7000000)
 Metaspace       used 16554K, capacity 17272K, committed 17536K, reserved 1064960K
  class space    used 2462K, capacity 2662K, committed 2688K, reserved 1048576K

Card table byte_map: [0x0000000012020000,0x0000000012200000] byte_map_base: 0x00000000119fc000

Marking Bits: (ParMarkBitMap*) 0x0000000069a5a5b0
 Begin Bits: [0x0000000012980000, 0x0000000013860000)
 End Bits:   [0x0000000013860000, 0x0000000014740000)

Polling page: 0x00000000021d0000

CodeCache: size=245760Kb used=4306Kb max_used=4319Kb free=241453Kb
 bounds [0x0000000002c60000, 0x00000000030a0000, 0x0000000011c60000]
 total_blobs=1815 nmethods=1165 adapters=563
 compilation: enabled

Compilation events (10 events):
Event: 1.999 Thread 0x0000000057543800 1158       3       javafx.geometry.Insets::getBottom (5 bytes)
Event: 2.000 Thread 0x0000000057543800 nmethod 1158 0x000000000307e7d0 code [0x000000000307e920, 0x000000000307ea70]
Event: 2.000 Thread 0x0000000057543800 1160       1       com.sun.javafx.sg.prism.NGNode::isShape3D (2 bytes)
Event: 2.000 Thread 0x0000000057543800 nmethod 1160 0x0000000003093990 code [0x0000000003093ae0, 0x0000000003093bf0]
Event: 2.007 Thread 0x0000000057543800 1163       3       java.nio.DirectFloatBufferU::ix (10 bytes)
Event: 2.007 Thread 0x0000000057543800 nmethod 1163 0x0000000003093c50 code [0x0000000003093da0, 0x0000000003093f10]
Event: 2.008 Thread 0x0000000057543800 1164       3       java.nio.Buffer::nextPutIndex (31 bytes)
Event: 2.008 Thread 0x0000000057543800 nmethod 1164 0x0000000003093f90 code [0x0000000003094100, 0x0000000003094308]
Event: 2.010 Thread 0x0000000057543800 1165       1       java.lang.invoke.MethodHandleImpl$IntrinsicMethodHandle::getTarget (5 bytes)
Event: 2.010 Thread 0x0000000057543800 nmethod 1165 0x0000000003094610 code [0x0000000003094760, 0x0000000003094870]

GC Heap History (4 events):
Event: 0.914 GC heap before
{Heap before GC invocations=1 (full 0):
 PSYoungGen      total 17920K, used 15360K [0x00000000ec300000, 0x00000000ed700000, 0x0000000100000000)
  eden space 15360K, 100% used [0x00000000ec300000,0x00000000ed200000,0x00000000ed200000)
  from space 2560K, 0% used [0x00000000ed480000,0x00000000ed480000,0x00000000ed700000)
  to   space 2560K, 0% used [0x00000000ed200000,0x00000000ed200000,0x00000000ed480000)
 ParOldGen       total 40960K, used 0K [0x00000000c4800000, 0x00000000c7000000, 0x00000000ec300000)
  object space 40960K, 0% used [0x00000000c4800000,0x00000000c4800000,0x00000000c7000000)
 Metaspace       used 9374K, capacity 9692K, committed 10112K, reserved 1058816K
  class space    used 1211K, capacity 1302K, committed 1408K, reserved 1048576K
Event: 0.920 GC heap after
Heap after GC invocations=1 (full 0):
 PSYoungGen      total 17920K, used 2034K [0x00000000ec300000, 0x00000000ed700000, 0x0000000100000000)
  eden space 15360K, 0% used [0x00000000ec300000,0x00000000ec300000,0x00000000ed200000)
  from space 2560K, 79% used [0x00000000ed200000,0x00000000ed3fc8d0,0x00000000ed480000)
  to   space 2560K, 0% used [0x00000000ed480000,0x00000000ed480000,0x00000000ed700000)
 ParOldGen       total 40960K, used 8K [0x00000000c4800000, 0x00000000c7000000, 0x00000000ec300000)
  object space 40960K, 0% used [0x00000000c4800000,0x00000000c4802000,0x00000000c7000000)
 Metaspace       used 9374K, capacity 9692K, committed 10112K, reserved 1058816K
  class space    used 1211K, capacity 1302K, committed 1408K, reserved 1048576K
}
Event: 1.740 GC heap before
{Heap before GC invocations=2 (full 0):
 PSYoungGen      total 17920K, used 17394K [0x00000000ec300000, 0x00000000ed700000, 0x0000000100000000)
  eden space 15360K, 100% used [0x00000000ec300000,0x00000000ed200000,0x00000000ed200000)
  from space 2560K, 79% used [0x00000000ed200000,0x00000000ed3fc8d0,0x00000000ed480000)
  to   space 2560K, 0% used [0x00000000ed480000,0x00000000ed480000,0x00000000ed700000)
 ParOldGen       total 40960K, used 8K [0x00000000c4800000, 0x00000000c7000000, 0x00000000ec300000)
  object space 40960K, 0% used [0x00000000c4800000,0x00000000c4802000,0x00000000c7000000)
 Metaspace       used 14735K, capacity 15296K, committed 15488K, reserved 1062912K
  class space    used 2192K, capacity 2362K, committed 2432K, reserved 1048576K
Event: 1.746 GC heap after
Heap after GC invocations=2 (full 0):
 PSYoungGen      total 17920K, used 2528K [0x00000000ec300000, 0x00000000ed700000, 0x0000000100000000)
  eden space 15360K, 0% used [0x00000000ec300000,0x00000000ec300000,0x00000000ed200000)
  from space 2560K, 98% used [0x00000000ed480000,0x00000000ed6f8040,0x00000000ed700000)
  to   space 2560K, 0% used [0x00000000ed200000,0x00000000ed200000,0x00000000ed480000)
 ParOldGen       total 40960K, used 1571K [0x00000000c4800000, 0x00000000c7000000, 0x00000000ec300000)
  object space 40960K, 3% used [0x00000000c4800000,0x00000000c4988f48,0x00000000c7000000)
 Metaspace       used 14735K, capacity 15296K, committed 15488K, reserved 1062912K
  class space    used 2192K, capacity 2362K, committed 2432K, reserved 1048576K
}

Deoptimization events (10 events):
Event: 1.583 Thread 0x00000000587f3000 Uncommon trap: reason=class_check action=maybe_recompile pc=0x0000000002f50d10 method=java.io.DataInputStream.readShort()S @ 4
Event: 1.583 Thread 0x00000000587f3000 Uncommon trap: reason=class_check action=maybe_recompile pc=0x0000000002f50d10 method=java.io.DataInputStream.readShort()S @ 4
Event: 1.588 Thread 0x00000000587f3000 Uncommon trap: reason=class_check action=maybe_recompile pc=0x0000000002d82458 method=java.lang.String.equals(Ljava/lang/Object;)Z @ 8
Event: 1.588 Thread 0x00000000587f3000 Uncommon trap: reason=class_check action=maybe_recompile pc=0x0000000002d82458 method=java.lang.String.equals(Ljava/lang/Object;)Z @ 8
Event: 1.588 Thread 0x00000000587f3000 Uncommon trap: reason=class_check action=maybe_recompile pc=0x0000000002d82458 method=java.lang.String.equals(Ljava/lang/Object;)Z @ 8
Event: 1.593 Thread 0x00000000587f3000 Uncommon trap: reason=class_check action=maybe_recompile pc=0x0000000002d82458 method=java.lang.String.equals(Ljava/lang/Object;)Z @ 8
Event: 1.713 Thread 0x00000000587f3000 Uncommon trap: reason=unstable_if action=reinterpret pc=0x0000000002f88558 method=java.lang.String.regionMatches(ZILjava/lang/String;II)Z @ 123
Event: 1.772 Thread 0x00000000587f3000 Uncommon trap: reason=unstable_if action=reinterpret pc=0x0000000002efa074 method=sun.net.www.ParseUtil.encodePath(Ljava/lang/String;Z)Ljava/lang/String; @ 109
Event: 1.868 Thread 0x00000000587f3000 Uncommon trap: reason=unstable_if action=reinterpret pc=0x0000000002d7bf00 method=java.lang.CharacterData.of(I)Ljava/lang/CharacterData; @ 4
Event: 1.898 Thread 0x00000000587f3000 Uncommon trap: reason=unstable_if action=reinterpret pc=0x0000000002ef1024 method=jdk.internal.org.objectweb.asm.Type.getArgumentsAndReturnSizes(Ljava/lang/String;)I @ 47

Internal exceptions (10 events):
Event: 0.362 Thread 0x0000000058709000 Exception <a 'java/security/PrivilegedActionException'> (0x00000000ec7840b0) thrown at [C:\re\workspace\8-2-build-windows-amd64-cygwin\jdk8u60\4407\hotspot\src\share\vm\prims\jvm.cpp, line 1386]
Event: 0.364 Thread 0x0000000058709000 Exception <a 'java/security/PrivilegedActionException'> (0x00000000ec787ef8) thrown at [C:\re\workspace\8-2-build-windows-amd64-cygwin\jdk8u60\4407\hotspot\src\share\vm\prims\jvm.cpp, line 1386]
Event: 0.364 Thread 0x0000000058709000 Exception <a 'java/security/PrivilegedActionException'> (0x00000000ec788108) thrown at [C:\re\workspace\8-2-build-windows-amd64-cygwin\jdk8u60\4407\hotspot\src\share\vm\prims\jvm.cpp, line 1386]
Event: 0.364 Thread 0x0000000058709000 Exception <a 'java/lang/NullPointerException'> (0x00000000ec7886e0) thrown at [C:\re\workspace\8-2-build-windows-amd64-cygwin\jdk8u60\4407\hotspot\src\share\vm\interpreter\linkResolver.cpp, line 1178]
Event: 0.733 Thread 0x00000000587f3000 Exception <a 'java/lang/NullPointerException'> (0x00000000ecdeda70) thrown at [C:\re\workspace\8-2-build-windows-amd64-cygwin\jdk8u60\4407\hotspot\src\share\vm\interpreter\linkResolver.cpp, line 1178]
Event: 0.733 Thread 0x00000000587f3000 Exception <a 'java/lang/NullPointerException'> (0x00000000ecdeda70) thrown at [C:\re\workspace\8-2-build-windows-amd64-cygwin\jdk8u60\4407\hotspot\src\share\vm\prims\jvm.cpp, line 1390]
Event: 1.347 Thread 0x00000000587f3000 Exception <a 'java/lang/ArrayIndexOutOfBoundsException'> (0x00000000ecb733f0) thrown at [C:\re\workspace\8-2-build-windows-amd64-cygwin\jdk8u60\4407\hotspot\src\share\vm\runtime\sharedRuntime.cpp, line 605]
Event: 1.347 Thread 0x00000000587f3000 Exception <a 'java/lang/ArrayIndexOutOfBoundsException'> (0x00000000ecb740f0) thrown at [C:\re\workspace\8-2-build-windows-amd64-cygwin\jdk8u60\4407\hotspot\src\share\vm\runtime\sharedRuntime.cpp, line 605]
Event: 1.348 Thread 0x00000000587f3000 Exception <a 'java/lang/ArrayIndexOutOfBoundsException'> (0x00000000ecb75498) thrown at [C:\re\workspace\8-2-build-windows-amd64-cygwin\jdk8u60\4407\hotspot\src\share\vm\runtime\sharedRuntime.cpp, line 605]
Event: 1.445 Thread 0x00000000587f3000 Implicit null exception at 0x0000000002f7afe5 to 0x0000000002f7b1f5

Events (10 events):
Event: 2.010 loading class com/sun/prism/impl/ps/CachingShapeRepState$CacheEntry
Event: 2.010 loading class com/sun/prism/impl/ps/CachingShapeRepState$CacheEntry done
Event: 2.010 loading class com/sun/prism/impl/ps/CachingShapeRepState$CacheEntry
Event: 2.010 loading class com/sun/prism/impl/ps/CachingShapeRepState$CacheEntry done
Event: 2.010 loading class com/sun/prism/impl/ps/CachingShapeRepState$CacheEntry
Event: 2.010 loading class com/sun/prism/impl/ps/CachingShapeRepState$CacheEntry done
Event: 2.010 loading class com/sun/prism/impl/ps/CachingShapeRepState$MaskTexData
Event: 2.010 loading class com/sun/prism/impl/ps/CachingShapeRepState$MaskTexData done
Event: 2.010 loading class com/sun/prism/impl/ps/CachingShapeRepState$CSRDisposerRecord
Event: 2.010 loading class com/sun/prism/impl/ps/CachingShapeRepState$CSRDisposerRecord done


Dynamic libraries:
0x000000013f990000 - 0x000000013f9c7000 	C:\Program Files\Java\jdk1.8.0_60\bin\java.exe
0x00000000777c0000 - 0x000000007796b000 	C:\Windows\SYSTEM32\ntdll.dll
0x00000000775a0000 - 0x00000000776bf000 	C:\Windows\system32\kernel32.dll
0x000007fefd7d0000 - 0x000007fefd83b000 	C:\Windows\system32\KERNELBASE.dll
0x000007feff800000 - 0x000007feff8db000 	C:\Windows\system32\ADVAPI32.dll
0x000007fefe7d0000 - 0x000007fefe86f000 	C:\Windows\system32\msvcrt.dll
0x000007fefe3e0000 - 0x000007fefe3ff000 	C:\Windows\SYSTEM32\sechost.dll
0x000007feff980000 - 0x000007feffaae000 	C:\Windows\system32\RPCRT4.dll
0x00000000776c0000 - 0x00000000777ba000 	C:\Windows\system32\USER32.dll
0x000007fefe870000 - 0x000007fefe8d7000 	C:\Windows\system32\GDI32.dll
0x000007fefe3d0000 - 0x000007fefe3de000 	C:\Windows\system32\LPK.dll
0x000007fefe5f0000 - 0x000007fefe6ba000 	C:\Windows\system32\USP10.dll
0x000007fefbb10000 - 0x000007fefbd04000 	C:\Windows\WinSxS\amd64_microsoft.windows.common-controls_6595b64144ccf1df_6.0.7600.16385_none_fa645303170382f6\COMCTL32.dll
0x000007fefe4f0000 - 0x000007fefe561000 	C:\Windows\system32\SHLWAPI.dll
0x000007fefe6c0000 - 0x000007fefe6ee000 	C:\Windows\system32\IMM32.DLL
0x000007fefdf30000 - 0x000007fefe039000 	C:\Windows\system32\MSCTF.dll
0x000007fefd6d0000 - 0x000007fefd701000 	C:\Windows\system32\nvinitx.dll
0x000007fefd6c0000 - 0x000007fefd6cc000 	C:\Windows\system32\VERSION.dll
0x0000000073890000 - 0x0000000073896000 	C:\Program Files\NVIDIA Corporation\CoProcManager\detoured.dll
0x000007fefa290000 - 0x000007fefa2c2000 	C:\Program Files\NVIDIA Corporation\CoProcManager\nvd3d9wrapx.dll
0x000007fefdaf0000 - 0x000007fefdcc7000 	C:\Windows\system32\SETUPAPI.dll
0x000007fefda90000 - 0x000007fefdac6000 	C:\Windows\system32\CFGMGR32.dll
0x000007fefe6f0000 - 0x000007fefe7c7000 	C:\Windows\system32\OLEAUT32.dll
0x000007fefe1c0000 - 0x000007fefe3c1000 	C:\Windows\system32\ole32.dll
0x000007fefdad0000 - 0x000007fefdaea000 	C:\Windows\system32\DEVOBJ.dll
0x000007fefa260000 - 0x000007fefa282000 	C:\Program Files\NVIDIA Corporation\CoProcManager\nvdxgiwrapx.dll
0x000007fefd4b0000 - 0x000007fefd546000 	C:\Windows\system32\guard64.dll
0x0000000077980000 - 0x0000000077987000 	C:\Windows\system32\PSAPI.DLL
0x000007fefd480000 - 0x000007fefd489000 	C:\Windows\system32\fltlib.dll
0x000000006c740000 - 0x000000006c812000 	C:\Program Files\Java\jdk1.8.0_60\jre\bin\msvcr100.dll
0x0000000069250000 - 0x0000000069ad9000 	C:\Program Files\Java\jdk1.8.0_60\jre\bin\server\jvm.dll
0x000007fef6800000 - 0x000007fef6809000 	C:\Windows\system32\WSOCK32.dll
0x0000000002180000 - 0x00000000021cd000 	C:\Windows\system32\WS2_32.dll
0x000007fefe8e0000 - 0x000007fefe8e8000 	C:\Windows\system32\NSI.dll
0x000007fefc5c0000 - 0x000007fefc5fb000 	C:\Windows\system32\WINMM.dll
0x0000000074300000 - 0x000000007430f000 	C:\Program Files\Java\jdk1.8.0_60\jre\bin\verify.dll
0x0000000072150000 - 0x0000000072179000 	C:\Program Files\Java\jdk1.8.0_60\jre\bin\java.dll
0x00000000721e0000 - 0x00000000721f6000 	C:\Program Files\Java\jdk1.8.0_60\jre\bin\zip.dll
0x0000000056760000 - 0x00000000574e6000 	C:\Windows\system32\SHELL32.dll
0x000007fefd710000 - 0x000007fefd71f000 	C:\Windows\system32\profapi.dll
0x000007fefa6d0000 - 0x000007fefa6e0000 	C:\Program Files (x86)\JetBrains\IntelliJ IDEA Community Edition 2016.2.5\bin\breakgen64.dll
0x0000000072110000 - 0x000000007212a000 	C:\Program Files\Java\jdk1.8.0_60\jre\bin\net.dll
0x000007fefce80000 - 0x000007fefced4000 	C:\Windows\system32\mswsock.dll
0x000007fefce70000 - 0x000007fefce77000 	C:\Windows\System32\wship6.dll
0x000007fef28c0000 - 0x000007fef29af000 	C:\Program Files\Java\jdk1.8.0_60\jre\bin\msvcr120.dll
0x000007fef39a0000 - 0x000007fef3a46000 	C:\Program Files\Java\jdk1.8.0_60\jre\bin\msvcp120.dll
0x000000006bd40000 - 0x000000006bd63000 	C:\Program Files\Java\jdk1.8.0_60\jre\bin\prism_d3d.dll
0x000007fedf700000 - 0x000007fedf8ff000 	C:\Windows\system32\d3d9.dll
0x000007fefa6e0000 - 0x000007fefa6e7000 	C:\Windows\system32\d3d8thk.dll
0x000007fefb360000 - 0x000007fefb378000 	C:\Windows\system32\dwmapi.dll
0x000007fefda50000 - 0x000007fefda89000 	C:\Windows\system32\WINTRUST.dll
0x000007fefd8e0000 - 0x000007fefda46000 	C:\Windows\system32\CRYPT32.dll
0x00000000025d0000 - 0x00000000025df000 	C:\Windows\system32\MSASN1.dll
0x000007fefb790000 - 0x000007fefb7e6000 	C:\Windows\system32\uxtheme.dll
0x000007fef90c0000 - 0x000007fef913e000 	C:\Windows\system32\nvumdshimx.dll
0x000007fedeeb0000 - 0x000007fedf6fc000 	C:\Windows\system32\igdumdim64.dll
0x000007fef7650000 - 0x000007fef7a83000 	C:\Windows\system32\igdusc64.dll
0x000000006ac20000 - 0x000000006ac63000 	C:\Program Files\Java\jdk1.8.0_60\jre\bin\glass.dll
0x000007feff8e0000 - 0x000007feff978000 	C:\Windows\system32\COMDLG32.dll
0x000007fefd5f0000 - 0x000007fefd5ff000 	C:\Windows\system32\CRYPTBASE.dll
0x000000006e8f0000 - 0x000000006e904000 	C:\Program Files\Java\jdk1.8.0_60\jre\bin\javafx_font.dll
0x000007feded30000 - 0x000007fedeeab000 	C:\Windows\system32\dwrite.dll
0x000007fefe450000 - 0x000007fefe4e9000 	C:\Windows\system32\CLBCatQ.DLL
0x000007fefb1c0000 - 0x000007fefb2ea000 	C:\Windows\system32\WindowsCodecs.dll
0x000007fefd590000 - 0x000007fefd5e7000 	C:\Windows\system32\apphelp.dll
0x000007fef6ec0000 - 0x000007fef6ef5000 	C:\Windows\system32\EhStorShell.dll
0x000007fefb990000 - 0x000007fefbabc000 	C:\Windows\system32\PROPSYS.dll
0x000007fef6e40000 - 0x000007fef6ebe000 	C:\Windows\System32\cscui.dll
0x000007fef6e30000 - 0x000007fef6e3c000 	C:\Windows\System32\CSCDLL.dll
0x000007fef6e20000 - 0x000007fef6e2f000 	C:\Windows\system32\CSCAPI.dll
0x000007fef6da0000 - 0x000007fef6e20000 	C:\Windows\system32\ntshrui.dll
0x000007fefd0e0000 - 0x000007fefd103000 	C:\Windows\system32\srvcli.dll
0x000007fefa8d0000 - 0x000007fefa8db000 	C:\Windows\system32\slc.dll
0x000007fef4d20000 - 0x000007fef4d4d000 	C:\Program Files\Common Files\Microsoft Shared\Ink\rtscom.dll
0x000000006abe0000 - 0x000000006abf1000 	C:\Program Files\Java\jdk1.8.0_60\jre\bin\prism_common.dll
0x000007fefc600000 - 0x000007fefc725000 	C:\Windows\system32\dbghelp.dll

VM Arguments:
jvm_args: -Didea.launcher.port=7534 -Didea.launcher.bin.path=C:\Program Files (x86)\JetBrains\IntelliJ IDEA Community Edition 2016.2.5\bin -Dfile.encoding=UTF-8 
java_command: com.intellij.rt.execution.application.AppMain main.Main
java_class_path (initial): C:\Program Files\Java\jdk1.8.0_60\jre\lib\charsets.jar;C:\Program Files\Java\jdk1.8.0_60\jre\lib\deploy.jar;C:\Program Files\Java\jdk1.8.0_60\jre\lib\javaws.jar;C:\Program Files\Java\jdk1.8.0_60\jre\lib\jce.jar;C:\Program Files\Java\jdk1.8.0_60\jre\lib\jfr.jar;C:\Program Files\Java\jdk1.8.0_60\jre\lib\jfxswt.jar;C:\Program Files\Java\jdk1.8.0_60\jre\lib\jsse.jar;C:\Program Files\Java\jdk1.8.0_60\jre\lib\management-agent.jar;C:\Program Files\Java\jdk1.8.0_60\jre\lib\plugin.jar;C:\Program Files\Java\jdk1.8.0_60\jre\lib\resources.jar;C:\Program Files\Java\jdk1.8.0_60\jre\lib\rt.jar;C:\Program Files\Java\jdk1.8.0_60\jre\lib\ext\access-bridge-64.jar;C:\Program Files\Java\jdk1.8.0_60\jre\lib\ext\cldrdata.jar;C:\Program Files\Java\jdk1.8.0_60\jre\lib\ext\dnsns.jar;C:\Program Files\Java\jdk1.8.0_60\jre\lib\ext\jaccess.jar;C:\Program Files\Java\jdk1.8.0_60\jre\lib\ext\jfxrt.jar;C:\Program Files\Java\jdk1.8.0_60\jre\lib\ext\localedata.jar;C:\Program Files\Java\jdk1.8.0_60\jre\lib\ext\nashorn.jar;C:\Program Files\Java\jdk1.8.0_60\jre\lib\ext\sunec.jar;C:\Program Files\Java\jdk1.8.0_60\jre\lib\ext\sunjce_provider.jar;C:\Program Files\Java\jdk1.8.0_60\jre\lib\ext\sunmscapi.jar;C:\Program Files\Java\jdk1.8.0_60\jre\lib\ext\sunpkcs11.jar;C:\Program Files\Java\jdk1.8.0_60\jre\lib\ext\zipfs.jar;D:\Semester_5\DB\Hospital\target\classes;C:\Users\Aleksey\Downloads\jfoenix.jar;C:\Users\Aleksey\.m2\repository\org\postgresql\postgresql\9.4.1212\postgresql-9.4.1212.jar;C:\Users\Aleksey\.m2\repository\org\hibernate\hibernate-core\5.2.4.Final\hibernate-core-5.2.4.Final.jar;C:\Users\Aleksey\.m2\repository\org\jboss\logging\jboss-logging\3.3.0.Final\jboss-logging-3.3.0.Final.jar;C:\Users\Aleksey\.m2\repository\org\hibernate\javax\persistence\hibernate-jpa-2.1-api\1.0.0.Final\hibernate-jpa-2.1-api-1.0.0.Final.jar;C:\Users\Aleksey\.m2\repository\org\javassist\javassist\3.20.0-GA\javassist-3.20.0-GA.jar;C:\Users\Aleksey\.m2\repository\antlr\antlr\2.7.7\antlr-2.7.7.jar
Launcher Type: SUN_STANDARD

Environment Variables:
CLASSPATH=.;
PATH=C:\ProgramData\Oracle\Java\javapath;C:\Program Files (x86)\Intel\iCLS Client\;C:\Program Files\Intel\iCLS Client\;C:\Windows\system32;C:\Windows;C:\Windows\System32\Wbem;C:\Windows\System32\WindowsPowerShell\v1.0\;C:\Program Files\Intel\Intel(R) Management Engine Components\DAL;C:\Program Files\Intel\Intel(R) Management Engine Components\IPT;C:\Program Files (x86)\Intel\Intel(R) Management Engine Components\DAL;C:\Program Files (x86)\Intel\Intel(R) Management Engine Components\IPT;C:\Program Files (x86)\Intel\OpenCL SDK\3.0\bin\x86;C:\Program Files (x86)\Intel\OpenCL SDK\3.0\bin\x64;C:\Program Files (x86)\Microsoft SQL Server\100\Tools\Binn\;C:\Program Files\Microsoft SQL Server\100\Tools\Binn\;C:\Program Files\Microsoft SQL Server\100\DTS\Binn\;C:\Program Files (x86)\NVIDIA Corporation\PhysX\Common;C:\ANDROID STUDIO SDK\platform-tools;C:\Program Files (x86)\Skype\Phone\;C:\Program Files\Java\jdk1.8.0_60\bin;C:\Program Files (x86)\Rational\common
USERNAME=Aleksey
OS=Windows_NT
PROCESSOR_IDENTIFIER=Intel64 Family 6 Model 69 Stepping 1, GenuineIntel



---------------  S Y S T E M  ---------------

OS: Windows 7 , 64 bit Build 7600 (6.1.7600.16385)

CPU:total 4 (2 cores per cpu, 2 threads per core) family 6 model 69 stepping 1, cmov, cx8, fxsr, mmx, sse, sse2, sse3, ssse3, sse4.1, sse4.2, popcnt, aes, clmul, erms, lzcnt, ht, tsc, tscinvbit, bmi1, bmi2

Memory: 4k page, physical 3896424k(1327524k free), swap 20702464k(16723028k free)

vm_info: Java HotSpot(TM) 64-Bit Server VM (25.60-b23) for windows-amd64 JRE (1.8.0_60-b27), built on Aug  4 2015 11:06:27 by "java_re" with MS VC++ 10.0 (VS2010)

time: Thu Dec 29 21:33:13 2016
elapsed time: 2 seconds (0d 0h 0m 2s)

