#
# A fatal error has been detected by the Java Runtime Environment:
#
#  EXCEPTION_ILLEGAL_INSTRUCTION (0xc000001d) at pc=0x000007feea335c01, pid=3704, tid=5208
#
# JRE version: Java(TM) SE Runtime Environment (8.0_60-b27) (build 1.8.0_60-b27)
# Java VM: Java HotSpot(TM) 64-Bit Server VM (25.60-b23 mixed mode windows-amd64 compressed oops)
# Problematic frame:
# C  [msvcr120.dll+0x95c01]
#
# Failed to write core dump. Minidumps are not enabled by default on client versions of Windows
#
# If you would like to submit a bug report, please visit:
#   http://bugreport.java.com/bugreport/crash.jsp
# The crash happened outside the Java Virtual Machine in native code.
# See problematic frame for where to report the bug.
#

---------------  T H R E A D  ---------------

Current thread (0x0000000058704000):  JavaThread "QuantumRenderer-0" daemon [_thread_in_native, id=5208, stack(0x0000000058fb0000,0x00000000590b0000)]

siginfo: ExceptionCode=0xc000001d

Registers:
RAX=0x3f50000000000000, RBX=0x0000000000000004, RCX=0x3f507027d25b0c6e, RDX=0x7ff0000000000000
RSP=0x00000000590ac2e0, RBP=0x00000000590acb10, RSI=0x00000000590acb10, RDI=0x0000000000000004
R8 =0x8000000000000000, R9 =0x000000006e8fd1f0, R10=0x000000000000000c, R11=0x0000000000320350
R12=0x000000006e8fd1f0, R13=0x000000006e8fd050, R14=0x00000000ede07a8c, R15=0x0000000000000004
RIP=0x000007feea335c01, EFLAGS=0x0000000000010202

Top of Stack: (sp=0x00000000590ac2e0)
0x00000000590ac2e0:   000000005e5424c0 0000000000230230
0x00000000590ac2f0:   0000000000230230 00000000604a0080
0x00000000590ac300:   00000000000000a5 0000000000000010
0x00000000590ac310:   0000000000000240 0000000000230158
0x00000000590ac320:   0000000000237d30 0000000000230230
0x00000000590ac330:   0000000000000040 000000005e542480
0x00000000590ac340:   000000005e542420 00000000604a0000
0x00000000590ac350:   0001000078170005 0000000000237d30
0x00000000590ac360:   3fa037b2f616bee5 0000000000000000
0x00000000590ac370:   3e4ebb99bc000000 0000000000000000
0x00000000590ac380:   00000000000000cd 0000000000230230
0x00000000590ac390:   00000000586e3b40 000000000000000b
0x00000000590ac3a0:   0000000058704000 000000006e8f3318
0x00000000590ac3b0:   3f507027d25b0c6e 3f507027d25b0c6e
0x00000000590ac3c0:   3fa037b2f616bee5 0000000000329f10
0x00000000590ac3d0:   000000005796f808 0000000000000034 

Instructions: (pc=0x000007feea335c01)
0x000007feea335be1:   0f 10 d0 f2 0f 10 44 24 10 f2 0f 10 4c 24 20 44
0x000007feea335bf1:   8b 0d 15 26 02 00 e8 34 c7 00 00 e9 72 f8 ff ff
0x000007feea335c01:   c5 fb 11 44 24 10 c5 fb 11 4c 24 20 48 8b 54 24
0x000007feea335c11:   10 4c 8b 44 24 20 4c 8b 15 4a 26 02 00 4d 23 d0 


Register to memory mapping:

RAX=0x3f50000000000000 is an unknown value
RBX=0x0000000000000004 is an unknown value
RCX=0x3f507027d25b0c6e is an unknown value
RDX=0x7ff0000000000000 is an unknown value
RSP=0x00000000590ac2e0 is pointing into the stack for thread: 0x0000000058704000
RBP=0x00000000590acb10 is pointing into the stack for thread: 0x0000000058704000
RSI=0x00000000590acb10 is pointing into the stack for thread: 0x0000000058704000
RDI=0x0000000000000004 is an unknown value
R8 =0x8000000000000000 is an unknown value
R9 =0x000000006e8fd1f0 is an unknown value
R10=0x000000000000000c is an unknown value
R11=0x0000000000320350 is an unknown value
R12=0x000000006e8fd1f0 is an unknown value
R13=0x000000006e8fd050 is an unknown value
R14=0x00000000ede07a8c is an unknown value
R15=0x0000000000000004 is an unknown value


Stack: [0x0000000058fb0000,0x00000000590b0000],  sp=0x00000000590ac2e0,  free space=1008k
Native frames: (J=compiled Java code, j=interpreted, Vv=VM code, C=native code)
C  [msvcr120.dll+0x95c01]
C  [prism_common.dll+0x3318]
C  [prism_common.dll+0x1abc]
C  [prism_common.dll+0x1128]
C  [prism_common.dll+0x8b7e]
C  [prism_common.dll+0x669e]
C  [prism_common.dll+0x49af]
C  [prism_common.dll+0x4649]
C  0x0000000002b35854

Java frames: (J=compiled Java code, j=interpreted, Vv=VM code)
j  com.sun.prism.impl.shape.NativePiscesRasterizer.produceStrokeAlphas([F[BIFIIF[FFDDDDDD[I[B)V+0
j  com.sun.prism.impl.shape.NativePiscesRasterizer.getMaskData(Lcom/sun/javafx/geom/Shape;Lcom/sun/prism/BasicStroke;Lcom/sun/javafx/geom/RectBounds;Lcom/sun/javafx/geom/transform/BaseTransform;ZZ)Lcom/sun/prism/impl/shape/MaskData;+487
j  com.sun.prism.impl.shape.ShapeUtil.rasterizeShape(Lcom/sun/javafx/geom/Shape;Lcom/sun/prism/BasicStroke;Lcom/sun/javafx/geom/RectBounds;Lcom/sun/javafx/geom/transform/BaseTransform;ZZ)Lcom/sun/prism/impl/shape/MaskData;+11
j  com.sun.prism.impl.ps.BaseShaderGraphics.renderShape(Lcom/sun/javafx/geom/Shape;Lcom/sun/prism/BasicStroke;FFFF)V+40
j  com.sun.prism.impl.BaseGraphics.draw(Lcom/sun/javafx/geom/Shape;)V+136
j  com.sun.prism.impl.ps.CachingShapeRepState.drawNoCache(Lcom/sun/prism/Graphics;Lcom/sun/javafx/geom/Shape;)V+2
j  com.sun.prism.impl.ps.CachingShapeRepState.render(Lcom/sun/prism/Graphics;Lcom/sun/javafx/geom/Shape;Lcom/sun/javafx/geom/RectBounds;Lcom/sun/prism/BasicStroke;)V+241
j  com.sun.prism.impl.ps.CachingShapeRep.draw(Lcom/sun/prism/Graphics;Lcom/sun/javafx/geom/Shape;Lcom/sun/javafx/geom/BaseBounds;)V+31
j  com.sun.javafx.sg.prism.NGShape.renderContent2D(Lcom/sun/prism/Graphics;Z)V+144
J 1776 C1 com.sun.javafx.sg.prism.NGShape.renderContent(Lcom/sun/prism/Graphics;)V (458 bytes) @ 0x000000000308885c [0x00000000030866e0+0x217c]
J 1432 C1 com.sun.javafx.sg.prism.NGNode.doRender(Lcom/sun/prism/Graphics;)V (473 bytes) @ 0x0000000002fb7694 [0x0000000002fb5860+0x1e34]
J 1300 C1 com.sun.javafx.sg.prism.NGNode.render(Lcom/sun/prism/Graphics;)V (38 bytes) @ 0x0000000002f75874 [0x0000000002f75600+0x274]
J 1701 C1 com.sun.javafx.sg.prism.NGGroup.renderContent(Lcom/sun/prism/Graphics;)V (436 bytes) @ 0x00000000030516fc [0x00000000030503a0+0x135c]
J 1617 C1 com.sun.javafx.sg.prism.NGRegion.renderContent(Lcom/sun/prism/Graphics;)V (115 bytes) @ 0x000000000301e3dc [0x000000000301cf80+0x145c]
J 1432 C1 com.sun.javafx.sg.prism.NGNode.doRender(Lcom/sun/prism/Graphics;)V (473 bytes) @ 0x0000000002fb7694 [0x0000000002fb5860+0x1e34]
J 1300 C1 com.sun.javafx.sg.prism.NGNode.render(Lcom/sun/prism/Graphics;)V (38 bytes) @ 0x0000000002f75874 [0x0000000002f75600+0x274]
J 1701 C1 com.sun.javafx.sg.prism.NGGroup.renderContent(Lcom/sun/prism/Graphics;)V (436 bytes) @ 0x00000000030516fc [0x00000000030503a0+0x135c]
J 1617 C1 com.sun.javafx.sg.prism.NGRegion.renderContent(Lcom/sun/prism/Graphics;)V (115 bytes) @ 0x000000000301e3dc [0x000000000301cf80+0x145c]
j  com.sun.javafx.sg.prism.NodeEffectInput.getImageDataForBoundedNode(Lcom/sun/scenario/effect/FilterContext;Lcom/sun/javafx/sg/prism/NGNode;Lcom/sun/javafx/sg/prism/NodeEffectInput$RenderType;Lcom/sun/javafx/geom/transform/BaseTransform;Lcom/sun/javafx/geom/Rectangle;)Lcom/sun/scenario/effect/ImageData;+103
j  com.sun.javafx.sg.prism.NodeEffectInput.filter(Lcom/sun/scenario/effect/FilterContext;Lcom/sun/javafx/geom/transform/BaseTransform;Lcom/sun/javafx/geom/Rectangle;Ljava/lang/Object;Lcom/sun/scenario/effect/Effect;)Lcom/sun/scenario/effect/ImageData;+163
j  com.sun.scenario.effect.FilterEffect.filter(Lcom/sun/scenario/effect/FilterContext;Lcom/sun/javafx/geom/transform/BaseTransform;Lcom/sun/javafx/geom/Rectangle;Ljava/lang/Object;Lcom/sun/scenario/effect/Effect;)Lcom/sun/scenario/effect/ImageData;+111
j  com.sun.scenario.effect.Offset.filter(Lcom/sun/scenario/effect/FilterContext;Lcom/sun/javafx/geom/transform/BaseTransform;Lcom/sun/javafx/geom/Rectangle;Ljava/lang/Object;Lcom/sun/scenario/effect/Effect;)Lcom/sun/scenario/effect/ImageData;+35
j  com.sun.scenario.effect.Merge.filter(Lcom/sun/scenario/effect/FilterContext;Lcom/sun/javafx/geom/transform/BaseTransform;Lcom/sun/javafx/geom/Rectangle;Ljava/lang/Object;Lcom/sun/scenario/effect/Effect;)Lcom/sun/scenario/effect/ImageData;+27
j  com.sun.scenario.effect.DelegateEffect.filter(Lcom/sun/scenario/effect/FilterContext;Lcom/sun/javafx/geom/transform/BaseTransform;Lcom/sun/javafx/geom/Rectangle;Ljava/lang/Object;Lcom/sun/scenario/effect/Effect;)Lcom/sun/scenario/effect/ImageData;+11
j  com.sun.scenario.effect.impl.prism.PrEffectHelper.render(Lcom/sun/scenario/effect/Effect;Lcom/sun/prism/Graphics;FFLcom/sun/scenario/effect/Effect;)V+511
j  com.sun.javafx.sg.prism.EffectFilter.render(Lcom/sun/prism/Graphics;)V+13
j  com.sun.javafx.sg.prism.NGNode.renderEffect(Lcom/sun/prism/Graphics;)V+5
J 1432 C1 com.sun.javafx.sg.prism.NGNode.doRender(Lcom/sun/prism/Graphics;)V (473 bytes) @ 0x0000000002fb7764 [0x0000000002fb5860+0x1f04]
J 1300 C1 com.sun.javafx.sg.prism.NGNode.render(Lcom/sun/prism/Graphics;)V (38 bytes) @ 0x0000000002f75874 [0x0000000002f75600+0x274]
J 1701 C1 com.sun.javafx.sg.prism.NGGroup.renderContent(Lcom/sun/prism/Graphics;)V (436 bytes) @ 0x00000000030516fc [0x00000000030503a0+0x135c]
J 1617 C1 com.sun.javafx.sg.prism.NGRegion.renderContent(Lcom/sun/prism/Graphics;)V (115 bytes) @ 0x000000000301e3dc [0x000000000301cf80+0x145c]
J 1432 C1 com.sun.javafx.sg.prism.NGNode.doRender(Lcom/sun/prism/Graphics;)V (473 bytes) @ 0x0000000002fb7694 [0x0000000002fb5860+0x1e34]
J 1300 C1 com.sun.javafx.sg.prism.NGNode.render(Lcom/sun/prism/Graphics;)V (38 bytes) @ 0x0000000002f75874 [0x0000000002f75600+0x274]
j  com.sun.javafx.tk.quantum.ViewPainter.doPaint(Lcom/sun/prism/Graphics;Lcom/sun/javafx/sg/prism/NodePath;)V+201
j  com.sun.javafx.tk.quantum.ViewPainter.paintImpl(Lcom/sun/prism/Graphics;)V+982
j  com.sun.javafx.tk.quantum.PresentingPainter.run()V+326
j  java.util.concurrent.Executors$RunnableAdapter.call()Ljava/lang/Object;+4
j  java.util.concurrent.FutureTask.runAndReset()Z+47
j  com.sun.javafx.tk.RenderJob.run()V+1
j  java.util.concurrent.ThreadPoolExecutor.runWorker(Ljava/util/concurrent/ThreadPoolExecutor$Worker;)V+95
j  java.util.concurrent.ThreadPoolExecutor$Worker.run()V+5
j  com.sun.javafx.tk.quantum.QuantumRenderer$PipelineRunnable.run()V+8
j  java.lang.Thread.run()V+11
v  ~StubRoutines::call_stub

---------------  P R O C E S S  ---------------

Java Threads: ( => current thread )
  0x000000005f8cb800 JavaThread "pool-2-thread-1" [_thread_blocked, id=6020, stack(0x000000005e9e0000,0x000000005eae0000)]
  0x0000000058bbc800 JavaThread "Prism Font Disposer" daemon [_thread_blocked, id=3128, stack(0x000000005e400000,0x000000005e500000)]
  0x00000000587dc800 JavaThread "Thread-3" daemon [_thread_in_native, id=5980, stack(0x000000005b120000,0x000000005b220000)]
  0x000000005871e000 JavaThread "JavaFX Application Thread" [_thread_blocked, id=580, stack(0x00000000592a0000,0x00000000593a0000)]
  0x000000005870c000 JavaThread "Thread-2" daemon [_thread_blocked, id=1048, stack(0x00000000595a0000,0x00000000596a0000)]
=>0x0000000058704000 JavaThread "QuantumRenderer-0" daemon [_thread_in_native, id=5208, stack(0x0000000058fb0000,0x00000000590b0000)]
  0x0000000057ccd000 JavaThread "JavaFX-Launcher" [_thread_blocked, id=4592, stack(0x0000000058df0000,0x0000000058ef0000)]
  0x0000000057b7d000 JavaThread "Monitor Ctrl-Break" daemon [_thread_in_native, id=5248, stack(0x0000000058310000,0x0000000058410000)]
  0x000000005793f800 JavaThread "Service Thread" daemon [_thread_blocked, id=2232, stack(0x0000000057690000,0x0000000057790000)]
  0x00000000578d9000 JavaThread "C1 CompilerThread2" daemon [_thread_blocked, id=3320, stack(0x0000000057d00000,0x0000000057e00000)]
  0x00000000578d0800 JavaThread "C2 CompilerThread1" daemon [_thread_in_native, id=4744, stack(0x0000000057420000,0x0000000057520000)]
  0x000000005507a800 JavaThread "C2 CompilerThread0" daemon [_thread_in_native, id=1816, stack(0x00000000577d0000,0x00000000578d0000)]
  0x0000000055077000 JavaThread "Attach Listener" daemon [_thread_blocked, id=5344, stack(0x0000000057520000,0x0000000057620000)]
  0x0000000055074800 JavaThread "Signal Dispatcher" daemon [_thread_blocked, id=5684, stack(0x0000000056450000,0x0000000056550000)]
  0x0000000055013000 JavaThread "Finalizer" daemon [_thread_blocked, id=5320, stack(0x0000000056560000,0x0000000056660000)]
  0x0000000055012000 JavaThread "Reference Handler" daemon [_thread_blocked, id=5124, stack(0x00000000562e0000,0x00000000563e0000)]
  0x00000000023e8000 JavaThread "main" [_thread_blocked, id=5288, stack(0x0000000002750000,0x0000000002850000)]

Other Threads:
  0x000000005500c800 VMThread [stack: 0x0000000056130000,0x0000000056230000] [id=1364]
  0x000000005796c000 WatcherThread [stack: 0x0000000057e70000,0x0000000057f70000] [id=5868]

VM state:not at safepoint (normal execution)

VM Mutex/Monitor currently owned by a thread: None

Heap:
 PSYoungGen      total 60416K, used 28000K [0x00000000ec300000, 0x00000000f2200000, 0x0000000100000000)
  eden space 52736K, 53% used [0x00000000ec300000,0x00000000ede58160,0x00000000ef680000)
  from space 7680K, 0% used [0x00000000ef680000,0x00000000ef680000,0x00000000efe00000)
  to   space 7680K, 0% used [0x00000000f1a80000,0x00000000f1a80000,0x00000000f2200000)
 ParOldGen       total 36352K, used 12540K [0x00000000c4800000, 0x00000000c6b80000, 0x00000000ec300000)
  object space 36352K, 34% used [0x00000000c4800000,0x00000000c543f028,0x00000000c6b80000)
 Metaspace       used 37937K, capacity 38880K, committed 39336K, reserved 1083392K
  class space    used 5472K, capacity 5712K, committed 5800K, reserved 1048576K

Card table byte_map: [0x0000000011ee0000,0x00000000120c0000] byte_map_base: 0x00000000118bc000

Marking Bits: (ParMarkBitMap*) 0x0000000069a5a5b0
 Begin Bits: [0x00000000126e0000, 0x00000000135c0000)
 End Bits:   [0x00000000135c0000, 0x00000000144a0000)

Polling page: 0x00000000022e0000

CodeCache: size=245760Kb used=12319Kb max_used=12319Kb free=233440Kb
 bounds [0x0000000002b20000, 0x0000000003730000, 0x0000000011b20000]
 total_blobs=4824 nmethods=4058 adapters=677
 compilation: enabled

Compilation events (10 events):
Event: 9.801 Thread 0x00000000578d9000 nmethod 4072 0x0000000003728450 code [0x00000000037285a0, 0x0000000003728690]
Event: 9.801 Thread 0x00000000578d9000 4073       3       javafx.beans.property.IntegerPropertyBase::isBound (13 bytes)
Event: 9.802 Thread 0x00000000578d9000 nmethod 4073 0x0000000003728710 code [0x0000000003728860, 0x0000000003728a10]
Event: 9.802 Thread 0x00000000578d9000 4074       3       javafx.beans.binding.ObjectBinding::get (25 bytes)
Event: 9.802 Thread 0x00000000578d9000 nmethod 4074 0x0000000003728a90 code [0x0000000003728c00, 0x0000000003728e88]
Event: 9.802 Thread 0x00000000578d9000 4075       3       javafx.beans.property.IntegerPropertyBase::set (110 bytes)
Event: 9.806 Thread 0x00000000578d9000 nmethod 4075 0x0000000003728f10 code [0x0000000003729220, 0x000000000372aa78]
Event: 9.806 Thread 0x00000000578d9000 4076       3       javafx.collections.ListChangeBuilder$SingleChange::getFrom (12 bytes)
Event: 9.807 Thread 0x00000000578d9000 nmethod 4076 0x000000000372b390 code [0x000000000372b500, 0x000000000372b7c8]
Event: 9.807 Thread 0x00000000578d9000 4080       3       com.sun.javafx.sg.prism.NGRegion::renderBackgroundRectanglesDirectly (358 bytes)

GC Heap History (10 events):
Event: 6.266 GC heap before
{Heap before GC invocations=7 (full 1):
 PSYoungGen      total 17920K, used 15360K [0x00000000ec300000, 0x00000000eed00000, 0x0000000100000000)
  eden space 15360K, 100% used [0x00000000ec300000,0x00000000ed200000,0x00000000ed200000)
  from space 2560K, 0% used [0x00000000ed200000,0x00000000ed200000,0x00000000ed480000)
  to   space 6144K, 0% used [0x00000000ee700000,0x00000000ee700000,0x00000000eed00000)
 ParOldGen       total 28160K, used 7881K [0x00000000c4800000, 0x00000000c6380000, 0x00000000ec300000)
  object space 28160K, 27% used [0x00000000c4800000,0x00000000c4fb25b8,0x00000000c6380000)
 Metaspace       used 24258K, capacity 25038K, committed 25216K, reserved 1071104K
  class space    used 3446K, capacity 3669K, committed 3712K, reserved 1048576K
Event: 6.271 GC heap after
Heap after GC invocations=7 (full 1):
 PSYoungGen      total 33792K, used 2424K [0x00000000ec300000, 0x00000000eeb80000, 0x0000000100000000)
  eden space 29184K, 0% used [0x00000000ec300000,0x00000000ec300000,0x00000000edf80000)
  from space 4608K, 52% used [0x00000000ee700000,0x00000000ee95e3f0,0x00000000eeb80000)
  to   space 6144K, 0% used [0x00000000edf80000,0x00000000edf80000,0x00000000ee580000)
 ParOldGen       total 28160K, used 7889K [0x00000000c4800000, 0x00000000c6380000, 0x00000000ec300000)
  object space 28160K, 28% used [0x00000000c4800000,0x00000000c4fb45b8,0x00000000c6380000)
 Metaspace       used 24258K, capacity 25038K, committed 25216K, reserved 1071104K
  class space    used 3446K, capacity 3669K, committed 3712K, reserved 1048576K
}
Event: 6.992 GC heap before
{Heap before GC invocations=8 (full 1):
 PSYoungGen      total 33792K, used 31608K [0x00000000ec300000, 0x00000000eeb80000, 0x0000000100000000)
  eden space 29184K, 100% used [0x00000000ec300000,0x00000000edf80000,0x00000000edf80000)
  from space 4608K, 52% used [0x00000000ee700000,0x00000000ee95e3f0,0x00000000eeb80000)
  to   space 6144K, 0% used [0x00000000edf80000,0x00000000edf80000,0x00000000ee580000)
 ParOldGen       total 28160K, used 7889K [0x00000000c4800000, 0x00000000c6380000, 0x00000000ec300000)
  object space 28160K, 28% used [0x00000000c4800000,0x00000000c4fb45b8,0x00000000c6380000)
 Metaspace       used 26111K, capacity 26924K, committed 27264K, reserved 1073152K
  class space    used 3919K, capacity 4132K, committed 4224K, reserved 1048576K
Event: 7.000 GC heap after
Heap after GC invocations=8 (full 1):
 PSYoungGen      total 35328K, used 3472K [0x00000000ec300000, 0x00000000f0380000, 0x0000000100000000)
  eden space 29184K, 0% used [0x00000000ec300000,0x00000000ec300000,0x00000000edf80000)
  from space 6144K, 56% used [0x00000000edf80000,0x00000000ee2e4010,0x00000000ee580000)
  to   space 5632K, 0% used [0x00000000efe00000,0x00000000efe00000,0x00000000f0380000)
 ParOldGen       total 28160K, used 7897K [0x00000000c4800000, 0x00000000c6380000, 0x00000000ec300000)
  object space 28160K, 28% used [0x00000000c4800000,0x00000000c4fb65b8,0x00000000c6380000)
 Metaspace       used 26111K, capacity 26924K, committed 27264K, reserved 1073152K
  class space    used 3919K, capacity 4132K, committed 4224K, reserved 1048576K
}
Event: 8.263 GC heap before
{Heap before GC invocations=9 (full 1):
 PSYoungGen      total 35328K, used 32656K [0x00000000ec300000, 0x00000000f0380000, 0x0000000100000000)
  eden space 29184K, 100% used [0x00000000ec300000,0x00000000edf80000,0x00000000edf80000)
  from space 6144K, 56% used [0x00000000edf80000,0x00000000ee2e4010,0x00000000ee580000)
  to   space 5632K, 0% used [0x00000000efe00000,0x00000000efe00000,0x00000000f0380000)
 ParOldGen       total 28160K, used 7897K [0x00000000c4800000, 0x00000000c6380000, 0x00000000ec300000)
  object space 28160K, 28% used [0x00000000c4800000,0x00000000c4fb65b8,0x00000000c6380000)
 Metaspace       used 31699K, capacity 32568K, committed 32896K, reserved 1077248K
  class space    used 4689K, capacity 4922K, committed 4992K, reserved 1048576K
Event: 8.278 GC heap after
Heap after GC invocations=9 (full 1):
 PSYoungGen      total 58368K, used 5630K [0x00000000ec300000, 0x00000000f0680000, 0x0000000100000000)
  eden space 52736K, 0% used [0x00000000ec300000,0x00000000ec300000,0x00000000ef680000)
  from space 5632K, 99% used [0x00000000efe00000,0x00000000f037f988,0x00000000f0380000)
  to   space 7680K, 0% used [0x00000000ef680000,0x00000000ef680000,0x00000000efe00000)
 ParOldGen       total 28160K, used 10320K [0x00000000c4800000, 0x00000000c6380000, 0x00000000ec300000)
  object space 28160K, 36% used [0x00000000c4800000,0x00000000c5214178,0x00000000c6380000)
 Metaspace       used 31699K, capacity 32568K, committed 32896K, reserved 1077248K
  class space    used 4689K, capacity 4922K, committed 4992K, reserved 1048576K
}
Event: 8.585 GC heap before
{Heap before GC invocations=10 (full 1):
 PSYoungGen      total 58368K, used 21174K [0x00000000ec300000, 0x00000000f0680000, 0x0000000100000000)
  eden space 52736K, 29% used [0x00000000ec300000,0x00000000ed22e008,0x00000000ef680000)
  from space 5632K, 99% used [0x00000000efe00000,0x00000000f037f988,0x00000000f0380000)
  to   space 7680K, 0% used [0x00000000ef680000,0x00000000ef680000,0x00000000efe00000)
 ParOldGen       total 28160K, used 10320K [0x00000000c4800000, 0x00000000c6380000, 0x00000000ec300000)
  object space 28160K, 36% used [0x00000000c4800000,0x00000000c5214178,0x00000000c6380000)
 Metaspace       used 34574K, capacity 35424K, committed 35496K, reserved 1079296K
  class space    used 5036K, capacity 5276K, committed 5288K, reserved 1048576K
Event: 8.679 GC heap after
Heap after GC invocations=10 (full 1):
 PSYoungGen      total 60416K, used 5675K [0x00000000ec300000, 0x00000000f2200000, 0x0000000100000000)
  eden space 52736K, 0% used [0x00000000ec300000,0x00000000ec300000,0x00000000ef680000)
  from space 7680K, 73% used [0x00000000ef680000,0x00000000efc0ae50,0x00000000efe00000)
  to   space 7680K, 0% used [0x00000000f1a80000,0x00000000f1a80000,0x00000000f2200000)
 ParOldGen       total 28160K, used 11604K [0x00000000c4800000, 0x00000000c6380000, 0x00000000ec300000)
  object space 28160K, 41% used [0x00000000c4800000,0x00000000c5355190,0x00000000c6380000)
 Metaspace       used 34574K, capacity 35424K, committed 35496K, reserved 1079296K
  class space    used 5036K, capacity 5276K, committed 5288K, reserved 1048576K
}
Event: 8.680 GC heap before
{Heap before GC invocations=11 (full 2):
 PSYoungGen      total 60416K, used 5675K [0x00000000ec300000, 0x00000000f2200000, 0x0000000100000000)
  eden space 52736K, 0% used [0x00000000ec300000,0x00000000ec300000,0x00000000ef680000)
  from space 7680K, 73% used [0x00000000ef680000,0x00000000efc0ae50,0x00000000efe00000)
  to   space 7680K, 0% used [0x00000000f1a80000,0x00000000f1a80000,0x00000000f2200000)
 ParOldGen       total 28160K, used 11604K [0x00000000c4800000, 0x00000000c6380000, 0x00000000ec300000)
  object space 28160K, 41% used [0x00000000c4800000,0x00000000c5355190,0x00000000c6380000)
 Metaspace       used 34574K, capacity 35424K, committed 35496K, reserved 1079296K
  class space    used 5036K, capacity 5276K, committed 5288K, reserved 1048576K
Event: 8.759 GC heap after
Heap after GC invocations=11 (full 2):
 PSYoungGen      total 60416K, used 0K [0x00000000ec300000, 0x00000000f2200000, 0x0000000100000000)
  eden space 52736K, 0% used [0x00000000ec300000,0x00000000ec300000,0x00000000ef680000)
  from space 7680K, 0% used [0x00000000ef680000,0x00000000ef680000,0x00000000efe00000)
  to   space 7680K, 0% used [0x00000000f1a80000,0x00000000f1a80000,0x00000000f2200000)
 ParOldGen       total 36352K, used 12540K [0x00000000c4800000, 0x00000000c6b80000, 0x00000000ec300000)
  object space 36352K, 34% used [0x00000000c4800000,0x00000000c543f028,0x00000000c6b80000)
 Metaspace       used 34574K, capacity 35424K, committed 35496K, reserved 1079296K
  class space    used 5036K, capacity 5276K, committed 5288K, reserved 1048576K
}

Deoptimization events (10 events):
Event: 7.058 Thread 0x000000005871e000 Uncommon trap: reason=unstable_if action=reinterpret pc=0x00000000032e5ccc method=com.sun.org.apache.xerces.internal.utils.XMLLimitAnalyzer.isTracking(Ljava/lang/String;)Z @ 4
Event: 7.298 Thread 0x000000005871e000 Uncommon trap: reason=unstable_if action=reinterpret pc=0x0000000003277b20 method=java.lang.String.regionMatches(ILjava/lang/String;II)Z @ 84
Event: 7.337 Thread 0x000000005871e000 Uncommon trap: reason=unstable_if action=reinterpret pc=0x000000000357c598 method=java.lang.CharacterDataLatin1.digit(II)I @ 31
Event: 7.351 Thread 0x000000005871e000 Uncommon trap: reason=predicate action=maybe_recompile pc=0x000000000314dcb8 method=sun.net.www.ParseUtil.encodePath(Ljava/lang/String;Z)Ljava/lang/String; @ 36
Event: 7.490 Thread 0x000000005871e000 Uncommon trap: reason=unstable_if action=reinterpret pc=0x00000000031a04ec method=java.lang.CharacterDataLatin1.isWhitespace(I)Z @ 14
Event: 8.130 Thread 0x000000005871e000 Uncommon trap: reason=unstable_if action=reinterpret pc=0x0000000003185d78 method=java.io.WinNTFileSystem.normalize(Ljava/lang/String;)Ljava/lang/String; @ 128
Event: 8.302 Thread 0x000000005871e000 Uncommon trap: reason=bimorphic action=maybe_recompile pc=0x00000000031793e0 method=java.util.HashMap.putVal(ILjava/lang/Object;Ljava/lang/Object;ZZ)Ljava/lang/Object; @ 203
Event: 8.885 Thread 0x000000005871e000 Uncommon trap: reason=unstable_if action=reinterpret pc=0x0000000003594cc0 method=java.lang.ThreadLocal$ThreadLocalMap.nextIndex(II)I @ 4
Event: 9.547 Thread 0x000000005871e000 Uncommon trap: reason=bimorphic action=maybe_recompile pc=0x00000000035fcedc method=java.util.regex.Pattern$Start.match(Ljava/util/regex/Matcher;ILjava/lang/CharSequence;)Z @ 44
Event: 9.548 Thread 0x000000005871e000 Uncommon trap: reason=bimorphic action=maybe_recompile pc=0x00000000035fcedc method=java.util.regex.Pattern$Start.match(Ljava/util/regex/Matcher;ILjava/lang/CharSequence;)Z @ 44

Internal exceptions (10 events):
Event: 5.805 Thread 0x000000005871e000 Exception <a 'java/lang/ArrayIndexOutOfBoundsException': 79> (0x00000000ec322af0) thrown at [C:\re\workspace\8-2-build-windows-amd64-cygwin\jdk8u60\4407\hotspot\src\share\vm\interpreter\interpreterRuntime.cpp, line 366]
Event: 5.805 Thread 0x000000005871e000 Exception <a 'java/lang/ArrayIndexOutOfBoundsException': 38> (0x00000000ec323c10) thrown at [C:\re\workspace\8-2-build-windows-amd64-cygwin\jdk8u60\4407\hotspot\src\share\vm\interpreter\interpreterRuntime.cpp, line 366]
Event: 5.805 Thread 0x000000005871e000 Exception <a 'java/lang/ArrayIndexOutOfBoundsException': 81> (0x00000000ec324fc8) thrown at [C:\re\workspace\8-2-build-windows-amd64-cygwin\jdk8u60\4407\hotspot\src\share\vm\interpreter\interpreterRuntime.cpp, line 366]
Event: 5.805 Thread 0x000000005871e000 Exception <a 'java/lang/ArrayIndexOutOfBoundsException': 78> (0x00000000ec326340) thrown at [C:\re\workspace\8-2-build-windows-amd64-cygwin\jdk8u60\4407\hotspot\src\share\vm\interpreter\interpreterRuntime.cpp, line 366]
Event: 5.805 Thread 0x000000005871e000 Exception <a 'java/lang/ArrayIndexOutOfBoundsException': 83> (0x00000000ec3276e0) thrown at [C:\re\workspace\8-2-build-windows-amd64-cygwin\jdk8u60\4407\hotspot\src\share\vm\interpreter\interpreterRuntime.cpp, line 366]
Event: 5.886 Thread 0x000000005871e000 Implicit null exception at 0x0000000002da2f86 to 0x0000000002da32bd
Event: 5.962 Thread 0x000000005871e000 Exception <a 'java/lang/ClassNotFoundException': com/sun/org/glassfish/hk2/osgiresourcelocator/ServiceLoader> (0x00000000ec682da0) thrown at [C:\re\workspace\8-2-build-windows-amd64-cygwin\jdk8u60\4407\hotspot\src\share\vm\classfile\systemDictionary.cpp, lŒƒBäá@
Event: 5.971 Thread 0x000000005871e000 Implicit null exception at 0x0000000002d1bd46 to 0x0000000002d1c06d
Event: 6.189 Thread 0x000000005871e000 Exception <a 'java/lang/ClassNotFoundException': com/sun/org/glassfish/hk2/osgiresourcelocator/ServiceLoader> (0x00000000ecf2f2f0) thrown at [C:\re\workspace\8-2-build-windows-amd64-cygwin\jdk8u60\4407\hotspot\src\share\vm\classfile\systemDictionary.cpp, l†#ø"Ï@
Event: 7.952 Thread 0x000000005871e000 Exception <a 'java/lang/reflect/InvocationTargetException'> (0x00000000ed698698) thrown at [C:\re\workspace\8-2-build-windows-amd64-cygwin\jdk8u60\4407\hotspot\src\share\vm\runtime\reflection.cpp, line 1092]

Events (10 events):
Event: 9.643 loading class org/hibernate/internal/CoreMessageLogger_$logger_ru_RU
Event: 9.643 loading class org/hibernate/internal/CoreMessageLogger_$logger_ru_RU done
Event: 9.643 loading class org/hibernate/internal/CoreMessageLogger_$logger_ru
Event: 9.643 loading class org/hibernate/internal/CoreMessageLogger_$logger_ru done
Event: 9.712 loading class org/hibernate/type/descriptor/sql/DoubleTypeDescriptor$2
Event: 9.712 loading class org/hibernate/type/descriptor/sql/DoubleTypeDescriptor$2 done
Event: 9.742 loading class org/hibernate/Hibernate
Event: 9.742 loading class org/hibernate/Hibernate done
Event: 9.800 loading class com/jfoenix/controls/JFXRippler$$Lambda$7
Event: 9.800 loading class com/jfoenix/controls/JFXRippler$$Lambda$7 done


Dynamic libraries:
0x000000013f990000 - 0x000000013f9c7000 	C:\Program Files\Java\jdk1.8.0_60\bin\java.exe
0x00000000777c0000 - 0x000000007796b000 	C:\Windows\SYSTEM32\ntdll.dll
0x00000000775a0000 - 0x00000000776bf000 	C:\Windows\system32\kernel32.dll
0x000007fefd7d0000 - 0x000007fefd83b000 	C:\Windows\system32\KERNELBASE.dll
0x000007feff800000 - 0x000007feff8db000 	C:\Windows\system32\ADVAPI32.dll
0x000007fefe7d0000 - 0x000007fefe86f000 	C:\Windows\system32\msvcrt.dll
0x000007fefe3e0000 - 0x000007fefe3ff000 	C:\Windows\SYSTEM32\sechost.dll
0x000007feff980000 - 0x000007feffaae000 	C:\Windows\system32\RPCRT4.dll
0x00000000776c0000 - 0x00000000777ba000 	C:\Windows\system32\USER32.dll
0x000007fefe870000 - 0x000007fefe8d7000 	C:\Windows\system32\GDI32.dll
0x000007fefe3d0000 - 0x000007fefe3de000 	C:\Windows\system32\LPK.dll
0x000007fefe5f0000 - 0x000007fefe6ba000 	C:\Windows\system32\USP10.dll
0x000007fefbb10000 - 0x000007fefbd04000 	C:\Windows\WinSxS\amd64_microsoft.windows.common-controls_6595b64144ccf1df_6.0.7600.16385_none_fa645303170382f6\COMCTL32.dll
0x000007fefe4f0000 - 0x000007fefe561000 	C:\Windows\system32\SHLWAPI.dll
0x000007fefe6c0000 - 0x000007fefe6ee000 	C:\Windows\system32\IMM32.DLL
0x000007fefdf30000 - 0x000007fefe039000 	C:\Windows\system32\MSCTF.dll
0x000007fefd6d0000 - 0x000007fefd701000 	C:\Windows\system32\nvinitx.dll
0x000007fefd6c0000 - 0x000007fefd6cc000 	C:\Windows\system32\VERSION.dll
0x0000000073890000 - 0x0000000073896000 	C:\Program Files\NVIDIA Corporation\CoProcManager\detoured.dll
0x000007fefa290000 - 0x000007fefa2c2000 	C:\Program Files\NVIDIA Corporation\CoProcManager\nvd3d9wrapx.dll
0x000007fefdaf0000 - 0x000007fefdcc7000 	C:\Windows\system32\SETUPAPI.dll
0x000007fefda90000 - 0x000007fefdac6000 	C:\Windows\system32\CFGMGR32.dll
0x000007fefe6f0000 - 0x000007fefe7c7000 	C:\Windows\system32\OLEAUT32.dll
0x000007fefe1c0000 - 0x000007fefe3c1000 	C:\Windows\system32\ole32.dll
0x000007fefdad0000 - 0x000007fefdaea000 	C:\Windows\system32\DEVOBJ.dll
0x000007fefa260000 - 0x000007fefa282000 	C:\Program Files\NVIDIA Corporation\CoProcManager\nvdxgiwrapx.dll
0x000007fefd4b0000 - 0x000007fefd546000 	C:\Windows\system32\guard64.dll
0x0000000077980000 - 0x0000000077987000 	C:\Windows\system32\PSAPI.DLL
0x000007fefd480000 - 0x000007fefd489000 	C:\Windows\system32\fltlib.dll
0x000000006c740000 - 0x000000006c812000 	C:\Program Files\Java\jdk1.8.0_60\jre\bin\msvcr100.dll
0x0000000069250000 - 0x0000000069ad9000 	C:\Program Files\Java\jdk1.8.0_60\jre\bin\server\jvm.dll
0x000007fef6800000 - 0x000007fef6809000 	C:\Windows\system32\WSOCK32.dll
0x0000000002180000 - 0x00000000021cd000 	C:\Windows\system32\WS2_32.dll
0x000007fefe8e0000 - 0x000007fefe8e8000 	C:\Windows\system32\NSI.dll
0x000007fefc5c0000 - 0x000007fefc5fb000 	C:\Windows\system32\WINMM.dll
0x0000000074300000 - 0x000000007430f000 	C:\Program Files\Java\jdk1.8.0_60\jre\bin\verify.dll
0x0000000072150000 - 0x0000000072179000 	C:\Program Files\Java\jdk1.8.0_60\jre\bin\java.dll
0x00000000721e0000 - 0x00000000721f6000 	C:\Program Files\Java\jdk1.8.0_60\jre\bin\zip.dll
0x0000000056660000 - 0x00000000573e6000 	C:\Windows\system32\SHELL32.dll
0x000007fefd710000 - 0x000007fefd71f000 	C:\Windows\system32\profapi.dll
0x000007fefa4b0000 - 0x000007fefa4c0000 	C:\Program Files (x86)\JetBrains\IntelliJ IDEA Community Edition 2016.2.5\bin\breakgen64.dll
0x0000000072110000 - 0x000000007212a000 	C:\Program Files\Java\jdk1.8.0_60\jre\bin\net.dll
0x000007fefce80000 - 0x000007fefced4000 	C:\Windows\system32\mswsock.dll
0x000007fefce70000 - 0x000007fefce77000 	C:\Windows\System32\wship6.dll
0x000007feea2a0000 - 0x000007feea38f000 	C:\Program Files\Java\jdk1.8.0_60\jre\bin\msvcr120.dll
0x000007fef2f10000 - 0x000007fef2fb6000 	C:\Program Files\Java\jdk1.8.0_60\jre\bin\msvcp120.dll
0x0000000069d00000 - 0x0000000069d23000 	C:\Program Files\Java\jdk1.8.0_60\jre\bin\prism_d3d.dll
0x000007fedf500000 - 0x000007fedf6ff000 	C:\Windows\system32\d3d9.dll
0x000007fefa6c0000 - 0x000007fefa6c7000 	C:\Windows\system32\d3d8thk.dll
0x000007fefb360000 - 0x000007fefb378000 	C:\Windows\system32\dwmapi.dll
0x000007fefda50000 - 0x000007fefda89000 	C:\Windows\system32\WINTRUST.dll
0x000007fefd8e0000 - 0x000007fefda46000 	C:\Windows\system32\CRYPT32.dll
0x0000000002500000 - 0x000000000250f000 	C:\Windows\system32\MSASN1.dll
0x000007fefb790000 - 0x000007fefb7e6000 	C:\Windows\system32\uxtheme.dll
0x000007fef90c0000 - 0x000007fef913e000 	C:\Windows\system32\nvumdshimx.dll
0x000007fedecb0000 - 0x000007fedf4fc000 	C:\Windows\system32\igdumdim64.dll
0x000007fef7650000 - 0x000007fef7a83000 	C:\Windows\system32\igdusc64.dll
0x0000000069cb0000 - 0x0000000069cf3000 	C:\Program Files\Java\jdk1.8.0_60\jre\bin\glass.dll
0x000007feff8e0000 - 0x000007feff978000 	C:\Windows\system32\COMDLG32.dll
0x000007fefd5f0000 - 0x000007fefd5ff000 	C:\Windows\system32\CRYPTBASE.dll
0x0000000069d40000 - 0x0000000069d54000 	C:\Program Files\Java\jdk1.8.0_60\jre\bin\javafx_font.dll
0x000007fedf780000 - 0x000007fedf8fb000 	C:\Windows\system32\dwrite.dll
0x000007fefe450000 - 0x000007fefe4e9000 	C:\Windows\system32\CLBCatQ.DLL
0x000007fefb1c0000 - 0x000007fefb2ea000 	C:\Windows\system32\WindowsCodecs.dll
0x000007fefd590000 - 0x000007fefd5e7000 	C:\Windows\system32\apphelp.dll
0x000007fef6ec0000 - 0x000007fef6ef5000 	C:\Windows\system32\EhStorShell.dll
0x000007fefb990000 - 0x000007fefbabc000 	C:\Windows\system32\PROPSYS.dll
0x000007fef6e40000 - 0x000007fef6ebe000 	C:\Windows\System32\cscui.dll
0x000007fef6e30000 - 0x000007fef6e3c000 	C:\Windows\System32\CSCDLL.dll
0x000007fef6e20000 - 0x000007fef6e2f000 	C:\Windows\system32\CSCAPI.dll
0x000007fef6da0000 - 0x000007fef6e20000 	C:\Windows\system32\ntshrui.dll
0x000007fefd0e0000 - 0x000007fefd103000 	C:\Windows\system32\srvcli.dll
0x000007fefa8d0000 - 0x000007fefa8db000 	C:\Windows\system32\slc.dll
0x000007fef4670000 - 0x000007fef469d000 	C:\Program Files\Common Files\Microsoft Shared\Ink\rtscom.dll
0x000000006e8f0000 - 0x000000006e901000 	C:\Program Files\Java\jdk1.8.0_60\jre\bin\prism_common.dll
0x000007fefc830000 - 0x000007fefc837000 	C:\Windows\System32\wshtcpip.dll
0x000007fefcd00000 - 0x000007fefcd5b000 	C:\Windows\system32\DNSAPI.dll
0x000007fefc740000 - 0x000007fefc767000 	C:\Windows\system32\IPHLPAPI.DLL
0x000007fefc730000 - 0x000007fefc73b000 	C:\Windows\system32\WINNSI.DLL
0x000007fef8640000 - 0x000007fef8648000 	C:\Windows\system32\rasadhlp.dll
0x000007fef98e0000 - 0x000007fef9933000 	C:\Windows\System32\fwpuclnt.dll
0x000007fefcee0000 - 0x000007fefcef7000 	C:\Windows\system32\CRYPTSP.dll
0x000007fefcbe0000 - 0x000007fefcc27000 	C:\Windows\system32\rsaenh.dll
0x000007fefc960000 - 0x000007fefc97e000 	C:\Windows\system32\USERENV.dll
0x000007fef9700000 - 0x000007fef9718000 	C:\Windows\system32\dhcpcsvc.DLL
0x000007fef96e0000 - 0x000007fef96f1000 	C:\Windows\system32\dhcpcsvc6.DLL
0x0000000072130000 - 0x0000000072141000 	C:\Program Files\Java\jdk1.8.0_60\jre\bin\nio.dll
0x000007fefc600000 - 0x000007fefc725000 	C:\Windows\system32\dbghelp.dll

VM Arguments:
jvm_args: -Didea.launcher.port=7533 -Didea.launcher.bin.path=C:\Program Files (x86)\JetBrains\IntelliJ IDEA Community Edition 2016.2.5\bin -Dfile.encoding=UTF-8 
java_command: com.intellij.rt.execution.application.AppMain main.Main
java_class_path (initial): C:\Program Files\Java\jdk1.8.0_60\jre\lib\charsets.jar;C:\Program Files\Java\jdk1.8.0_60\jre\lib\deploy.jar;C:\Program Files\Java\jdk1.8.0_60\jre\lib\javaws.jar;C:\Program Files\Java\jdk1.8.0_60\jre\lib\jce.jar;C:\Program Files\Java\jdk1.8.0_60\jre\lib\jfr.jar;C:\Program Files\Java\jdk1.8.0_60\jre\lib\jfxswt.jar;C:\Program Files\Java\jdk1.8.0_60\jre\lib\jsse.jar;C:\Program Files\Java\jdk1.8.0_60\jre\lib\management-agent.jar;C:\Program Files\Java\jdk1.8.0_60\jre\lib\plugin.jar;C:\Program Files\Java\jdk1.8.0_60\jre\lib\resources.jar;C:\Program Files\Java\jdk1.8.0_60\jre\lib\rt.jar;C:\Program Files\Java\jdk1.8.0_60\jre\lib\ext\access-bridge-64.jar;C:\Program Files\Java\jdk1.8.0_60\jre\lib\ext\cldrdata.jar;C:\Program Files\Java\jdk1.8.0_60\jre\lib\ext\dnsns.jar;C:\Program Files\Java\jdk1.8.0_60\jre\lib\ext\jaccess.jar;C:\Program Files\Java\jdk1.8.0_60\jre\lib\ext\jfxrt.jar;C:\Program Files\Java\jdk1.8.0_60\jre\lib\ext\localedata.jar;C:\Program Files\Java\jdk1.8.0_60\jre\lib\ext\nashorn.jar;C:\Program Files\Java\jdk1.8.0_60\jre\lib\ext\sunec.jar;C:\Program Files\Java\jdk1.8.0_60\jre\lib\ext\sunjce_provider.jar;C:\Program Files\Java\jdk1.8.0_60\jre\lib\ext\sunmscapi.jar;C:\Program Files\Java\jdk1.8.0_60\jre\lib\ext\sunpkcs11.jar;C:\Program Files\Java\jdk1.8.0_60\jre\lib\ext\zipfs.jar;D:\Semester_5\DB\Hospital\target\classes;C:\Users\Aleksey\Downloads\jfoenix.jar;C:\Users\Aleksey\.m2\repository\org\postgresql\postgresql\9.4.1212\postgresql-9.4.1212.jar;C:\Users\Aleksey\.m2\repository\org\hibernate\hibernate-core\5.2.4.Final\hibernate-core-5.2.4.Final.jar;C:\Users\Aleksey\.m2\repository\org\jboss\logging\jboss-logging\3.3.0.Final\jboss-logging-3.3.0.Final.jar;C:\Users\Aleksey\.m2\repository\org\hibernate\javax\persistence\hibernate-jpa-2.1-api\1.0.0.Final\hibernate-jpa-2.1-api-1.0.0.Final.jar;C:\Users\Aleksey\.m2\repository\org\javassist\javassist\3.20.0-GA\javassist-3.20.0-GA.jar;C:\Users\Aleksey\.m2\repository\antlr\antlr\2.7.7\antlr-2.7.7.jar
Launcher Type: SUN_STANDARD

Environment Variables:
CLASSPATH=.;
PATH=C:\ProgramData\Oracle\Java\javapath;C:\Program Files (x86)\Intel\iCLS Client\;C:\Program Files\Intel\iCLS Client\;C:\Windows\system32;C:\Windows;C:\Windows\System32\Wbem;C:\Windows\System32\WindowsPowerShell\v1.0\;C:\Program Files\Intel\Intel(R) Management Engine Components\DAL;C:\Program Files\Intel\Intel(R) Management Engine Components\IPT;C:\Program Files (x86)\Intel\Intel(R) Management Engine Components\DAL;C:\Program Files (x86)\Intel\Intel(R) Management Engine Components\IPT;C:\Program Files (x86)\Intel\OpenCL SDK\3.0\bin\x86;C:\Program Files (x86)\Intel\OpenCL SDK\3.0\bin\x64;C:\Program Files (x86)\Microsoft SQL Server\100\Tools\Binn\;C:\Program Files\Microsoft SQL Server\100\Tools\Binn\;C:\Program Files\Microsoft SQL Server\100\DTS\Binn\;C:\Program Files (x86)\NVIDIA Corporation\PhysX\Common;C:\ANDROID STUDIO SDK\platform-tools;C:\Program Files (x86)\Skype\Phone\;C:\Program Files\Java\jdk1.8.0_60\bin;C:\Program Files (x86)\Rational\common
USERNAME=Aleksey
OS=Windows_NT
PROCESSOR_IDENTIFIER=Intel64 Family 6 Model 69 Stepping 1, GenuineIntel



---------------  S Y S T E M  ---------------

OS: Windows 7 , 64 bit Build 7600 (6.1.7600.16385)

CPU:total 4 (2 cores per cpu, 2 threads per core) family 6 model 69 stepping 1, cmov, cx8, fxsr, mmx, sse, sse2, sse3, ssse3, sse4.1, sse4.2, popcnt, aes, clmul, erms, lzcnt, ht, tsc, tscinvbit, bmi1, bmi2

Memory: 4k page, physical 3896424k(1274316k free), swap 20702464k(16643164k free)

vm_info: Java HotSpot(TM) 64-Bit Server VM (25.60-b23) for windows-amd64 JRE (1.8.0_60-b27), built on Aug  4 2015 11:06:27 by "java_re" with MS VC++ 10.0 (VS2010)

time: Thu Dec 29 21:27:56 2016
elapsed time: 9 seconds (0d 0h 0m 9s)

