#
# A fatal error has been detected by the Java Runtime Environment:
#
#  EXCEPTION_ILLEGAL_INSTRUCTION (0xc000001d) at pc=0x000007fef3ce5c01, pid=5748, tid=0x00000000000007f8
#
# JRE version: Java(TM) SE Runtime Environment (8.0_111-b14) (build 1.8.0_111-b14)
# Java VM: Java HotSpot(TM) 64-Bit Server VM (25.111-b14 mixed mode windows-amd64 compressed oops)
# Problematic frame:
# C  [msvcr120.dll+0x95c01]
#
# Failed to write core dump. Minidumps are not enabled by default on client versions of Windows
#
# If you would like to submit a bug report, please visit:
#   http://bugreport.java.com/bugreport/crash.jsp
# The crash happened outside the Java Virtual Machine in native code.
# See problematic frame for where to report the bug.
#

---------------  T H R E A D  ---------------

Current thread (0x0000000058d48000):  JavaThread "QuantumRenderer-0" daemon [_thread_in_native, id=2040, stack(0x00000000598e0000,0x00000000599e0000)]

siginfo: ExceptionCode=0xc000001d

Registers:
RAX=0x4030000000000000, RBX=0x0000000000000004, RCX=0x4030829117fd4827, RDX=0x7ff0000000000000
RSP=0x00000000599dc7f0, RBP=0x00000000599dd020, RSI=0x00000000599dd020, RDI=0x0000000000000004
R8 =0x8000000000000000, R9 =0x000000006f78d1f0, R10=0x000000000000000c, R11=0x0000000000000005
R12=0x000000006f78d1f0, R13=0x000000006f78d050, R14=0x00000000ec8efe8c, R15=0x0000000000000004
RIP=0x000007fef3ce5c01, EFLAGS=0x0000000000010202

Top of Stack: (sp=0x00000000599dc7f0)
0x00000000599dc7f0:   000000005e6fc5a8 0000000000310230
0x00000000599dc800:   0000000000310230 00000000004096a0
0x00000000599dc810:   00000000003d76d2 0000000000000010
0x00000000599dc820:   0000000000000000 0000000000310158
0x00000000599dc830:   00000000778d7288 0000000000310230
0x00000000599dc840:   0000000000000060 0000000002580000
0x00000000599dc850:   0000000000000001 0000000000310000
0x00000000599dc860:   00000000599dcb01 0000000000310230
0x00000000599dc870:   401040c571768b50 0000000000000000
0x00000000599dc880:   3f418bb14bede800 0000000000000000
0x00000000599dc890:   00000000003a6cf0 0000000000310230
0x00000000599dc8a0:   0000000058d78f00 0000000000000012
0x00000000599dc8b0:   000000006f78c3f0 000000006f783318
0x00000000599dc8c0:   4030829117fd4827 4030829117fd4827
0x00000000599dc8d0:   401040c571768b50 00000000004029c0
0x00000000599dc8e0:   0000000000000000 000000000000003b 

Instructions: (pc=0x000007fef3ce5c01)
0x000007fef3ce5be1:   0f 10 d0 f2 0f 10 44 24 10 f2 0f 10 4c 24 20 44
0x000007fef3ce5bf1:   8b 0d 15 26 02 00 e8 34 c7 00 00 e9 72 f8 ff ff
0x000007fef3ce5c01:   c5 fb 11 44 24 10 c5 fb 11 4c 24 20 48 8b 54 24
0x000007fef3ce5c11:   10 4c 8b 44 24 20 4c 8b 15 4a 26 02 00 4d 23 d0 


Register to memory mapping:

RAX=0x4030000000000000 is an unknown value
RBX=0x0000000000000004 is an unknown value
RCX=0x4030829117fd4827 is an unknown value
RDX=0x7ff0000000000000 is an unknown value
RSP=0x00000000599dc7f0 is pointing into the stack for thread: 0x0000000058d48000
RBP=0x00000000599dd020 is pointing into the stack for thread: 0x0000000058d48000
RSI=0x00000000599dd020 is pointing into the stack for thread: 0x0000000058d48000
RDI=0x0000000000000004 is an unknown value
R8 =0x8000000000000000 is an unknown value
R9 =0x000000006f78d1f0 is an unknown value
R10=0x000000000000000c is an unknown value
R11=0x0000000000000005 is an unknown value
R12=0x000000006f78d1f0 is an unknown value
R13=0x000000006f78d050 is an unknown value
R14=0x00000000ec8efe8c is an unknown value
R15=0x0000000000000004 is an unknown value


Stack: [0x00000000598e0000,0x00000000599e0000],  sp=0x00000000599dc7f0,  free space=1009k
Native frames: (J=compiled Java code, j=interpreted, Vv=VM code, C=native code)
C  [msvcr120.dll+0x95c01]
C  [prism_common.dll+0x3318]
C  [prism_common.dll+0x1abc]
C  [prism_common.dll+0x1128]
C  [prism_common.dll+0x8b7e]
C  [prism_common.dll+0x669e]
C  [prism_common.dll+0x49af]
C  [prism_common.dll+0x4649]
C  0x0000000002ba7994

Java frames: (J=compiled Java code, j=interpreted, Vv=VM code)
j  com.sun.prism.impl.shape.NativePiscesRasterizer.produceStrokeAlphas([F[BIFIIF[FFDDDDDD[I[B)V+0
j  com.sun.prism.impl.shape.NativePiscesRasterizer.getMaskData(Lcom/sun/javafx/geom/Shape;Lcom/sun/prism/BasicStroke;Lcom/sun/javafx/geom/RectBounds;Lcom/sun/javafx/geom/transform/BaseTransform;ZZ)Lcom/sun/prism/impl/shape/MaskData;+487
j  com.sun.prism.impl.shape.ShapeUtil.rasterizeShape(Lcom/sun/javafx/geom/Shape;Lcom/sun/prism/BasicStroke;Lcom/sun/javafx/geom/RectBounds;Lcom/sun/javafx/geom/transform/BaseTransform;ZZ)Lcom/sun/prism/impl/shape/MaskData;+11
j  com.sun.prism.impl.ps.BaseShaderGraphics.renderShape(Lcom/sun/javafx/geom/Shape;Lcom/sun/prism/BasicStroke;FFFF)V+40
j  com.sun.prism.impl.BaseGraphics.draw(Lcom/sun/javafx/geom/Shape;)V+136
j  com.sun.prism.impl.ps.CachingShapeRepState.drawNoCache(Lcom/sun/prism/Graphics;Lcom/sun/javafx/geom/Shape;)V+2
j  com.sun.prism.impl.ps.CachingShapeRepState.render(Lcom/sun/prism/Graphics;Lcom/sun/javafx/geom/Shape;Lcom/sun/javafx/geom/RectBounds;Lcom/sun/prism/BasicStroke;)V+241
j  com.sun.prism.impl.ps.CachingShapeRep.draw(Lcom/sun/prism/Graphics;Lcom/sun/javafx/geom/Shape;Lcom/sun/javafx/geom/BaseBounds;)V+31
j  com.sun.javafx.sg.prism.NGShape.renderContent2D(Lcom/sun/prism/Graphics;Z)V+144
j  com.sun.javafx.sg.prism.NGShape.renderContent(Lcom/sun/prism/Graphics;)V+454
j  com.sun.javafx.sg.prism.NGNode.doRender(Lcom/sun/prism/Graphics;)V+330
j  com.sun.javafx.sg.prism.NGNode.render(Lcom/sun/prism/Graphics;)V+34
j  com.sun.javafx.sg.prism.NGGroup.renderContent(Lcom/sun/prism/Graphics;)V+160
j  com.sun.javafx.sg.prism.NGRegion.renderContent(Lcom/sun/prism/Graphics;)V+111
j  com.sun.javafx.sg.prism.NGNode.doRender(Lcom/sun/prism/Graphics;)V+330
j  com.sun.javafx.sg.prism.NGNode.render(Lcom/sun/prism/Graphics;)V+34
j  com.sun.javafx.sg.prism.NGGroup.renderContent(Lcom/sun/prism/Graphics;)V+160
j  com.sun.javafx.sg.prism.NGRegion.renderContent(Lcom/sun/prism/Graphics;)V+111
j  com.sun.javafx.sg.prism.NodeEffectInput.getImageDataForBoundedNode(Lcom/sun/scenario/effect/FilterContext;Lcom/sun/javafx/sg/prism/NGNode;Lcom/sun/javafx/sg/prism/NodeEffectInput$RenderType;Lcom/sun/javafx/geom/transform/BaseTransform;Lcom/sun/javafx/geom/Rectangle;)Lcom/sun/scenario/effect/ImageData;+103
j  com.sun.javafx.sg.prism.NodeEffectInput.filter(Lcom/sun/scenario/effect/FilterContext;Lcom/sun/javafx/geom/transform/BaseTransform;Lcom/sun/javafx/geom/Rectangle;Ljava/lang/Object;Lcom/sun/scenario/effect/Effect;)Lcom/sun/scenario/effect/ImageData;+163
j  com.sun.scenario.effect.FilterEffect.filter(Lcom/sun/scenario/effect/FilterContext;Lcom/sun/javafx/geom/transform/BaseTransform;Lcom/sun/javafx/geom/Rectangle;Ljava/lang/Object;Lcom/sun/scenario/effect/Effect;)Lcom/sun/scenario/effect/ImageData;+111
j  com.sun.scenario.effect.Offset.filter(Lcom/sun/scenario/effect/FilterContext;Lcom/sun/javafx/geom/transform/BaseTransform;Lcom/sun/javafx/geom/Rectangle;Ljava/lang/Object;Lcom/sun/scenario/effect/Effect;)Lcom/sun/scenario/effect/ImageData;+35
j  com.sun.scenario.effect.Merge.filter(Lcom/sun/scenario/effect/FilterContext;Lcom/sun/javafx/geom/transform/BaseTransform;Lcom/sun/javafx/geom/Rectangle;Ljava/lang/Object;Lcom/sun/scenario/effect/Effect;)Lcom/sun/scenario/effect/ImageData;+27
j  com.sun.scenario.effect.DelegateEffect.filter(Lcom/sun/scenario/effect/FilterContext;Lcom/sun/javafx/geom/transform/BaseTransform;Lcom/sun/javafx/geom/Rectangle;Ljava/lang/Object;Lcom/sun/scenario/effect/Effect;)Lcom/sun/scenario/effect/ImageData;+11
j  com.sun.scenario.effect.impl.prism.PrEffectHelper.render(Lcom/sun/scenario/effect/Effect;Lcom/sun/prism/Graphics;FFLcom/sun/scenario/effect/Effect;)V+511
j  com.sun.javafx.sg.prism.EffectFilter.render(Lcom/sun/prism/Graphics;)V+13
j  com.sun.javafx.sg.prism.NGNode.renderEffect(Lcom/sun/prism/Graphics;)V+5
j  com.sun.javafx.sg.prism.NGNode.doRender(Lcom/sun/prism/Graphics;)V+319
j  com.sun.javafx.sg.prism.NGNode.render(Lcom/sun/prism/Graphics;)V+34
j  com.sun.javafx.sg.prism.NGGroup.renderContent(Lcom/sun/prism/Graphics;)V+160
j  com.sun.javafx.sg.prism.NGRegion.renderContent(Lcom/sun/prism/Graphics;)V+111
j  com.sun.javafx.sg.prism.NGNode.doRender(Lcom/sun/prism/Graphics;)V+330
j  com.sun.javafx.sg.prism.NGNode.render(Lcom/sun/prism/Graphics;)V+34
j  com.sun.javafx.tk.quantum.ViewPainter.doPaint(Lcom/sun/prism/Graphics;Lcom/sun/javafx/sg/prism/NodePath;)V+201
j  com.sun.javafx.tk.quantum.ViewPainter.paintImpl(Lcom/sun/prism/Graphics;)V+982
j  com.sun.javafx.tk.quantum.PresentingPainter.run()V+326
j  java.util.concurrent.Executors$RunnableAdapter.call()Ljava/lang/Object;+4
j  java.util.concurrent.FutureTask.runAndReset()Z+47
j  com.sun.javafx.tk.RenderJob.run()V+1
j  java.util.concurrent.ThreadPoolExecutor.runWorker(Ljava/util/concurrent/ThreadPoolExecutor$Worker;)V+95
j  java.util.concurrent.ThreadPoolExecutor$Worker.run()V+5
j  com.sun.javafx.tk.quantum.QuantumRenderer$PipelineRunnable.run()V+8
j  java.lang.Thread.run()V+11
v  ~StubRoutines::call_stub

---------------  P R O C E S S  ---------------

Java Threads: ( => current thread )
  0x0000000058d4b800 JavaThread "Prism Font Disposer" daemon [_thread_blocked, id=5424, stack(0x000000005ea40000,0x000000005eb40000)]
  0x0000000058d4a000 JavaThread "Thread-3" daemon [_thread_in_native, id=3532, stack(0x000000005b910000,0x000000005ba10000)]
  0x0000000058d49800 JavaThread "JavaFX Application Thread" [_thread_blocked, id=1484, stack(0x000000005a010000,0x000000005a110000)]
  0x0000000058d48800 JavaThread "Thread-2" daemon [_thread_blocked, id=6028, stack(0x0000000059df0000,0x0000000059ef0000)]
=>0x0000000058d48000 JavaThread "QuantumRenderer-0" daemon [_thread_in_native, id=2040, stack(0x00000000598e0000,0x00000000599e0000)]
  0x0000000058d47000 JavaThread "JavaFX-Launcher" [_thread_blocked, id=5908, stack(0x0000000059720000,0x0000000059820000)]
  0x00000000580ac800 JavaThread "Monitor Ctrl-Break" daemon [_thread_in_native, id=3100, stack(0x0000000058b20000,0x0000000058c20000)]
  0x0000000057dfd800 JavaThread "Service Thread" daemon [_thread_blocked, id=1436, stack(0x00000000587e0000,0x00000000588e0000)]
  0x0000000057d9b000 JavaThread "C1 CompilerThread2" daemon [_thread_blocked, id=3460, stack(0x0000000058690000,0x0000000058790000)]
  0x0000000057d9a000 JavaThread "C2 CompilerThread1" daemon [_thread_blocked, id=3548, stack(0x00000000583e0000,0x00000000584e0000)]
  0x0000000057d94800 JavaThread "C2 CompilerThread0" daemon [_thread_blocked, id=6032, stack(0x00000000581d0000,0x00000000582d0000)]
  0x0000000057d90800 JavaThread "Attach Listener" daemon [_thread_blocked, id=4156, stack(0x00000000582d0000,0x00000000583d0000)]
  0x0000000054ff4800 JavaThread "Signal Dispatcher" daemon [_thread_blocked, id=4300, stack(0x0000000056450000,0x0000000056550000)]
  0x0000000054fdb000 JavaThread "Finalizer" daemon [_thread_blocked, id=2036, stack(0x0000000056560000,0x0000000056660000)]
  0x0000000054f94000 JavaThread "Reference Handler" daemon [_thread_blocked, id=400, stack(0x0000000056340000,0x0000000056440000)]
  0x00000000023e8000 JavaThread "main" [_thread_blocked, id=5432, stack(0x00000000027c0000,0x00000000028c0000)]

Other Threads:
  0x0000000054f8c800 VMThread [stack: 0x00000000560b0000,0x00000000561b0000] [id=5928]
  0x0000000057e27800 WatcherThread [stack: 0x00000000589d0000,0x0000000058ad0000] [id=1232]

VM state:not at safepoint (normal execution)

VM Mutex/Monitor currently owned by a thread: None

Heap:
 PSYoungGen      total 17920K, used 8683K [0x00000000ec300000, 0x00000000ee600000, 0x0000000100000000)
  eden space 15360K, 40% used [0x00000000ec300000,0x00000000ec902e50,0x00000000ed200000)
  from space 2560K, 98% used [0x00000000ee380000,0x00000000ee5f8040,0x00000000ee600000)
  to   space 2560K, 0% used [0x00000000ed200000,0x00000000ed200000,0x00000000ed480000)
 ParOldGen       total 40960K, used 1563K [0x00000000c4800000, 0x00000000c7000000, 0x00000000ec300000)
  object space 40960K, 3% used [0x00000000c4800000,0x00000000c4986f48,0x00000000c7000000)
 Metaspace       used 16651K, capacity 17370K, committed 17536K, reserved 1064960K
  class space    used 2465K, capacity 2655K, committed 2688K, reserved 1048576K

Card table byte_map: [0x0000000011f50000,0x0000000012130000] byte_map_base: 0x000000001192c000

Marking Bits: (ParMarkBitMap*) 0x0000000057d0a6c0
 Begin Bits: [0x0000000012840000, 0x0000000013720000)
 End Bits:   [0x0000000013720000, 0x0000000014600000)

Polling page: 0x0000000002280000

CodeCache: size=245760Kb used=4271Kb max_used=4271Kb free=241488Kb
 bounds [0x0000000002b90000, 0x0000000002fc0000, 0x0000000011b90000]
 total_blobs=1798 nmethods=1167 adapters=544
 compilation: enabled

Compilation events (10 events):
Event: 4.219 Thread 0x0000000057d9b000 1161       3       java.nio.DirectFloatBufferU::ix (10 bytes)
Event: 4.220 Thread 0x0000000057d9b000 nmethod 1161 0x0000000002fbb6d0 code [0x0000000002fbb820, 0x0000000002fbb990]
Event: 4.227 Thread 0x0000000057d9b000 1162       3       java.lang.invoke.MethodHandleNatives::findMethodHandleType (7 bytes)
Event: 4.228 Thread 0x0000000057d9b000 nmethod 1162 0x0000000002fbc390 code [0x0000000002fbc500, 0x0000000002fbc668]
Event: 4.228 Thread 0x0000000057d9b000 1164       3       sun.misc.Unsafe::getAndAddInt (27 bytes)
Event: 4.228 Thread 0x0000000057d9b000 nmethod 1164 0x0000000002fbc710 code [0x0000000002fbc880, 0x0000000002fbca90]
Event: 4.228 Thread 0x0000000057d9b000 1166       3       java.lang.invoke.TypeConvertingMethodAdapter::descriptorToName (36 bytes)
Event: 4.229 Thread 0x0000000057d9b000 nmethod 1166 0x0000000002fbcb50 code [0x0000000002fbcd00, 0x0000000002fbd428]
Event: 4.229 Thread 0x0000000057d9b000 1167       1       java.lang.invoke.MethodHandle::internalForm (5 bytes)
Event: 4.229 Thread 0x0000000057d9b000 nmethod 1167 0x0000000002fbd6d0 code [0x0000000002fbd820, 0x0000000002fbd930]

GC Heap History (4 events):
Event: 1.902 GC heap before
{Heap before GC invocations=1 (full 0):
 PSYoungGen      total 17920K, used 15360K [0x00000000ec300000, 0x00000000ed700000, 0x0000000100000000)
  eden space 15360K, 100% used [0x00000000ec300000,0x00000000ed200000,0x00000000ed200000)
  from space 2560K, 0% used [0x00000000ed480000,0x00000000ed480000,0x00000000ed700000)
  to   space 2560K, 0% used [0x00000000ed200000,0x00000000ed200000,0x00000000ed480000)
 ParOldGen       total 40960K, used 0K [0x00000000c4800000, 0x00000000c7000000, 0x00000000ec300000)
  object space 40960K, 0% used [0x00000000c4800000,0x00000000c4800000,0x00000000c7000000)
 Metaspace       used 9403K, capacity 9720K, committed 9856K, reserved 1058816K
  class space    used 1214K, capacity 1332K, committed 1408K, reserved 1048576K
Event: 1.929 GC heap after
Heap after GC invocations=1 (full 0):
 PSYoungGen      total 17920K, used 2018K [0x00000000ec300000, 0x00000000ee600000, 0x0000000100000000)
  eden space 15360K, 0% used [0x00000000ec300000,0x00000000ec300000,0x00000000ed200000)
  from space 2560K, 78% used [0x00000000ed200000,0x00000000ed3f88e0,0x00000000ed480000)
  to   space 2560K, 0% used [0x00000000ee380000,0x00000000ee380000,0x00000000ee600000)
 ParOldGen       total 40960K, used 0K [0x00000000c4800000, 0x00000000c7000000, 0x00000000ec300000)
  object space 40960K, 0% used [0x00000000c4800000,0x00000000c4800000,0x00000000c7000000)
 Metaspace       used 9403K, capacity 9720K, committed 9856K, reserved 1058816K
  class space    used 1214K, capacity 1332K, committed 1408K, reserved 1048576K
}
Event: 3.587 GC heap before
{Heap before GC invocations=2 (full 0):
 PSYoungGen      total 17920K, used 17378K [0x00000000ec300000, 0x00000000ee600000, 0x0000000100000000)
  eden space 15360K, 100% used [0x00000000ec300000,0x00000000ed200000,0x00000000ed200000)
  from space 2560K, 78% used [0x00000000ed200000,0x00000000ed3f88e0,0x00000000ed480000)
  to   space 2560K, 0% used [0x00000000ee380000,0x00000000ee380000,0x00000000ee600000)
 ParOldGen       total 40960K, used 0K [0x00000000c4800000, 0x00000000c7000000, 0x00000000ec300000)
  object space 40960K, 0% used [0x00000000c4800000,0x00000000c4800000,0x00000000c7000000)
 Metaspace       used 14818K, capacity 15374K, committed 15488K, reserved 1062912K
  class space    used 2180K, capacity 2327K, committed 2432K, reserved 1048576K
Event: 3.595 GC heap after
Heap after GC invocations=2 (full 0):
 PSYoungGen      total 17920K, used 2528K [0x00000000ec300000, 0x00000000ee600000, 0x0000000100000000)
  eden space 15360K, 0% used [0x00000000ec300000,0x00000000ec300000,0x00000000ed200000)
  from space 2560K, 98% used [0x00000000ee380000,0x00000000ee5f8040,0x00000000ee600000)
  to   space 2560K, 0% used [0x00000000ed200000,0x00000000ed200000,0x00000000ed480000)
 ParOldGen       total 40960K, used 1563K [0x00000000c4800000, 0x00000000c7000000, 0x00000000ec300000)
  object space 40960K, 3% used [0x00000000c4800000,0x00000000c4986f48,0x00000000c7000000)
 Metaspace       used 14818K, capacity 15374K, committed 15488K, reserved 1062912K
  class space    used 2180K, capacity 2327K, committed 2432K, reserved 1048576K
}

Deoptimization events (10 events):
Event: 3.071 Thread 0x0000000058d49800 Uncommon trap: reason=class_check action=maybe_recompile pc=0x0000000002eabdd0 method=java.io.DataInputStream.readShort()S @ 4
Event: 3.071 Thread 0x0000000058d49800 Uncommon trap: reason=class_check action=maybe_recompile pc=0x0000000002eabdd0 method=java.io.DataInputStream.readShort()S @ 4
Event: 3.088 Thread 0x0000000058d49800 Uncommon trap: reason=class_check action=maybe_recompile pc=0x0000000002cb0558 method=java.lang.String.equals(Ljava/lang/Object;)Z @ 8
Event: 3.088 Thread 0x0000000058d49800 Uncommon trap: reason=class_check action=maybe_recompile pc=0x0000000002cb0558 method=java.lang.String.equals(Ljava/lang/Object;)Z @ 8
Event: 3.088 Thread 0x0000000058d49800 Uncommon trap: reason=class_check action=maybe_recompile pc=0x0000000002cb0558 method=java.lang.String.equals(Ljava/lang/Object;)Z @ 8
Event: 3.095 Thread 0x0000000058d49800 Uncommon trap: reason=class_check action=maybe_recompile pc=0x0000000002cb0558 method=java.lang.String.equals(Ljava/lang/Object;)Z @ 8
Event: 3.462 Thread 0x0000000058d49800 Uncommon trap: reason=unstable_if action=reinterpret pc=0x0000000002eda258 method=java.lang.String.regionMatches(ZILjava/lang/String;II)Z @ 123
Event: 3.740 Thread 0x0000000058d49800 Uncommon trap: reason=unstable_if action=reinterpret pc=0x0000000002e38640 method=sun.net.www.ParseUtil.encodePath(Ljava/lang/String;Z)Ljava/lang/String; @ 109
Event: 3.924 Thread 0x0000000058d49800 Uncommon trap: reason=unstable_if action=reinterpret pc=0x0000000002cb26c0 method=java.lang.CharacterData.of(I)Ljava/lang/CharacterData; @ 4
Event: 3.989 Thread 0x0000000058d49800 Uncommon trap: reason=unstable_if action=reinterpret pc=0x0000000002e3b1a4 method=jdk.internal.org.objectweb.asm.Type.getArgumentsAndReturnSizes(Ljava/lang/String;)I @ 47

Internal exceptions (10 events):
Event: 0.734 Thread 0x0000000058d47000 Exception <a 'java/security/PrivilegedActionException'> (0x00000000ec771e00) thrown at [C:\re\workspace\8-2-build-windows-amd64-cygwin\jdk8u111\7883\hotspot\src\share\vm\prims\jvm.cpp, line 1386]
Event: 0.737 Thread 0x0000000058d47000 Exception <a 'java/security/PrivilegedActionException'> (0x00000000ec775ce8) thrown at [C:\re\workspace\8-2-build-windows-amd64-cygwin\jdk8u111\7883\hotspot\src\share\vm\prims\jvm.cpp, line 1386]
Event: 0.738 Thread 0x0000000058d47000 Exception <a 'java/security/PrivilegedActionException'> (0x00000000ec775ef8) thrown at [C:\re\workspace\8-2-build-windows-amd64-cygwin\jdk8u111\7883\hotspot\src\share\vm\prims\jvm.cpp, line 1386]
Event: 0.738 Thread 0x0000000058d47000 Exception <a 'java/lang/NullPointerException'> (0x00000000ec7764d0) thrown at [C:\re\workspace\8-2-build-windows-amd64-cygwin\jdk8u111\7883\hotspot\src\share\vm\interpreter\linkResolver.cpp, line 1178]
Event: 1.439 Thread 0x0000000058d49800 Exception <a 'java/lang/NullPointerException'> (0x00000000ece19eb0) thrown at [C:\re\workspace\8-2-build-windows-amd64-cygwin\jdk8u111\7883\hotspot\src\share\vm\interpreter\linkResolver.cpp, line 1178]
Event: 1.439 Thread 0x0000000058d49800 Exception <a 'java/lang/NullPointerException'> (0x00000000ece19eb0) thrown at [C:\re\workspace\8-2-build-windows-amd64-cygwin\jdk8u111\7883\hotspot\src\share\vm\prims\jvm.cpp, line 1390]
Event: 2.761 Thread 0x0000000058d49800 Exception <a 'java/lang/ArrayIndexOutOfBoundsException'> (0x00000000ecbaacd0) thrown at [C:\re\workspace\8-2-build-windows-amd64-cygwin\jdk8u111\7883\hotspot\src\share\vm\runtime\sharedRuntime.cpp, line 605]
Event: 2.762 Thread 0x0000000058d49800 Exception <a 'java/lang/ArrayIndexOutOfBoundsException'> (0x00000000ecbab9d0) thrown at [C:\re\workspace\8-2-build-windows-amd64-cygwin\jdk8u111\7883\hotspot\src\share\vm\runtime\sharedRuntime.cpp, line 605]
Event: 2.762 Thread 0x0000000058d49800 Exception <a 'java/lang/ArrayIndexOutOfBoundsException'> (0x00000000ecbacd78) thrown at [C:\re\workspace\8-2-build-windows-amd64-cygwin\jdk8u111\7883\hotspot\src\share\vm\runtime\sharedRuntime.cpp, line 605]
Event: 2.927 Thread 0x0000000058d49800 Implicit null exception at 0x0000000002ec8fe5 to 0x0000000002ec91f5

Events (10 events):
Event: 4.227 loading class com/sun/prism/impl/ps/CachingShapeRepState$CacheEntry
Event: 4.227 loading class com/sun/prism/impl/ps/CachingShapeRepState$CacheEntry done
Event: 4.227 loading class com/sun/prism/impl/ps/CachingShapeRepState$CacheEntry
Event: 4.227 loading class com/sun/prism/impl/ps/CachingShapeRepState$CacheEntry done
Event: 4.227 loading class com/sun/prism/impl/ps/CachingShapeRepState$CacheEntry
Event: 4.227 loading class com/sun/prism/impl/ps/CachingShapeRepState$CacheEntry done
Event: 4.228 loading class com/sun/prism/impl/ps/CachingShapeRepState$MaskTexData
Event: 4.228 loading class com/sun/prism/impl/ps/CachingShapeRepState$MaskTexData done
Event: 4.229 loading class com/sun/prism/impl/ps/CachingShapeRepState$CSRDisposerRecord
Event: 4.229 loading class com/sun/prism/impl/ps/CachingShapeRepState$CSRDisposerRecord done


Dynamic libraries:
0x000000013f830000 - 0x000000013f867000 	C:\Program Files\Java\jdk1.8.0_111\bin\java.exe
0x00000000777c0000 - 0x000000007796b000 	C:\Windows\SYSTEM32\ntdll.dll
0x00000000775a0000 - 0x00000000776bf000 	C:\Windows\system32\kernel32.dll
0x000007fefd7d0000 - 0x000007fefd83b000 	C:\Windows\system32\KERNELBASE.dll
0x000007feff800000 - 0x000007feff8db000 	C:\Windows\system32\ADVAPI32.dll
0x000007fefe7d0000 - 0x000007fefe86f000 	C:\Windows\system32\msvcrt.dll
0x000007fefe3e0000 - 0x000007fefe3ff000 	C:\Windows\SYSTEM32\sechost.dll
0x000007feff980000 - 0x000007feffaae000 	C:\Windows\system32\RPCRT4.dll
0x00000000776c0000 - 0x00000000777ba000 	C:\Windows\system32\USER32.dll
0x000007fefe870000 - 0x000007fefe8d7000 	C:\Windows\system32\GDI32.dll
0x000007fefe3d0000 - 0x000007fefe3de000 	C:\Windows\system32\LPK.dll
0x000007fefe5f0000 - 0x000007fefe6ba000 	C:\Windows\system32\USP10.dll
0x000007fefbb10000 - 0x000007fefbd04000 	C:\Windows\WinSxS\amd64_microsoft.windows.common-controls_6595b64144ccf1df_6.0.7600.16385_none_fa645303170382f6\COMCTL32.dll
0x000007fefe4f0000 - 0x000007fefe561000 	C:\Windows\system32\SHLWAPI.dll
0x000007fefe6c0000 - 0x000007fefe6ee000 	C:\Windows\system32\IMM32.DLL
0x000007fefdf30000 - 0x000007fefe039000 	C:\Windows\system32\MSCTF.dll
0x000007fefd6d0000 - 0x000007fefd701000 	C:\Windows\system32\nvinitx.dll
0x000007fefd6c0000 - 0x000007fefd6cc000 	C:\Windows\system32\VERSION.dll
0x0000000073890000 - 0x0000000073896000 	C:\Program Files\NVIDIA Corporation\CoProcManager\detoured.dll
0x000007fefa290000 - 0x000007fefa2c2000 	C:\Program Files\NVIDIA Corporation\CoProcManager\nvd3d9wrapx.dll
0x000007fefdaf0000 - 0x000007fefdcc7000 	C:\Windows\system32\SETUPAPI.dll
0x000007fefda90000 - 0x000007fefdac6000 	C:\Windows\system32\CFGMGR32.dll
0x000007fefe6f0000 - 0x000007fefe7c7000 	C:\Windows\system32\OLEAUT32.dll
0x000007fefe1c0000 - 0x000007fefe3c1000 	C:\Windows\system32\ole32.dll
0x000007fefdad0000 - 0x000007fefdaea000 	C:\Windows\system32\DEVOBJ.dll
0x000007fefa260000 - 0x000007fefa282000 	C:\Program Files\NVIDIA Corporation\CoProcManager\nvdxgiwrapx.dll
0x000007fefd4b0000 - 0x000007fefd546000 	C:\Windows\system32\guard64.dll
0x0000000077980000 - 0x0000000077987000 	C:\Windows\system32\PSAPI.DLL
0x000007fefd480000 - 0x000007fefd489000 	C:\Windows\system32\fltlib.dll
0x000000006c740000 - 0x000000006c812000 	C:\Program Files\Java\jdk1.8.0_111\jre\bin\msvcr100.dll
0x00000000574f0000 - 0x0000000057d8a000 	C:\Program Files\Java\jdk1.8.0_111\jre\bin\server\jvm.dll
0x000007fef6800000 - 0x000007fef6809000 	C:\Windows\system32\WSOCK32.dll
0x00000000022d0000 - 0x000000000231d000 	C:\Windows\system32\WS2_32.dll
0x000007fefe8e0000 - 0x000007fefe8e8000 	C:\Windows\system32\NSI.dll
0x000007fefc5c0000 - 0x000007fefc5fb000 	C:\Windows\system32\WINMM.dll
0x0000000072870000 - 0x000000007287f000 	C:\Program Files\Java\jdk1.8.0_111\jre\bin\verify.dll
0x0000000072120000 - 0x0000000072149000 	C:\Program Files\Java\jdk1.8.0_111\jre\bin\java.dll
0x0000000072160000 - 0x0000000072176000 	C:\Program Files\Java\jdk1.8.0_111\jre\bin\zip.dll
0x0000000056660000 - 0x00000000573e6000 	C:\Windows\system32\SHELL32.dll
0x000007fefd710000 - 0x000007fefd71f000 	C:\Windows\system32\profapi.dll
0x000007fefa670000 - 0x000007fefa680000 	C:\Program Files (x86)\JetBrains\IntelliJ IDEA Community Edition 2016.2.5\bin\breakgen64.dll
0x00000000721e0000 - 0x00000000721fa000 	C:\Program Files\Java\jdk1.8.0_111\jre\bin\net.dll
0x000007fefce80000 - 0x000007fefced4000 	C:\Windows\system32\mswsock.dll
0x000007fefce70000 - 0x000007fefce77000 	C:\Windows\System32\wship6.dll
0x000007fef3c50000 - 0x000007fef3d3f000 	C:\Program Files\Java\jdk1.8.0_111\jre\bin\msvcr120.dll
0x000007fef2f10000 - 0x000007fef2fb6000 	C:\Program Files\Java\jdk1.8.0_111\jre\bin\msvcp120.dll
0x000000006f810000 - 0x000000006f832000 	C:\Program Files\Java\jdk1.8.0_111\jre\bin\prism_d3d.dll
0x000007fedf290000 - 0x000007fedf48f000 	C:\Windows\system32\d3d9.dll
0x000007fefa520000 - 0x000007fefa527000 	C:\Windows\system32\d3d8thk.dll
0x000007fefb360000 - 0x000007fefb378000 	C:\Windows\system32\dwmapi.dll
0x000007fefda50000 - 0x000007fefda89000 	C:\Windows\system32\WINTRUST.dll
0x000007fefd8e0000 - 0x000007fefda46000 	C:\Windows\system32\CRYPT32.dll
0x0000000002500000 - 0x000000000250f000 	C:\Windows\system32\MSASN1.dll
0x000007fefb790000 - 0x000007fefb7e6000 	C:\Windows\system32\uxtheme.dll
0x000007fef90c0000 - 0x000007fef913e000 	C:\Windows\system32\nvumdshimx.dll
0x000007fedea40000 - 0x000007fedf28c000 	C:\Windows\system32\igdumdim64.dll
0x000007fef7650000 - 0x000007fef7a83000 	C:\Windows\system32\igdusc64.dll
0x000000006f7c0000 - 0x000000006f803000 	C:\Program Files\Java\jdk1.8.0_111\jre\bin\glass.dll
0x000007feff8e0000 - 0x000007feff978000 	C:\Windows\system32\COMDLG32.dll
0x000007fefd5f0000 - 0x000007fefd5ff000 	C:\Windows\system32\CRYPTBASE.dll
0x000000006f7a0000 - 0x000000006f7b4000 	C:\Program Files\Java\jdk1.8.0_111\jre\bin\javafx_font.dll
0x000007fede8c0000 - 0x000007fedea3b000 	C:\Windows\system32\dwrite.dll
0x000007fefe450000 - 0x000007fefe4e9000 	C:\Windows\system32\CLBCatQ.DLL
0x000007fefb1c0000 - 0x000007fefb2ea000 	C:\Windows\system32\WindowsCodecs.dll
0x000007fefd590000 - 0x000007fefd5e7000 	C:\Windows\system32\apphelp.dll
0x000007fef6ec0000 - 0x000007fef6ef5000 	C:\Windows\system32\EhStorShell.dll
0x000007fefb990000 - 0x000007fefbabc000 	C:\Windows\system32\PROPSYS.dll
0x000007fef6e40000 - 0x000007fef6ebe000 	C:\Windows\System32\cscui.dll
0x000007fef6e30000 - 0x000007fef6e3c000 	C:\Windows\System32\CSCDLL.dll
0x000007fef6e20000 - 0x000007fef6e2f000 	C:\Windows\system32\CSCAPI.dll
0x000007fef6da0000 - 0x000007fef6e20000 	C:\Windows\system32\ntshrui.dll
0x000007fefd0e0000 - 0x000007fefd103000 	C:\Windows\system32\srvcli.dll
0x000007fefa8d0000 - 0x000007fefa8db000 	C:\Windows\system32\slc.dll
0x000007fef4630000 - 0x000007fef465d000 	C:\Program Files\Common Files\Microsoft Shared\Ink\rtscom.dll
0x000000006f780000 - 0x000000006f791000 	C:\Program Files\Java\jdk1.8.0_111\jre\bin\prism_common.dll
0x000007fefc600000 - 0x000007fefc725000 	C:\Windows\system32\dbghelp.dll

VM Arguments:
jvm_args: -Didea.launcher.port=7534 -Didea.launcher.bin.path=C:\Program Files (x86)\JetBrains\IntelliJ IDEA Community Edition 2016.2.5\bin -Dfile.encoding=UTF-8 
java_command: com.intellij.rt.execution.application.AppMain main.Main
java_class_path (initial): C:\Program Files\Java\jdk1.8.0_111\jre\lib\charsets.jar;C:\Program Files\Java\jdk1.8.0_111\jre\lib\deploy.jar;C:\Program Files\Java\jdk1.8.0_111\jre\lib\ext\access-bridge-64.jar;C:\Program Files\Java\jdk1.8.0_111\jre\lib\ext\cldrdata.jar;C:\Program Files\Java\jdk1.8.0_111\jre\lib\ext\dnsns.jar;C:\Program Files\Java\jdk1.8.0_111\jre\lib\ext\jaccess.jar;C:\Program Files\Java\jdk1.8.0_111\jre\lib\ext\jfxrt.jar;C:\Program Files\Java\jdk1.8.0_111\jre\lib\ext\localedata.jar;C:\Program Files\Java\jdk1.8.0_111\jre\lib\ext\nashorn.jar;C:\Program Files\Java\jdk1.8.0_111\jre\lib\ext\sunec.jar;C:\Program Files\Java\jdk1.8.0_111\jre\lib\ext\sunjce_provider.jar;C:\Program Files\Java\jdk1.8.0_111\jre\lib\ext\sunmscapi.jar;C:\Program Files\Java\jdk1.8.0_111\jre\lib\ext\sunpkcs11.jar;C:\Program Files\Java\jdk1.8.0_111\jre\lib\ext\zipfs.jar;C:\Program Files\Java\jdk1.8.0_111\jre\lib\javaws.jar;C:\Program Files\Java\jdk1.8.0_111\jre\lib\jce.jar;C:\Program Files\Java\jdk1.8.0_111\jre\lib\jfr.jar;C:\Program Files\Java\jdk1.8.0_111\jre\lib\jfxswt.jar;C:\Program Files\Java\jdk1.8.0_111\jre\lib\jsse.jar;C:\Program Files\Java\jdk1.8.0_111\jre\lib\management-agent.jar;C:\Program Files\Java\jdk1.8.0_111\jre\lib\plugin.jar;C:\Program Files\Java\jdk1.8.0_111\jre\lib\resources.jar;C:\Program Files\Java\jdk1.8.0_111\jre\lib\rt.jar;D:\Semester_5\DB\Hospital\target\classes;C:\Users\Aleksey\Downloads\jfoenix.jar;C:\Users\Aleksey\.m2\repository\org\postgresql\postgresql\9.4.1212\postgresql-9.4.1212.jar;C:\Users\Aleksey\.m2\repository\org\hibernate\hibernate-core\5.2.4.Final\hibernate-core-5.2.4.Final.jar;C:\Users\Aleksey\.m2\repository\org\jboss\logging\jboss-logging\3.3.0.Final\jboss-logging-3.3.0.Final.jar;C:\Users\Aleksey\.m2\repository\org\hibernate\javax\persistence\hibernate-jpa-2.1-api\1.0.0.Final\hibernate-jpa-2.1-api-1.0.0.Final.jar;C:\Users\Aleksey\.m2\repository\org\javassist\javassist\3.20.0-GA\javassist-3.20.0-GA.jar;C:\Users\Aleksey\.m2\repository\antlr\antl
Launcher Type: SUN_STANDARD

Environment Variables:
CLASSPATH=.;
PATH=C:\ProgramData\Oracle\Java\javapath;C:\Program Files (x86)\Intel\iCLS Client\;C:\Program Files\Intel\iCLS Client\;C:\Windows\system32;C:\Windows;C:\Windows\System32\Wbem;C:\Windows\System32\WindowsPowerShell\v1.0\;C:\Program Files\Intel\Intel(R) Management Engine Components\DAL;C:\Program Files\Intel\Intel(R) Management Engine Components\IPT;C:\Program Files (x86)\Intel\Intel(R) Management Engine Components\DAL;C:\Program Files (x86)\Intel\Intel(R) Management Engine Components\IPT;C:\Program Files (x86)\Intel\OpenCL SDK\3.0\bin\x86;C:\Program Files (x86)\Intel\OpenCL SDK\3.0\bin\x64;C:\Program Files (x86)\Microsoft SQL Server\100\Tools\Binn\;C:\Program Files\Microsoft SQL Server\100\Tools\Binn\;C:\Program Files\Microsoft SQL Server\100\DTS\Binn\;C:\Program Files (x86)\NVIDIA Corporation\PhysX\Common;C:\ANDROID STUDIO SDK\platform-tools;C:\Program Files (x86)\Skype\Phone\;C:\Program Files\Java\jdk1.8.0_60\bin;C:\Program Files (x86)\Rational\common
USERNAME=Aleksey
OS=Windows_NT
PROCESSOR_IDENTIFIER=Intel64 Family 6 Model 69 Stepping 1, GenuineIntel



---------------  S Y S T E M  ---------------

OS: Windows 7 , 64 bit Build 7600 (6.1.7600.16385)

CPU:total 4 (2 cores per cpu, 2 threads per core) family 6 model 69 stepping 1, cmov, cx8, fxsr, mmx, sse, sse2, sse3, ssse3, sse4.1, sse4.2, popcnt, aes, clmul, erms, lzcnt, ht, tsc, tscinvbit, bmi1, bmi2

Memory: 4k page, physical 3896424k(586744k free), swap 20702464k(15978856k free)

vm_info: Java HotSpot(TM) 64-Bit Server VM (25.111-b14) for windows-amd64 JRE (1.8.0_111-b14), built on Sep 22 2016 19:24:05 by "java_re" with MS VC++ 10.0 (VS2010)

time: Thu Dec 29 22:04:15 2016
elapsed time: 4 seconds (0d 0h 0m 4s)

